<!DOCTYPE html PUBLIC "-//W3C//DTD XHTML 1.1//EN" "https://www.w3.org/TR/xhtml11/DTD/xhtml11.dtd">
<html xmlns="https://www.w3.org/1999/xhtml">
<head>
<meta http-equiv="content-type" content="text/html; charset=UTF-8"/>
<title>TestNG Report</title>
<style type="text/css">table {margin-bottom:10px;border-collapse:collapse;empty-cells:show}th,td {border:1px solid #009;padding:.25em .5em}th {vertical-align:bottom}td {vertical-align:top}table a {font-weight:bold}.stripe td {background-color: #E6EBF9}.num {text-align:right}.passedodd td {background-color: #3F3}.passedeven td {background-color: #0A0}.skippedodd td {background-color: #DDD}.skippedeven td {background-color: #CCC}.failedodd td,.attn {background-color: #F33}.failedeven td,.stripe .attn {background-color: #D00}.stacktrace {white-space:pre;font-family:monospace}.totop {font-size:85%;text-align:center;border-bottom:2px solid #000}.invisible {display:none}</style>
</head>
<body>
<table>
<tr><th>Test</th><th># Passed</th><th># Skipped</th><th># Retried</th><th># Failed</th><th>Time (ms)</th><th>Included Groups</th><th>Excluded Groups</th></tr>
<tr><th colspan="8">Test Suite</th></tr>
<tr><td><a href="#t0">Dine_in</a></td><td class="num">0</td><td class="num attn">18</td><td class="num">0</td><td class="num">0</td><td class="num">169</td><td></td><td></td></tr>
</table>
<table id='summary'><thead><tr><th>Class</th><th>Method</th><th>Start</th><th>Time (ms)</th></tr></thead><tbody><tr><th colspan="4">Test Suite</th></tr></tbody><tbody id="t0"><tr><th colspan="4">Dine_in &#8212; failed (configuration methods)</th></tr><tr class="failedeven"><td rowspan="1">restaurant.Login</td><td><a href="#m0">webDriver</a></td><td rowspan="1">1615709606355</td><td rowspan="1">7173</td></tr><tr><th colspan="4">Dine_in &#8212; skipped</th></tr><tr class="skippedeven"><td rowspan="7">dine_in.Edit_Order</td><td><a href="#m1">call_waiter</a></td><td rowspan="1">1615709613691</td><td rowspan="1">0</td></tr><tr class="skippedeven"><td><a href="#m2">edit_order</a></td><td rowspan="1">1615709613668</td><td rowspan="1">0</td></tr><tr class="skippedeven"><td><a href="#m3">get_data</a></td><td rowspan="1">1615709613679</td><td rowspan="1">0</td></tr><tr class="skippedeven"><td><a href="#m4">operations_page</a></td><td rowspan="1">1615709613645</td><td rowspan="1">0</td></tr><tr class="skippedeven"><td><a href="#m5">payment</a></td><td rowspan="1">1615709613702</td><td rowspan="1">0</td></tr><tr class="skippedeven"><td><a href="#m6">payment_data</a></td><td rowspan="1">1615709613698</td><td rowspan="1">0</td></tr><tr class="skippedeven"><td><a href="#m7">status_order</a></td><td rowspan="1">1615709613660</td><td rowspan="1">0</td></tr><tr class="skippedodd"><td rowspan="4">dine_in.Requests</td><td><a href="#m8">Call_waiter</a></td><td rowspan="1">1615709613628</td><td rowspan="1">0</td></tr><tr class="skippedodd"><td><a href="#m9">Create_Order</a></td><td rowspan="1">1615709613622</td><td rowspan="1">0</td></tr><tr class="skippedodd"><td><a href="#m10">Register_Delivery</a></td><td rowspan="1">1615709613639</td><td rowspan="1">0</td></tr><tr class="skippedodd"><td><a href="#m11">payment_request</a></td><td rowspan="1">1615709613633</td><td rowspan="1">0</td></tr><tr class="skippedeven"><td rowspan="3">dine_in.Settings</td><td><a href="#m12">DineInSetting_negative_numbers</a></td><td rowspan="1">1615709613598</td><td rowspan="1">0</td></tr><tr class="skippedeven"><td><a href="#m13">DineInSetting_positive_numbers</a></td><td rowspan="1">1615709613604</td><td rowspan="1">0</td></tr><tr class="skippedeven"><td><a href="#m14">payment_methods</a></td><td rowspan="1">1615709613612</td><td rowspan="1">0</td></tr><tr class="skippedodd"><td rowspan="4">restaurant.Login</td><td><a href="#m15">empty_filds</a></td><td rowspan="1">1615709613579</td><td rowspan="1">0</td></tr><tr class="skippedodd"><td><a href="#m16">invalid_credintial</a></td><td rowspan="1">1615709613584</td><td rowspan="1">0</td></tr><tr class="skippedodd"><td><a href="#m17">login_button</a></td><td rowspan="1">1615709613568</td><td rowspan="1">0</td></tr><tr class="skippedodd"><td><a href="#m18">valid_credintial</a></td><td rowspan="1">1615709613589</td><td rowspan="1">0</td></tr></tbody>
</table>
<h2>Dine_in</h2><h3 id="m0">restaurant.Login#webDriver</h3><table class="result"><tr><th>Exception</th></tr><tr><td><div class="stacktrace">org.openqa.selenium.SessionNotCreatedException: session not created: This version of ChromeDriver only supports Chrome version 86
Current browser version is 89.0.4389.82 with binary path C:\Program Files\Google\Chrome\Application\chrome.exe
Build info: version: &apos;3.141.59&apos;, revision: &apos;e82be7d358&apos;, time: &apos;2018-11-14T08:17:03&apos;
System info: host: &apos;DESKTOP-QOP9CLH&apos;, ip: &apos;192.168.1.5&apos;, os.name: &apos;Windows 10&apos;, os.arch: &apos;amd64&apos;, os.version: &apos;10.0&apos;, java.version: &apos;14.0.2&apos;
Driver info: driver.version: ChromeDriver
remote stacktrace: Backtrace:
	Ordinal0 [0x0040C013+3194899]
	Ordinal0 [0x002F6021+2056225]
	Ordinal0 [0x0018F608+587272]
	Ordinal0 [0x00111BF3+72691]
	Ordinal0 [0x0010E229+57897]
	Ordinal0 [0x0010C64A+50762]
	Ordinal0 [0x00131EE9+204521]
	Ordinal0 [0x00131D0D+204045]
	Ordinal0 [0x0012FC1B+195611]
	Ordinal0 [0x00113B7F+80767]
	Ordinal0 [0x00114B4E+84814]
	Ordinal0 [0x00114AD9+84697]
	Ordinal0 [0x0030CE64+2149988]
	GetHandleVerifier [0x0057BE95+1400773]
	GetHandleVerifier [0x0057BB61+1399953]
	GetHandleVerifier [0x005831FA+1430314]
	GetHandleVerifier [0x0057C69F+1402831]
	Ordinal0 [0x00303D61+2112865]
	Ordinal0 [0x0030E5CB+2155979]
	Ordinal0 [0x0030E6F5+2156277]
	Ordinal0 [0x0031F26E+2224750]
	BaseThreadInitThunk [0x76AFFA29+25]
	RtlGetAppContainerNamedObjectPath [0x77AE76B4+228]
	RtlGetAppContainerNamedObjectPath [0x77AE7684+180]

	at org.openqa.selenium.remote.W3CHandshakeResponse.lambda$errorHandler$0(W3CHandshakeResponse.java:62)
	at org.openqa.selenium.remote.HandshakeResponse.lambda$getResponseFunction$0(HandshakeResponse.java:30)
	at org.openqa.selenium.remote.ProtocolHandshake.lambda$createSession$0(ProtocolHandshake.java:126)
	at java.base/java.util.stream.ReferencePipeline$3$1.accept(ReferencePipeline.java:195)
	at java.base/java.util.Spliterators$ArraySpliterator.tryAdvance(Spliterators.java:958)
	at java.base/java.util.stream.ReferencePipeline.forEachWithCancel(ReferencePipeline.java:127)
	at java.base/java.util.stream.AbstractPipeline.copyIntoWithCancel(AbstractPipeline.java:502)
	at java.base/java.util.stream.AbstractPipeline.copyInto(AbstractPipeline.java:488)
	at java.base/java.util.stream.AbstractPipeline.wrapAndCopyInto(AbstractPipeline.java:474)
	at java.base/java.util.stream.FindOps$FindOp.evaluateSequential(FindOps.java:150)
	at java.base/java.util.stream.AbstractPipeline.evaluate(AbstractPipeline.java:234)
	at java.base/java.util.stream.ReferencePipeline.findFirst(ReferencePipeline.java:543)
	at org.openqa.selenium.remote.ProtocolHandshake.createSession(ProtocolHandshake.java:128)
	at org.openqa.selenium.remote.ProtocolHandshake.createSession(ProtocolHandshake.java:74)
	at org.openqa.selenium.remote.HttpCommandExecutor.execute(HttpCommandExecutor.java:136)
	at org.openqa.selenium.remote.service.DriverCommandExecutor.execute(DriverCommandExecutor.java:83)
	at org.openqa.selenium.remote.RemoteWebDriver.execute(RemoteWebDriver.java:552)
	at org.openqa.selenium.remote.RemoteWebDriver.startSession(RemoteWebDriver.java:213)
	at org.openqa.selenium.remote.RemoteWebDriver.&lt;init&gt;(RemoteWebDriver.java:131)
	at org.openqa.selenium.chrome.ChromeDriver.&lt;init&gt;(ChromeDriver.java:181)
	at org.openqa.selenium.chrome.ChromeDriver.&lt;init&gt;(ChromeDriver.java:168)
	at org.openqa.selenium.chrome.ChromeDriver.&lt;init&gt;(ChromeDriver.java:123)
	at Core.Base.webDriver(Base.java:17)
... Removed 24 stack frames</div></td></tr></table><p class="totop"><a href="#summary">back to summary</a></p>
<h3 id="m1">dine_in.Edit_Order#call_waiter</h3><table class="result"><tr><th>Exception</th></tr><tr><td><div class="stacktrace">org.openqa.selenium.SessionNotCreatedException: session not created: This version of ChromeDriver only supports Chrome version 86
Current browser version is 89.0.4389.82 with binary path C:\Program Files\Google\Chrome\Application\chrome.exe
Build info: version: &apos;3.141.59&apos;, revision: &apos;e82be7d358&apos;, time: &apos;2018-11-14T08:17:03&apos;
System info: host: &apos;DESKTOP-QOP9CLH&apos;, ip: &apos;192.168.1.5&apos;, os.name: &apos;Windows 10&apos;, os.arch: &apos;amd64&apos;, os.version: &apos;10.0&apos;, java.version: &apos;14.0.2&apos;
Driver info: driver.version: ChromeDriver
remote stacktrace: Backtrace:
	Ordinal0 [0x0040C013+3194899]
	Ordinal0 [0x002F6021+2056225]
	Ordinal0 [0x0018F608+587272]
	Ordinal0 [0x00111BF3+72691]
	Ordinal0 [0x0010E229+57897]
	Ordinal0 [0x0010C64A+50762]
	Ordinal0 [0x00131EE9+204521]
	Ordinal0 [0x00131D0D+204045]
	Ordinal0 [0x0012FC1B+195611]
	Ordinal0 [0x00113B7F+80767]
	Ordinal0 [0x00114B4E+84814]
	Ordinal0 [0x00114AD9+84697]
	Ordinal0 [0x0030CE64+2149988]
	GetHandleVerifier [0x0057BE95+1400773]
	GetHandleVerifier [0x0057BB61+1399953]
	GetHandleVerifier [0x005831FA+1430314]
	GetHandleVerifier [0x0057C69F+1402831]
	Ordinal0 [0x00303D61+2112865]
	Ordinal0 [0x0030E5CB+2155979]
	Ordinal0 [0x0030E6F5+2156277]
	Ordinal0 [0x0031F26E+2224750]
	BaseThreadInitThunk [0x76AFFA29+25]
	RtlGetAppContainerNamedObjectPath [0x77AE76B4+228]
	RtlGetAppContainerNamedObjectPath [0x77AE7684+180]

	at org.openqa.selenium.remote.W3CHandshakeResponse.lambda$errorHandler$0(W3CHandshakeResponse.java:62)
	at org.openqa.selenium.remote.HandshakeResponse.lambda$getResponseFunction$0(HandshakeResponse.java:30)
	at org.openqa.selenium.remote.ProtocolHandshake.lambda$createSession$0(ProtocolHandshake.java:126)
	at java.base/java.util.stream.ReferencePipeline$3$1.accept(ReferencePipeline.java:195)
	at java.base/java.util.Spliterators$ArraySpliterator.tryAdvance(Spliterators.java:958)
	at java.base/java.util.stream.ReferencePipeline.forEachWithCancel(ReferencePipeline.java:127)
	at java.base/java.util.stream.AbstractPipeline.copyIntoWithCancel(AbstractPipeline.java:502)
	at java.base/java.util.stream.AbstractPipeline.copyInto(AbstractPipeline.java:488)
	at java.base/java.util.stream.AbstractPipeline.wrapAndCopyInto(AbstractPipeline.java:474)
	at java.base/java.util.stream.FindOps$FindOp.evaluateSequential(FindOps.java:150)
	at java.base/java.util.stream.AbstractPipeline.evaluate(AbstractPipeline.java:234)
	at java.base/java.util.stream.ReferencePipeline.findFirst(ReferencePipeline.java:543)
	at org.openqa.selenium.remote.ProtocolHandshake.createSession(ProtocolHandshake.java:128)
	at org.openqa.selenium.remote.ProtocolHandshake.createSession(ProtocolHandshake.java:74)
	at org.openqa.selenium.remote.HttpCommandExecutor.execute(HttpCommandExecutor.java:136)
	at org.openqa.selenium.remote.service.DriverCommandExecutor.execute(DriverCommandExecutor.java:83)
	at org.openqa.selenium.remote.RemoteWebDriver.execute(RemoteWebDriver.java:552)
	at org.openqa.selenium.remote.RemoteWebDriver.startSession(RemoteWebDriver.java:213)
	at org.openqa.selenium.remote.RemoteWebDriver.&lt;init&gt;(RemoteWebDriver.java:131)
	at org.openqa.selenium.chrome.ChromeDriver.&lt;init&gt;(ChromeDriver.java:181)
	at org.openqa.selenium.chrome.ChromeDriver.&lt;init&gt;(ChromeDriver.java:168)
	at org.openqa.selenium.chrome.ChromeDriver.&lt;init&gt;(ChromeDriver.java:123)
	at Core.Base.webDriver(Base.java:17)
... Removed 24 stack frames</div></td></tr></table><p class="totop"><a href="#summary">back to summary</a></p>
<h3 id="m2">dine_in.Edit_Order#edit_order</h3><table class="result"><tr><th>Exception</th></tr><tr><td><div class="stacktrace">org.openqa.selenium.SessionNotCreatedException: session not created: This version of ChromeDriver only supports Chrome version 86
Current browser version is 89.0.4389.82 with binary path C:\Program Files\Google\Chrome\Application\chrome.exe
Build info: version: &apos;3.141.59&apos;, revision: &apos;e82be7d358&apos;, time: &apos;2018-11-14T08:17:03&apos;
System info: host: &apos;DESKTOP-QOP9CLH&apos;, ip: &apos;192.168.1.5&apos;, os.name: &apos;Windows 10&apos;, os.arch: &apos;amd64&apos;, os.version: &apos;10.0&apos;, java.version: &apos;14.0.2&apos;
Driver info: driver.version: ChromeDriver
remote stacktrace: Backtrace:
	Ordinal0 [0x0040C013+3194899]
	Ordinal0 [0x002F6021+2056225]
	Ordinal0 [0x0018F608+587272]
	Ordinal0 [0x00111BF3+72691]
	Ordinal0 [0x0010E229+57897]
	Ordinal0 [0x0010C64A+50762]
	Ordinal0 [0x00131EE9+204521]
	Ordinal0 [0x00131D0D+204045]
	Ordinal0 [0x0012FC1B+195611]
	Ordinal0 [0x00113B7F+80767]
	Ordinal0 [0x00114B4E+84814]
	Ordinal0 [0x00114AD9+84697]
	Ordinal0 [0x0030CE64+2149988]
	GetHandleVerifier [0x0057BE95+1400773]
	GetHandleVerifier [0x0057BB61+1399953]
	GetHandleVerifier [0x005831FA+1430314]
	GetHandleVerifier [0x0057C69F+1402831]
	Ordinal0 [0x00303D61+2112865]
	Ordinal0 [0x0030E5CB+2155979]
	Ordinal0 [0x0030E6F5+2156277]
	Ordinal0 [0x0031F26E+2224750]
	BaseThreadInitThunk [0x76AFFA29+25]
	RtlGetAppContainerNamedObjectPath [0x77AE76B4+228]
	RtlGetAppContainerNamedObjectPath [0x77AE7684+180]

	at org.openqa.selenium.remote.W3CHandshakeResponse.lambda$errorHandler$0(W3CHandshakeResponse.java:62)
	at org.openqa.selenium.remote.HandshakeResponse.lambda$getResponseFunction$0(HandshakeResponse.java:30)
	at org.openqa.selenium.remote.ProtocolHandshake.lambda$createSession$0(ProtocolHandshake.java:126)
	at java.base/java.util.stream.ReferencePipeline$3$1.accept(ReferencePipeline.java:195)
	at java.base/java.util.Spliterators$ArraySpliterator.tryAdvance(Spliterators.java:958)
	at java.base/java.util.stream.ReferencePipeline.forEachWithCancel(ReferencePipeline.java:127)
	at java.base/java.util.stream.AbstractPipeline.copyIntoWithCancel(AbstractPipeline.java:502)
	at java.base/java.util.stream.AbstractPipeline.copyInto(AbstractPipeline.java:488)
	at java.base/java.util.stream.AbstractPipeline.wrapAndCopyInto(AbstractPipeline.java:474)
	at java.base/java.util.stream.FindOps$FindOp.evaluateSequential(FindOps.java:150)
	at java.base/java.util.stream.AbstractPipeline.evaluate(AbstractPipeline.java:234)
	at java.base/java.util.stream.ReferencePipeline.findFirst(ReferencePipeline.java:543)
	at org.openqa.selenium.remote.ProtocolHandshake.createSession(ProtocolHandshake.java:128)
	at org.openqa.selenium.remote.ProtocolHandshake.createSession(ProtocolHandshake.java:74)
	at org.openqa.selenium.remote.HttpCommandExecutor.execute(HttpCommandExecutor.java:136)
	at org.openqa.selenium.remote.service.DriverCommandExecutor.execute(DriverCommandExecutor.java:83)
	at org.openqa.selenium.remote.RemoteWebDriver.execute(RemoteWebDriver.java:552)
	at org.openqa.selenium.remote.RemoteWebDriver.startSession(RemoteWebDriver.java:213)
	at org.openqa.selenium.remote.RemoteWebDriver.&lt;init&gt;(RemoteWebDriver.java:131)
	at org.openqa.selenium.chrome.ChromeDriver.&lt;init&gt;(ChromeDriver.java:181)
	at org.openqa.selenium.chrome.ChromeDriver.&lt;init&gt;(ChromeDriver.java:168)
	at org.openqa.selenium.chrome.ChromeDriver.&lt;init&gt;(ChromeDriver.java:123)
	at Core.Base.webDriver(Base.java:17)
... Removed 24 stack frames</div></td></tr></table><p class="totop"><a href="#summary">back to summary</a></p>
<h3 id="m3">dine_in.Edit_Order#get_data</h3><table class="result"><tr><th>Exception</th></tr><tr><td><div class="stacktrace">org.openqa.selenium.SessionNotCreatedException: session not created: This version of ChromeDriver only supports Chrome version 86
Current browser version is 89.0.4389.82 with binary path C:\Program Files\Google\Chrome\Application\chrome.exe
Build info: version: &apos;3.141.59&apos;, revision: &apos;e82be7d358&apos;, time: &apos;2018-11-14T08:17:03&apos;
System info: host: &apos;DESKTOP-QOP9CLH&apos;, ip: &apos;192.168.1.5&apos;, os.name: &apos;Windows 10&apos;, os.arch: &apos;amd64&apos;, os.version: &apos;10.0&apos;, java.version: &apos;14.0.2&apos;
Driver info: driver.version: ChromeDriver
remote stacktrace: Backtrace:
	Ordinal0 [0x0040C013+3194899]
	Ordinal0 [0x002F6021+2056225]
	Ordinal0 [0x0018F608+587272]
	Ordinal0 [0x00111BF3+72691]
	Ordinal0 [0x0010E229+57897]
	Ordinal0 [0x0010C64A+50762]
	Ordinal0 [0x00131EE9+204521]
	Ordinal0 [0x00131D0D+204045]
	Ordinal0 [0x0012FC1B+195611]
	Ordinal0 [0x00113B7F+80767]
	Ordinal0 [0x00114B4E+84814]
	Ordinal0 [0x00114AD9+84697]
	Ordinal0 [0x0030CE64+2149988]
	GetHandleVerifier [0x0057BE95+1400773]
	GetHandleVerifier [0x0057BB61+1399953]
	GetHandleVerifier [0x005831FA+1430314]
	GetHandleVerifier [0x0057C69F+1402831]
	Ordinal0 [0x00303D61+2112865]
	Ordinal0 [0x0030E5CB+2155979]
	Ordinal0 [0x0030E6F5+2156277]
	Ordinal0 [0x0031F26E+2224750]
	BaseThreadInitThunk [0x76AFFA29+25]
	RtlGetAppContainerNamedObjectPath [0x77AE76B4+228]
	RtlGetAppContainerNamedObjectPath [0x77AE7684+180]

	at org.openqa.selenium.remote.W3CHandshakeResponse.lambda$errorHandler$0(W3CHandshakeResponse.java:62)
	at org.openqa.selenium.remote.HandshakeResponse.lambda$getResponseFunction$0(HandshakeResponse.java:30)
	at org.openqa.selenium.remote.ProtocolHandshake.lambda$createSession$0(ProtocolHandshake.java:126)
	at java.base/java.util.stream.ReferencePipeline$3$1.accept(ReferencePipeline.java:195)
	at java.base/java.util.Spliterators$ArraySpliterator.tryAdvance(Spliterators.java:958)
	at java.base/java.util.stream.ReferencePipeline.forEachWithCancel(ReferencePipeline.java:127)
	at java.base/java.util.stream.AbstractPipeline.copyIntoWithCancel(AbstractPipeline.java:502)
	at java.base/java.util.stream.AbstractPipeline.copyInto(AbstractPipeline.java:488)
	at java.base/java.util.stream.AbstractPipeline.wrapAndCopyInto(AbstractPipeline.java:474)
	at java.base/java.util.stream.FindOps$FindOp.evaluateSequential(FindOps.java:150)
	at java.base/java.util.stream.AbstractPipeline.evaluate(AbstractPipeline.java:234)
	at java.base/java.util.stream.ReferencePipeline.findFirst(ReferencePipeline.java:543)
	at org.openqa.selenium.remote.ProtocolHandshake.createSession(ProtocolHandshake.java:128)
	at org.openqa.selenium.remote.ProtocolHandshake.createSession(ProtocolHandshake.java:74)
	at org.openqa.selenium.remote.HttpCommandExecutor.execute(HttpCommandExecutor.java:136)
	at org.openqa.selenium.remote.service.DriverCommandExecutor.execute(DriverCommandExecutor.java:83)
	at org.openqa.selenium.remote.RemoteWebDriver.execute(RemoteWebDriver.java:552)
	at org.openqa.selenium.remote.RemoteWebDriver.startSession(RemoteWebDriver.java:213)
	at org.openqa.selenium.remote.RemoteWebDriver.&lt;init&gt;(RemoteWebDriver.java:131)
	at org.openqa.selenium.chrome.ChromeDriver.&lt;init&gt;(ChromeDriver.java:181)
	at org.openqa.selenium.chrome.ChromeDriver.&lt;init&gt;(ChromeDriver.java:168)
	at org.openqa.selenium.chrome.ChromeDriver.&lt;init&gt;(ChromeDriver.java:123)
	at Core.Base.webDriver(Base.java:17)
... Removed 24 stack frames</div></td></tr></table><p class="totop"><a href="#summary">back to summary</a></p>
<h3 id="m4">dine_in.Edit_Order#operations_page</h3><table class="result"><tr><th>Exception</th></tr><tr><td><div class="stacktrace">org.openqa.selenium.SessionNotCreatedException: session not created: This version of ChromeDriver only supports Chrome version 86
Current browser version is 89.0.4389.82 with binary path C:\Program Files\Google\Chrome\Application\chrome.exe
Build info: version: &apos;3.141.59&apos;, revision: &apos;e82be7d358&apos;, time: &apos;2018-11-14T08:17:03&apos;
System info: host: &apos;DESKTOP-QOP9CLH&apos;, ip: &apos;192.168.1.5&apos;, os.name: &apos;Windows 10&apos;, os.arch: &apos;amd64&apos;, os.version: &apos;10.0&apos;, java.version: &apos;14.0.2&apos;
Driver info: driver.version: ChromeDriver
remote stacktrace: Backtrace:
	Ordinal0 [0x0040C013+3194899]
	Ordinal0 [0x002F6021+2056225]
	Ordinal0 [0x0018F608+587272]
	Ordinal0 [0x00111BF3+72691]
	Ordinal0 [0x0010E229+57897]
	Ordinal0 [0x0010C64A+50762]
	Ordinal0 [0x00131EE9+204521]
	Ordinal0 [0x00131D0D+204045]
	Ordinal0 [0x0012FC1B+195611]
	Ordinal0 [0x00113B7F+80767]
	Ordinal0 [0x00114B4E+84814]
	Ordinal0 [0x00114AD9+84697]
	Ordinal0 [0x0030CE64+2149988]
	GetHandleVerifier [0x0057BE95+1400773]
	GetHandleVerifier [0x0057BB61+1399953]
	GetHandleVerifier [0x005831FA+1430314]
	GetHandleVerifier [0x0057C69F+1402831]
	Ordinal0 [0x00303D61+2112865]
	Ordinal0 [0x0030E5CB+2155979]
	Ordinal0 [0x0030E6F5+2156277]
	Ordinal0 [0x0031F26E+2224750]
	BaseThreadInitThunk [0x76AFFA29+25]
	RtlGetAppContainerNamedObjectPath [0x77AE76B4+228]
	RtlGetAppContainerNamedObjectPath [0x77AE7684+180]

	at org.openqa.selenium.remote.W3CHandshakeResponse.lambda$errorHandler$0(W3CHandshakeResponse.java:62)
	at org.openqa.selenium.remote.HandshakeResponse.lambda$getResponseFunction$0(HandshakeResponse.java:30)
	at org.openqa.selenium.remote.ProtocolHandshake.lambda$createSession$0(ProtocolHandshake.java:126)
	at java.base/java.util.stream.ReferencePipeline$3$1.accept(ReferencePipeline.java:195)
	at java.base/java.util.Spliterators$ArraySpliterator.tryAdvance(Spliterators.java:958)
	at java.base/java.util.stream.ReferencePipeline.forEachWithCancel(ReferencePipeline.java:127)
	at java.base/java.util.stream.AbstractPipeline.copyIntoWithCancel(AbstractPipeline.java:502)
	at java.base/java.util.stream.AbstractPipeline.copyInto(AbstractPipeline.java:488)
	at java.base/java.util.stream.AbstractPipeline.wrapAndCopyInto(AbstractPipeline.java:474)
	at java.base/java.util.stream.FindOps$FindOp.evaluateSequential(FindOps.java:150)
	at java.base/java.util.stream.AbstractPipeline.evaluate(AbstractPipeline.java:234)
	at java.base/java.util.stream.ReferencePipeline.findFirst(ReferencePipeline.java:543)
	at org.openqa.selenium.remote.ProtocolHandshake.createSession(ProtocolHandshake.java:128)
	at org.openqa.selenium.remote.ProtocolHandshake.createSession(ProtocolHandshake.java:74)
	at org.openqa.selenium.remote.HttpCommandExecutor.execute(HttpCommandExecutor.java:136)
	at org.openqa.selenium.remote.service.DriverCommandExecutor.execute(DriverCommandExecutor.java:83)
	at org.openqa.selenium.remote.RemoteWebDriver.execute(RemoteWebDriver.java:552)
	at org.openqa.selenium.remote.RemoteWebDriver.startSession(RemoteWebDriver.java:213)
	at org.openqa.selenium.remote.RemoteWebDriver.&lt;init&gt;(RemoteWebDriver.java:131)
	at org.openqa.selenium.chrome.ChromeDriver.&lt;init&gt;(ChromeDriver.java:181)
	at org.openqa.selenium.chrome.ChromeDriver.&lt;init&gt;(ChromeDriver.java:168)
	at org.openqa.selenium.chrome.ChromeDriver.&lt;init&gt;(ChromeDriver.java:123)
	at Core.Base.webDriver(Base.java:17)
... Removed 24 stack frames</div></td></tr></table><p class="totop"><a href="#summary">back to summary</a></p>
<h3 id="m5">dine_in.Edit_Order#payment</h3><table class="result"><tr><th>Exception</th></tr><tr><td><div class="stacktrace">org.openqa.selenium.SessionNotCreatedException: session not created: This version of ChromeDriver only supports Chrome version 86
Current browser version is 89.0.4389.82 with binary path C:\Program Files\Google\Chrome\Application\chrome.exe
Build info: version: &apos;3.141.59&apos;, revision: &apos;e82be7d358&apos;, time: &apos;2018-11-14T08:17:03&apos;
System info: host: &apos;DESKTOP-QOP9CLH&apos;, ip: &apos;192.168.1.5&apos;, os.name: &apos;Windows 10&apos;, os.arch: &apos;amd64&apos;, os.version: &apos;10.0&apos;, java.version: &apos;14.0.2&apos;
Driver info: driver.version: ChromeDriver
remote stacktrace: Backtrace:
	Ordinal0 [0x0040C013+3194899]
	Ordinal0 [0x002F6021+2056225]
	Ordinal0 [0x0018F608+587272]
	Ordinal0 [0x00111BF3+72691]
	Ordinal0 [0x0010E229+57897]
	Ordinal0 [0x0010C64A+50762]
	Ordinal0 [0x00131EE9+204521]
	Ordinal0 [0x00131D0D+204045]
	Ordinal0 [0x0012FC1B+195611]
	Ordinal0 [0x00113B7F+80767]
	Ordinal0 [0x00114B4E+84814]
	Ordinal0 [0x00114AD9+84697]
	Ordinal0 [0x0030CE64+2149988]
	GetHandleVerifier [0x0057BE95+1400773]
	GetHandleVerifier [0x0057BB61+1399953]
	GetHandleVerifier [0x005831FA+1430314]
	GetHandleVerifier [0x0057C69F+1402831]
	Ordinal0 [0x00303D61+2112865]
	Ordinal0 [0x0030E5CB+2155979]
	Ordinal0 [0x0030E6F5+2156277]
	Ordinal0 [0x0031F26E+2224750]
	BaseThreadInitThunk [0x76AFFA29+25]
	RtlGetAppContainerNamedObjectPath [0x77AE76B4+228]
	RtlGetAppContainerNamedObjectPath [0x77AE7684+180]

	at org.openqa.selenium.remote.W3CHandshakeResponse.lambda$errorHandler$0(W3CHandshakeResponse.java:62)
	at org.openqa.selenium.remote.HandshakeResponse.lambda$getResponseFunction$0(HandshakeResponse.java:30)
	at org.openqa.selenium.remote.ProtocolHandshake.lambda$createSession$0(ProtocolHandshake.java:126)
	at java.base/java.util.stream.ReferencePipeline$3$1.accept(ReferencePipeline.java:195)
	at java.base/java.util.Spliterators$ArraySpliterator.tryAdvance(Spliterators.java:958)
	at java.base/java.util.stream.ReferencePipeline.forEachWithCancel(ReferencePipeline.java:127)
	at java.base/java.util.stream.AbstractPipeline.copyIntoWithCancel(AbstractPipeline.java:502)
	at java.base/java.util.stream.AbstractPipeline.copyInto(AbstractPipeline.java:488)
	at java.base/java.util.stream.AbstractPipeline.wrapAndCopyInto(AbstractPipeline.java:474)
	at java.base/java.util.stream.FindOps$FindOp.evaluateSequential(FindOps.java:150)
	at java.base/java.util.stream.AbstractPipeline.evaluate(AbstractPipeline.java:234)
	at java.base/java.util.stream.ReferencePipeline.findFirst(ReferencePipeline.java:543)
	at org.openqa.selenium.remote.ProtocolHandshake.createSession(ProtocolHandshake.java:128)
	at org.openqa.selenium.remote.ProtocolHandshake.createSession(ProtocolHandshake.java:74)
	at org.openqa.selenium.remote.HttpCommandExecutor.execute(HttpCommandExecutor.java:136)
	at org.openqa.selenium.remote.service.DriverCommandExecutor.execute(DriverCommandExecutor.java:83)
	at org.openqa.selenium.remote.RemoteWebDriver.execute(RemoteWebDriver.java:552)
	at org.openqa.selenium.remote.RemoteWebDriver.startSession(RemoteWebDriver.java:213)
	at org.openqa.selenium.remote.RemoteWebDriver.&lt;init&gt;(RemoteWebDriver.java:131)
	at org.openqa.selenium.chrome.ChromeDriver.&lt;init&gt;(ChromeDriver.java:181)
	at org.openqa.selenium.chrome.ChromeDriver.&lt;init&gt;(ChromeDriver.java:168)
	at org.openqa.selenium.chrome.ChromeDriver.&lt;init&gt;(ChromeDriver.java:123)
	at Core.Base.webDriver(Base.java:17)
... Removed 24 stack frames</div></td></tr></table><p class="totop"><a href="#summary">back to summary</a></p>
<h3 id="m6">dine_in.Edit_Order#payment_data</h3><table class="result"><tr><th>Exception</th></tr><tr><td><div class="stacktrace">org.openqa.selenium.SessionNotCreatedException: session not created: This version of ChromeDriver only supports Chrome version 86
Current browser version is 89.0.4389.82 with binary path C:\Program Files\Google\Chrome\Application\chrome.exe
Build info: version: &apos;3.141.59&apos;, revision: &apos;e82be7d358&apos;, time: &apos;2018-11-14T08:17:03&apos;
System info: host: &apos;DESKTOP-QOP9CLH&apos;, ip: &apos;192.168.1.5&apos;, os.name: &apos;Windows 10&apos;, os.arch: &apos;amd64&apos;, os.version: &apos;10.0&apos;, java.version: &apos;14.0.2&apos;
Driver info: driver.version: ChromeDriver
remote stacktrace: Backtrace:
	Ordinal0 [0x0040C013+3194899]
	Ordinal0 [0x002F6021+2056225]
	Ordinal0 [0x0018F608+587272]
	Ordinal0 [0x00111BF3+72691]
	Ordinal0 [0x0010E229+57897]
	Ordinal0 [0x0010C64A+50762]
	Ordinal0 [0x00131EE9+204521]
	Ordinal0 [0x00131D0D+204045]
	Ordinal0 [0x0012FC1B+195611]
	Ordinal0 [0x00113B7F+80767]
	Ordinal0 [0x00114B4E+84814]
	Ordinal0 [0x00114AD9+84697]
	Ordinal0 [0x0030CE64+2149988]
	GetHandleVerifier [0x0057BE95+1400773]
	GetHandleVerifier [0x0057BB61+1399953]
	GetHandleVerifier [0x005831FA+1430314]
	GetHandleVerifier [0x0057C69F+1402831]
	Ordinal0 [0x00303D61+2112865]
	Ordinal0 [0x0030E5CB+2155979]
	Ordinal0 [0x0030E6F5+2156277]
	Ordinal0 [0x0031F26E+2224750]
	BaseThreadInitThunk [0x76AFFA29+25]
	RtlGetAppContainerNamedObjectPath [0x77AE76B4+228]
	RtlGetAppContainerNamedObjectPath [0x77AE7684+180]

	at org.openqa.selenium.remote.W3CHandshakeResponse.lambda$errorHandler$0(W3CHandshakeResponse.java:62)
	at org.openqa.selenium.remote.HandshakeResponse.lambda$getResponseFunction$0(HandshakeResponse.java:30)
	at org.openqa.selenium.remote.ProtocolHandshake.lambda$createSession$0(ProtocolHandshake.java:126)
	at java.base/java.util.stream.ReferencePipeline$3$1.accept(ReferencePipeline.java:195)
	at java.base/java.util.Spliterators$ArraySpliterator.tryAdvance(Spliterators.java:958)
	at java.base/java.util.stream.ReferencePipeline.forEachWithCancel(ReferencePipeline.java:127)
	at java.base/java.util.stream.AbstractPipeline.copyIntoWithCancel(AbstractPipeline.java:502)
	at java.base/java.util.stream.AbstractPipeline.copyInto(AbstractPipeline.java:488)
	at java.base/java.util.stream.AbstractPipeline.wrapAndCopyInto(AbstractPipeline.java:474)
	at java.base/java.util.stream.FindOps$FindOp.evaluateSequential(FindOps.java:150)
	at java.base/java.util.stream.AbstractPipeline.evaluate(AbstractPipeline.java:234)
	at java.base/java.util.stream.ReferencePipeline.findFirst(ReferencePipeline.java:543)
	at org.openqa.selenium.remote.ProtocolHandshake.createSession(ProtocolHandshake.java:128)
	at org.openqa.selenium.remote.ProtocolHandshake.createSession(ProtocolHandshake.java:74)
	at org.openqa.selenium.remote.HttpCommandExecutor.execute(HttpCommandExecutor.java:136)
	at org.openqa.selenium.remote.service.DriverCommandExecutor.execute(DriverCommandExecutor.java:83)
	at org.openqa.selenium.remote.RemoteWebDriver.execute(RemoteWebDriver.java:552)
	at org.openqa.selenium.remote.RemoteWebDriver.startSession(RemoteWebDriver.java:213)
	at org.openqa.selenium.remote.RemoteWebDriver.&lt;init&gt;(RemoteWebDriver.java:131)
	at org.openqa.selenium.chrome.ChromeDriver.&lt;init&gt;(ChromeDriver.java:181)
	at org.openqa.selenium.chrome.ChromeDriver.&lt;init&gt;(ChromeDriver.java:168)
	at org.openqa.selenium.chrome.ChromeDriver.&lt;init&gt;(ChromeDriver.java:123)
	at Core.Base.webDriver(Base.java:17)
... Removed 24 stack frames</div></td></tr></table><p class="totop"><a href="#summary">back to summary</a></p>
<h3 id="m7">dine_in.Edit_Order#status_order</h3><table class="result"><tr><th>Exception</th></tr><tr><td><div class="stacktrace">org.openqa.selenium.SessionNotCreatedException: session not created: This version of ChromeDriver only supports Chrome version 86
Current browser version is 89.0.4389.82 with binary path C:\Program Files\Google\Chrome\Application\chrome.exe
Build info: version: &apos;3.141.59&apos;, revision: &apos;e82be7d358&apos;, time: &apos;2018-11-14T08:17:03&apos;
System info: host: &apos;DESKTOP-QOP9CLH&apos;, ip: &apos;192.168.1.5&apos;, os.name: &apos;Windows 10&apos;, os.arch: &apos;amd64&apos;, os.version: &apos;10.0&apos;, java.version: &apos;14.0.2&apos;
Driver info: driver.version: ChromeDriver
remote stacktrace: Backtrace:
	Ordinal0 [0x0040C013+3194899]
	Ordinal0 [0x002F6021+2056225]
	Ordinal0 [0x0018F608+587272]
	Ordinal0 [0x00111BF3+72691]
	Ordinal0 [0x0010E229+57897]
	Ordinal0 [0x0010C64A+50762]
	Ordinal0 [0x00131EE9+204521]
	Ordinal0 [0x00131D0D+204045]
	Ordinal0 [0x0012FC1B+195611]
	Ordinal0 [0x00113B7F+80767]
	Ordinal0 [0x00114B4E+84814]
	Ordinal0 [0x00114AD9+84697]
	Ordinal0 [0x0030CE64+2149988]
	GetHandleVerifier [0x0057BE95+1400773]
	GetHandleVerifier [0x0057BB61+1399953]
	GetHandleVerifier [0x005831FA+1430314]
	GetHandleVerifier [0x0057C69F+1402831]
	Ordinal0 [0x00303D61+2112865]
	Ordinal0 [0x0030E5CB+2155979]
	Ordinal0 [0x0030E6F5+2156277]
	Ordinal0 [0x0031F26E+2224750]
	BaseThreadInitThunk [0x76AFFA29+25]
	RtlGetAppContainerNamedObjectPath [0x77AE76B4+228]
	RtlGetAppContainerNamedObjectPath [0x77AE7684+180]

	at org.openqa.selenium.remote.W3CHandshakeResponse.lambda$errorHandler$0(W3CHandshakeResponse.java:62)
	at org.openqa.selenium.remote.HandshakeResponse.lambda$getResponseFunction$0(HandshakeResponse.java:30)
	at org.openqa.selenium.remote.ProtocolHandshake.lambda$createSession$0(ProtocolHandshake.java:126)
	at java.base/java.util.stream.ReferencePipeline$3$1.accept(ReferencePipeline.java:195)
	at java.base/java.util.Spliterators$ArraySpliterator.tryAdvance(Spliterators.java:958)
	at java.base/java.util.stream.ReferencePipeline.forEachWithCancel(ReferencePipeline.java:127)
	at java.base/java.util.stream.AbstractPipeline.copyIntoWithCancel(AbstractPipeline.java:502)
	at java.base/java.util.stream.AbstractPipeline.copyInto(AbstractPipeline.java:488)
	at java.base/java.util.stream.AbstractPipeline.wrapAndCopyInto(AbstractPipeline.java:474)
	at java.base/java.util.stream.FindOps$FindOp.evaluateSequential(FindOps.java:150)
	at java.base/java.util.stream.AbstractPipeline.evaluate(AbstractPipeline.java:234)
	at java.base/java.util.stream.ReferencePipeline.findFirst(ReferencePipeline.java:543)
	at org.openqa.selenium.remote.ProtocolHandshake.createSession(ProtocolHandshake.java:128)
	at org.openqa.selenium.remote.ProtocolHandshake.createSession(ProtocolHandshake.java:74)
	at org.openqa.selenium.remote.HttpCommandExecutor.execute(HttpCommandExecutor.java:136)
	at org.openqa.selenium.remote.service.DriverCommandExecutor.execute(DriverCommandExecutor.java:83)
	at org.openqa.selenium.remote.RemoteWebDriver.execute(RemoteWebDriver.java:552)
	at org.openqa.selenium.remote.RemoteWebDriver.startSession(RemoteWebDriver.java:213)
	at org.openqa.selenium.remote.RemoteWebDriver.&lt;init&gt;(RemoteWebDriver.java:131)
	at org.openqa.selenium.chrome.ChromeDriver.&lt;init&gt;(ChromeDriver.java:181)
	at org.openqa.selenium.chrome.ChromeDriver.&lt;init&gt;(ChromeDriver.java:168)
	at org.openqa.selenium.chrome.ChromeDriver.&lt;init&gt;(ChromeDriver.java:123)
	at Core.Base.webDriver(Base.java:17)
... Removed 24 stack frames</div></td></tr></table><p class="totop"><a href="#summary">back to summary</a></p>
<h3 id="m8">dine_in.Requests#Call_waiter</h3><table class="result"><tr><th>Exception</th></tr><tr><td><div class="stacktrace">org.openqa.selenium.SessionNotCreatedException: session not created: This version of ChromeDriver only supports Chrome version 86
Current browser version is 89.0.4389.82 with binary path C:\Program Files\Google\Chrome\Application\chrome.exe
Build info: version: &apos;3.141.59&apos;, revision: &apos;e82be7d358&apos;, time: &apos;2018-11-14T08:17:03&apos;
System info: host: &apos;DESKTOP-QOP9CLH&apos;, ip: &apos;192.168.1.5&apos;, os.name: &apos;Windows 10&apos;, os.arch: &apos;amd64&apos;, os.version: &apos;10.0&apos;, java.version: &apos;14.0.2&apos;
Driver info: driver.version: ChromeDriver
remote stacktrace: Backtrace:
	Ordinal0 [0x0040C013+3194899]
	Ordinal0 [0x002F6021+2056225]
	Ordinal0 [0x0018F608+587272]
	Ordinal0 [0x00111BF3+72691]
	Ordinal0 [0x0010E229+57897]
	Ordinal0 [0x0010C64A+50762]
	Ordinal0 [0x00131EE9+204521]
	Ordinal0 [0x00131D0D+204045]
	Ordinal0 [0x0012FC1B+195611]
	Ordinal0 [0x00113B7F+80767]
	Ordinal0 [0x00114B4E+84814]
	Ordinal0 [0x00114AD9+84697]
	Ordinal0 [0x0030CE64+2149988]
	GetHandleVerifier [0x0057BE95+1400773]
	GetHandleVerifier [0x0057BB61+1399953]
	GetHandleVerifier [0x005831FA+1430314]
	GetHandleVerifier [0x0057C69F+1402831]
	Ordinal0 [0x00303D61+2112865]
	Ordinal0 [0x0030E5CB+2155979]
	Ordinal0 [0x0030E6F5+2156277]
	Ordinal0 [0x0031F26E+2224750]
	BaseThreadInitThunk [0x76AFFA29+25]
	RtlGetAppContainerNamedObjectPath [0x77AE76B4+228]
	RtlGetAppContainerNamedObjectPath [0x77AE7684+180]

	at org.openqa.selenium.remote.W3CHandshakeResponse.lambda$errorHandler$0(W3CHandshakeResponse.java:62)
	at org.openqa.selenium.remote.HandshakeResponse.lambda$getResponseFunction$0(HandshakeResponse.java:30)
	at org.openqa.selenium.remote.ProtocolHandshake.lambda$createSession$0(ProtocolHandshake.java:126)
	at java.base/java.util.stream.ReferencePipeline$3$1.accept(ReferencePipeline.java:195)
	at java.base/java.util.Spliterators$ArraySpliterator.tryAdvance(Spliterators.java:958)
	at java.base/java.util.stream.ReferencePipeline.forEachWithCancel(ReferencePipeline.java:127)
	at java.base/java.util.stream.AbstractPipeline.copyIntoWithCancel(AbstractPipeline.java:502)
	at java.base/java.util.stream.AbstractPipeline.copyInto(AbstractPipeline.java:488)
	at java.base/java.util.stream.AbstractPipeline.wrapAndCopyInto(AbstractPipeline.java:474)
	at java.base/java.util.stream.FindOps$FindOp.evaluateSequential(FindOps.java:150)
	at java.base/java.util.stream.AbstractPipeline.evaluate(AbstractPipeline.java:234)
	at java.base/java.util.stream.ReferencePipeline.findFirst(ReferencePipeline.java:543)
	at org.openqa.selenium.remote.ProtocolHandshake.createSession(ProtocolHandshake.java:128)
	at org.openqa.selenium.remote.ProtocolHandshake.createSession(ProtocolHandshake.java:74)
	at org.openqa.selenium.remote.HttpCommandExecutor.execute(HttpCommandExecutor.java:136)
	at org.openqa.selenium.remote.service.DriverCommandExecutor.execute(DriverCommandExecutor.java:83)
	at org.openqa.selenium.remote.RemoteWebDriver.execute(RemoteWebDriver.java:552)
	at org.openqa.selenium.remote.RemoteWebDriver.startSession(RemoteWebDriver.java:213)
	at org.openqa.selenium.remote.RemoteWebDriver.&lt;init&gt;(RemoteWebDriver.java:131)
	at org.openqa.selenium.chrome.ChromeDriver.&lt;init&gt;(ChromeDriver.java:181)
	at org.openqa.selenium.chrome.ChromeDriver.&lt;init&gt;(ChromeDriver.java:168)
	at org.openqa.selenium.chrome.ChromeDriver.&lt;init&gt;(ChromeDriver.java:123)
	at Core.Base.webDriver(Base.java:17)
... Removed 24 stack frames</div></td></tr></table><p class="totop"><a href="#summary">back to summary</a></p>
<h3 id="m9">dine_in.Requests#Create_Order</h3><table class="result"><tr><th>Exception</th></tr><tr><td><div class="stacktrace">org.openqa.selenium.SessionNotCreatedException: session not created: This version of ChromeDriver only supports Chrome version 86
Current browser version is 89.0.4389.82 with binary path C:\Program Files\Google\Chrome\Application\chrome.exe
Build info: version: &apos;3.141.59&apos;, revision: &apos;e82be7d358&apos;, time: &apos;2018-11-14T08:17:03&apos;
System info: host: &apos;DESKTOP-QOP9CLH&apos;, ip: &apos;192.168.1.5&apos;, os.name: &apos;Windows 10&apos;, os.arch: &apos;amd64&apos;, os.version: &apos;10.0&apos;, java.version: &apos;14.0.2&apos;
Driver info: driver.version: ChromeDriver
remote stacktrace: Backtrace:
	Ordinal0 [0x0040C013+3194899]
	Ordinal0 [0x002F6021+2056225]
	Ordinal0 [0x0018F608+587272]
	Ordinal0 [0x00111BF3+72691]
	Ordinal0 [0x0010E229+57897]
	Ordinal0 [0x0010C64A+50762]
	Ordinal0 [0x00131EE9+204521]
	Ordinal0 [0x00131D0D+204045]
	Ordinal0 [0x0012FC1B+195611]
	Ordinal0 [0x00113B7F+80767]
	Ordinal0 [0x00114B4E+84814]
	Ordinal0 [0x00114AD9+84697]
	Ordinal0 [0x0030CE64+2149988]
	GetHandleVerifier [0x0057BE95+1400773]
	GetHandleVerifier [0x0057BB61+1399953]
	GetHandleVerifier [0x005831FA+1430314]
	GetHandleVerifier [0x0057C69F+1402831]
	Ordinal0 [0x00303D61+2112865]
	Ordinal0 [0x0030E5CB+2155979]
	Ordinal0 [0x0030E6F5+2156277]
	Ordinal0 [0x0031F26E+2224750]
	BaseThreadInitThunk [0x76AFFA29+25]
	RtlGetAppContainerNamedObjectPath [0x77AE76B4+228]
	RtlGetAppContainerNamedObjectPath [0x77AE7684+180]

	at org.openqa.selenium.remote.W3CHandshakeResponse.lambda$errorHandler$0(W3CHandshakeResponse.java:62)
	at org.openqa.selenium.remote.HandshakeResponse.lambda$getResponseFunction$0(HandshakeResponse.java:30)
	at org.openqa.selenium.remote.ProtocolHandshake.lambda$createSession$0(ProtocolHandshake.java:126)
	at java.base/java.util.stream.ReferencePipeline$3$1.accept(ReferencePipeline.java:195)
	at java.base/java.util.Spliterators$ArraySpliterator.tryAdvance(Spliterators.java:958)
	at java.base/java.util.stream.ReferencePipeline.forEachWithCancel(ReferencePipeline.java:127)
	at java.base/java.util.stream.AbstractPipeline.copyIntoWithCancel(AbstractPipeline.java:502)
	at java.base/java.util.stream.AbstractPipeline.copyInto(AbstractPipeline.java:488)
	at java.base/java.util.stream.AbstractPipeline.wrapAndCopyInto(AbstractPipeline.java:474)
	at java.base/java.util.stream.FindOps$FindOp.evaluateSequential(FindOps.java:150)
	at java.base/java.util.stream.AbstractPipeline.evaluate(AbstractPipeline.java:234)
	at java.base/java.util.stream.ReferencePipeline.findFirst(ReferencePipeline.java:543)
	at org.openqa.selenium.remote.ProtocolHandshake.createSession(ProtocolHandshake.java:128)
	at org.openqa.selenium.remote.ProtocolHandshake.createSession(ProtocolHandshake.java:74)
	at org.openqa.selenium.remote.HttpCommandExecutor.execute(HttpCommandExecutor.java:136)
	at org.openqa.selenium.remote.service.DriverCommandExecutor.execute(DriverCommandExecutor.java:83)
	at org.openqa.selenium.remote.RemoteWebDriver.execute(RemoteWebDriver.java:552)
	at org.openqa.selenium.remote.RemoteWebDriver.startSession(RemoteWebDriver.java:213)
	at org.openqa.selenium.remote.RemoteWebDriver.&lt;init&gt;(RemoteWebDriver.java:131)
	at org.openqa.selenium.chrome.ChromeDriver.&lt;init&gt;(ChromeDriver.java:181)
	at org.openqa.selenium.chrome.ChromeDriver.&lt;init&gt;(ChromeDriver.java:168)
	at org.openqa.selenium.chrome.ChromeDriver.&lt;init&gt;(ChromeDriver.java:123)
	at Core.Base.webDriver(Base.java:17)
... Removed 24 stack frames</div></td></tr></table><p class="totop"><a href="#summary">back to summary</a></p>
<h3 id="m10">dine_in.Requests#Register_Delivery</h3><table class="result"><tr><th>Exception</th></tr><tr><td><div class="stacktrace">org.openqa.selenium.SessionNotCreatedException: session not created: This version of ChromeDriver only supports Chrome version 86
Current browser version is 89.0.4389.82 with binary path C:\Program Files\Google\Chrome\Application\chrome.exe
Build info: version: &apos;3.141.59&apos;, revision: &apos;e82be7d358&apos;, time: &apos;2018-11-14T08:17:03&apos;
System info: host: &apos;DESKTOP-QOP9CLH&apos;, ip: &apos;192.168.1.5&apos;, os.name: &apos;Windows 10&apos;, os.arch: &apos;amd64&apos;, os.version: &apos;10.0&apos;, java.version: &apos;14.0.2&apos;
Driver info: driver.version: ChromeDriver
remote stacktrace: Backtrace:
	Ordinal0 [0x0040C013+3194899]
	Ordinal0 [0x002F6021+2056225]
	Ordinal0 [0x0018F608+587272]
	Ordinal0 [0x00111BF3+72691]
	Ordinal0 [0x0010E229+57897]
	Ordinal0 [0x0010C64A+50762]
	Ordinal0 [0x00131EE9+204521]
	Ordinal0 [0x00131D0D+204045]
	Ordinal0 [0x0012FC1B+195611]
	Ordinal0 [0x00113B7F+80767]
	Ordinal0 [0x00114B4E+84814]
	Ordinal0 [0x00114AD9+84697]
	Ordinal0 [0x0030CE64+2149988]
	GetHandleVerifier [0x0057BE95+1400773]
	GetHandleVerifier [0x0057BB61+1399953]
	GetHandleVerifier [0x005831FA+1430314]
	GetHandleVerifier [0x0057C69F+1402831]
	Ordinal0 [0x00303D61+2112865]
	Ordinal0 [0x0030E5CB+2155979]
	Ordinal0 [0x0030E6F5+2156277]
	Ordinal0 [0x0031F26E+2224750]
	BaseThreadInitThunk [0x76AFFA29+25]
	RtlGetAppContainerNamedObjectPath [0x77AE76B4+228]
	RtlGetAppContainerNamedObjectPath [0x77AE7684+180]

	at org.openqa.selenium.remote.W3CHandshakeResponse.lambda$errorHandler$0(W3CHandshakeResponse.java:62)
	at org.openqa.selenium.remote.HandshakeResponse.lambda$getResponseFunction$0(HandshakeResponse.java:30)
	at org.openqa.selenium.remote.ProtocolHandshake.lambda$createSession$0(ProtocolHandshake.java:126)
	at java.base/java.util.stream.ReferencePipeline$3$1.accept(ReferencePipeline.java:195)
	at java.base/java.util.Spliterators$ArraySpliterator.tryAdvance(Spliterators.java:958)
	at java.base/java.util.stream.ReferencePipeline.forEachWithCancel(ReferencePipeline.java:127)
	at java.base/java.util.stream.AbstractPipeline.copyIntoWithCancel(AbstractPipeline.java:502)
	at java.base/java.util.stream.AbstractPipeline.copyInto(AbstractPipeline.java:488)
	at java.base/java.util.stream.AbstractPipeline.wrapAndCopyInto(AbstractPipeline.java:474)
	at java.base/java.util.stream.FindOps$FindOp.evaluateSequential(FindOps.java:150)
	at java.base/java.util.stream.AbstractPipeline.evaluate(AbstractPipeline.java:234)
	at java.base/java.util.stream.ReferencePipeline.findFirst(ReferencePipeline.java:543)
	at org.openqa.selenium.remote.ProtocolHandshake.createSession(ProtocolHandshake.java:128)
	at org.openqa.selenium.remote.ProtocolHandshake.createSession(ProtocolHandshake.java:74)
	at org.openqa.selenium.remote.HttpCommandExecutor.execute(HttpCommandExecutor.java:136)
	at org.openqa.selenium.remote.service.DriverCommandExecutor.execute(DriverCommandExecutor.java:83)
	at org.openqa.selenium.remote.RemoteWebDriver.execute(RemoteWebDriver.java:552)
	at org.openqa.selenium.remote.RemoteWebDriver.startSession(RemoteWebDriver.java:213)
	at org.openqa.selenium.remote.RemoteWebDriver.&lt;init&gt;(RemoteWebDriver.java:131)
	at org.openqa.selenium.chrome.ChromeDriver.&lt;init&gt;(ChromeDriver.java:181)
	at org.openqa.selenium.chrome.ChromeDriver.&lt;init&gt;(ChromeDriver.java:168)
	at org.openqa.selenium.chrome.ChromeDriver.&lt;init&gt;(ChromeDriver.java:123)
	at Core.Base.webDriver(Base.java:17)
... Removed 24 stack frames</div></td></tr></table><p class="totop"><a href="#summary">back to summary</a></p>
<h3 id="m11">dine_in.Requests#payment_request</h3><table class="result"><tr><th>Exception</th></tr><tr><td><div class="stacktrace">org.openqa.selenium.SessionNotCreatedException: session not created: This version of ChromeDriver only supports Chrome version 86
Current browser version is 89.0.4389.82 with binary path C:\Program Files\Google\Chrome\Application\chrome.exe
Build info: version: &apos;3.141.59&apos;, revision: &apos;e82be7d358&apos;, time: &apos;2018-11-14T08:17:03&apos;
System info: host: &apos;DESKTOP-QOP9CLH&apos;, ip: &apos;192.168.1.5&apos;, os.name: &apos;Windows 10&apos;, os.arch: &apos;amd64&apos;, os.version: &apos;10.0&apos;, java.version: &apos;14.0.2&apos;
Driver info: driver.version: ChromeDriver
remote stacktrace: Backtrace:
	Ordinal0 [0x0040C013+3194899]
	Ordinal0 [0x002F6021+2056225]
	Ordinal0 [0x0018F608+587272]
	Ordinal0 [0x00111BF3+72691]
	Ordinal0 [0x0010E229+57897]
	Ordinal0 [0x0010C64A+50762]
	Ordinal0 [0x00131EE9+204521]
	Ordinal0 [0x00131D0D+204045]
	Ordinal0 [0x0012FC1B+195611]
	Ordinal0 [0x00113B7F+80767]
	Ordinal0 [0x00114B4E+84814]
	Ordinal0 [0x00114AD9+84697]
	Ordinal0 [0x0030CE64+2149988]
	GetHandleVerifier [0x0057BE95+1400773]
	GetHandleVerifier [0x0057BB61+1399953]
	GetHandleVerifier [0x005831FA+1430314]
	GetHandleVerifier [0x0057C69F+1402831]
	Ordinal0 [0x00303D61+2112865]
	Ordinal0 [0x0030E5CB+2155979]
	Ordinal0 [0x0030E6F5+2156277]
	Ordinal0 [0x0031F26E+2224750]
	BaseThreadInitThunk [0x76AFFA29+25]
	RtlGetAppContainerNamedObjectPath [0x77AE76B4+228]
	RtlGetAppContainerNamedObjectPath [0x77AE7684+180]

	at org.openqa.selenium.remote.W3CHandshakeResponse.lambda$errorHandler$0(W3CHandshakeResponse.java:62)
	at org.openqa.selenium.remote.HandshakeResponse.lambda$getResponseFunction$0(HandshakeResponse.java:30)
	at org.openqa.selenium.remote.ProtocolHandshake.lambda$createSession$0(ProtocolHandshake.java:126)
	at java.base/java.util.stream.ReferencePipeline$3$1.accept(ReferencePipeline.java:195)
	at java.base/java.util.Spliterators$ArraySpliterator.tryAdvance(Spliterators.java:958)
	at java.base/java.util.stream.ReferencePipeline.forEachWithCancel(ReferencePipeline.java:127)
	at java.base/java.util.stream.AbstractPipeline.copyIntoWithCancel(AbstractPipeline.java:502)
	at java.base/java.util.stream.AbstractPipeline.copyInto(AbstractPipeline.java:488)
	at java.base/java.util.stream.AbstractPipeline.wrapAndCopyInto(AbstractPipeline.java:474)
	at java.base/java.util.stream.FindOps$FindOp.evaluateSequential(FindOps.java:150)
	at java.base/java.util.stream.AbstractPipeline.evaluate(AbstractPipeline.java:234)
	at java.base/java.util.stream.ReferencePipeline.findFirst(ReferencePipeline.java:543)
	at org.openqa.selenium.remote.ProtocolHandshake.createSession(ProtocolHandshake.java:128)
	at org.openqa.selenium.remote.ProtocolHandshake.createSession(ProtocolHandshake.java:74)
	at org.openqa.selenium.remote.HttpCommandExecutor.execute(HttpCommandExecutor.java:136)
	at org.openqa.selenium.remote.service.DriverCommandExecutor.execute(DriverCommandExecutor.java:83)
	at org.openqa.selenium.remote.RemoteWebDriver.execute(RemoteWebDriver.java:552)
	at org.openqa.selenium.remote.RemoteWebDriver.startSession(RemoteWebDriver.java:213)
	at org.openqa.selenium.remote.RemoteWebDriver.&lt;init&gt;(RemoteWebDriver.java:131)
	at org.openqa.selenium.chrome.ChromeDriver.&lt;init&gt;(ChromeDriver.java:181)
	at org.openqa.selenium.chrome.ChromeDriver.&lt;init&gt;(ChromeDriver.java:168)
	at org.openqa.selenium.chrome.ChromeDriver.&lt;init&gt;(ChromeDriver.java:123)
	at Core.Base.webDriver(Base.java:17)
... Removed 24 stack frames</div></td></tr></table><p class="totop"><a href="#summary">back to summary</a></p>
<h3 id="m12">dine_in.Settings#DineInSetting_negative_numbers</h3><table class="result"><tr><th>Exception</th></tr><tr><td><div class="stacktrace">org.openqa.selenium.SessionNotCreatedException: session not created: This version of ChromeDriver only supports Chrome version 86
Current browser version is 89.0.4389.82 with binary path C:\Program Files\Google\Chrome\Application\chrome.exe
Build info: version: &apos;3.141.59&apos;, revision: &apos;e82be7d358&apos;, time: &apos;2018-11-14T08:17:03&apos;
System info: host: &apos;DESKTOP-QOP9CLH&apos;, ip: &apos;192.168.1.5&apos;, os.name: &apos;Windows 10&apos;, os.arch: &apos;amd64&apos;, os.version: &apos;10.0&apos;, java.version: &apos;14.0.2&apos;
Driver info: driver.version: ChromeDriver
remote stacktrace: Backtrace:
	Ordinal0 [0x0040C013+3194899]
	Ordinal0 [0x002F6021+2056225]
	Ordinal0 [0x0018F608+587272]
	Ordinal0 [0x00111BF3+72691]
	Ordinal0 [0x0010E229+57897]
	Ordinal0 [0x0010C64A+50762]
	Ordinal0 [0x00131EE9+204521]
	Ordinal0 [0x00131D0D+204045]
	Ordinal0 [0x0012FC1B+195611]
	Ordinal0 [0x00113B7F+80767]
	Ordinal0 [0x00114B4E+84814]
	Ordinal0 [0x00114AD9+84697]
	Ordinal0 [0x0030CE64+2149988]
	GetHandleVerifier [0x0057BE95+1400773]
	GetHandleVerifier [0x0057BB61+1399953]
	GetHandleVerifier [0x005831FA+1430314]
	GetHandleVerifier [0x0057C69F+1402831]
	Ordinal0 [0x00303D61+2112865]
	Ordinal0 [0x0030E5CB+2155979]
	Ordinal0 [0x0030E6F5+2156277]
	Ordinal0 [0x0031F26E+2224750]
	BaseThreadInitThunk [0x76AFFA29+25]
	RtlGetAppContainerNamedObjectPath [0x77AE76B4+228]
	RtlGetAppContainerNamedObjectPath [0x77AE7684+180]

	at org.openqa.selenium.remote.W3CHandshakeResponse.lambda$errorHandler$0(W3CHandshakeResponse.java:62)
	at org.openqa.selenium.remote.HandshakeResponse.lambda$getResponseFunction$0(HandshakeResponse.java:30)
	at org.openqa.selenium.remote.ProtocolHandshake.lambda$createSession$0(ProtocolHandshake.java:126)
	at java.base/java.util.stream.ReferencePipeline$3$1.accept(ReferencePipeline.java:195)
	at java.base/java.util.Spliterators$ArraySpliterator.tryAdvance(Spliterators.java:958)
	at java.base/java.util.stream.ReferencePipeline.forEachWithCancel(ReferencePipeline.java:127)
	at java.base/java.util.stream.AbstractPipeline.copyIntoWithCancel(AbstractPipeline.java:502)
	at java.base/java.util.stream.AbstractPipeline.copyInto(AbstractPipeline.java:488)
	at java.base/java.util.stream.AbstractPipeline.wrapAndCopyInto(AbstractPipeline.java:474)
	at java.base/java.util.stream.FindOps$FindOp.evaluateSequential(FindOps.java:150)
	at java.base/java.util.stream.AbstractPipeline.evaluate(AbstractPipeline.java:234)
	at java.base/java.util.stream.ReferencePipeline.findFirst(ReferencePipeline.java:543)
	at org.openqa.selenium.remote.ProtocolHandshake.createSession(ProtocolHandshake.java:128)
	at org.openqa.selenium.remote.ProtocolHandshake.createSession(ProtocolHandshake.java:74)
	at org.openqa.selenium.remote.HttpCommandExecutor.execute(HttpCommandExecutor.java:136)
	at org.openqa.selenium.remote.service.DriverCommandExecutor.execute(DriverCommandExecutor.java:83)
	at org.openqa.selenium.remote.RemoteWebDriver.execute(RemoteWebDriver.java:552)
	at org.openqa.selenium.remote.RemoteWebDriver.startSession(RemoteWebDriver.java:213)
	at org.openqa.selenium.remote.RemoteWebDriver.&lt;init&gt;(RemoteWebDriver.java:131)
	at org.openqa.selenium.chrome.ChromeDriver.&lt;init&gt;(ChromeDriver.java:181)
	at org.openqa.selenium.chrome.ChromeDriver.&lt;init&gt;(ChromeDriver.java:168)
	at org.openqa.selenium.chrome.ChromeDriver.&lt;init&gt;(ChromeDriver.java:123)
	at Core.Base.webDriver(Base.java:17)
... Removed 24 stack frames</div></td></tr></table><p class="totop"><a href="#summary">back to summary</a></p>
<h3 id="m13">dine_in.Settings#DineInSetting_positive_numbers</h3><table class="result"><tr><th>Exception</th></tr><tr><td><div class="stacktrace">org.openqa.selenium.SessionNotCreatedException: session not created: This version of ChromeDriver only supports Chrome version 86
Current browser version is 89.0.4389.82 with binary path C:\Program Files\Google\Chrome\Application\chrome.exe
Build info: version: &apos;3.141.59&apos;, revision: &apos;e82be7d358&apos;, time: &apos;2018-11-14T08:17:03&apos;
System info: host: &apos;DESKTOP-QOP9CLH&apos;, ip: &apos;192.168.1.5&apos;, os.name: &apos;Windows 10&apos;, os.arch: &apos;amd64&apos;, os.version: &apos;10.0&apos;, java.version: &apos;14.0.2&apos;
Driver info: driver.version: ChromeDriver
remote stacktrace: Backtrace:
	Ordinal0 [0x0040C013+3194899]
	Ordinal0 [0x002F6021+2056225]
	Ordinal0 [0x0018F608+587272]
	Ordinal0 [0x00111BF3+72691]
	Ordinal0 [0x0010E229+57897]
	Ordinal0 [0x0010C64A+50762]
	Ordinal0 [0x00131EE9+204521]
	Ordinal0 [0x00131D0D+204045]
	Ordinal0 [0x0012FC1B+195611]
	Ordinal0 [0x00113B7F+80767]
	Ordinal0 [0x00114B4E+84814]
	Ordinal0 [0x00114AD9+84697]
	Ordinal0 [0x0030CE64+2149988]
	GetHandleVerifier [0x0057BE95+1400773]
	GetHandleVerifier [0x0057BB61+1399953]
	GetHandleVerifier [0x005831FA+1430314]
	GetHandleVerifier [0x0057C69F+1402831]
	Ordinal0 [0x00303D61+2112865]
	Ordinal0 [0x0030E5CB+2155979]
	Ordinal0 [0x0030E6F5+2156277]
	Ordinal0 [0x0031F26E+2224750]
	BaseThreadInitThunk [0x76AFFA29+25]
	RtlGetAppContainerNamedObjectPath [0x77AE76B4+228]
	RtlGetAppContainerNamedObjectPath [0x77AE7684+180]

	at org.openqa.selenium.remote.W3CHandshakeResponse.lambda$errorHandler$0(W3CHandshakeResponse.java:62)
	at org.openqa.selenium.remote.HandshakeResponse.lambda$getResponseFunction$0(HandshakeResponse.java:30)
	at org.openqa.selenium.remote.ProtocolHandshake.lambda$createSession$0(ProtocolHandshake.java:126)
	at java.base/java.util.stream.ReferencePipeline$3$1.accept(ReferencePipeline.java:195)
	at java.base/java.util.Spliterators$ArraySpliterator.tryAdvance(Spliterators.java:958)
	at java.base/java.util.stream.ReferencePipeline.forEachWithCancel(ReferencePipeline.java:127)
	at java.base/java.util.stream.AbstractPipeline.copyIntoWithCancel(AbstractPipeline.java:502)
	at java.base/java.util.stream.AbstractPipeline.copyInto(AbstractPipeline.java:488)
	at java.base/java.util.stream.AbstractPipeline.wrapAndCopyInto(AbstractPipeline.java:474)
	at java.base/java.util.stream.FindOps$FindOp.evaluateSequential(FindOps.java:150)
	at java.base/java.util.stream.AbstractPipeline.evaluate(AbstractPipeline.java:234)
	at java.base/java.util.stream.ReferencePipeline.findFirst(ReferencePipeline.java:543)
	at org.openqa.selenium.remote.ProtocolHandshake.createSession(ProtocolHandshake.java:128)
	at org.openqa.selenium.remote.ProtocolHandshake.createSession(ProtocolHandshake.java:74)
	at org.openqa.selenium.remote.HttpCommandExecutor.execute(HttpCommandExecutor.java:136)
	at org.openqa.selenium.remote.service.DriverCommandExecutor.execute(DriverCommandExecutor.java:83)
	at org.openqa.selenium.remote.RemoteWebDriver.execute(RemoteWebDriver.java:552)
	at org.openqa.selenium.remote.RemoteWebDriver.startSession(RemoteWebDriver.java:213)
	at org.openqa.selenium.remote.RemoteWebDriver.&lt;init&gt;(RemoteWebDriver.java:131)
	at org.openqa.selenium.chrome.ChromeDriver.&lt;init&gt;(ChromeDriver.java:181)
	at org.openqa.selenium.chrome.ChromeDriver.&lt;init&gt;(ChromeDriver.java:168)
	at org.openqa.selenium.chrome.ChromeDriver.&lt;init&gt;(ChromeDriver.java:123)
	at Core.Base.webDriver(Base.java:17)
... Removed 24 stack frames</div></td></tr></table><p class="totop"><a href="#summary">back to summary</a></p>
<h3 id="m14">dine_in.Settings#payment_methods</h3><table class="result"><tr><th>Exception</th></tr><tr><td><div class="stacktrace">org.openqa.selenium.SessionNotCreatedException: session not created: This version of ChromeDriver only supports Chrome version 86
Current browser version is 89.0.4389.82 with binary path C:\Program Files\Google\Chrome\Application\chrome.exe
Build info: version: &apos;3.141.59&apos;, revision: &apos;e82be7d358&apos;, time: &apos;2018-11-14T08:17:03&apos;
System info: host: &apos;DESKTOP-QOP9CLH&apos;, ip: &apos;192.168.1.5&apos;, os.name: &apos;Windows 10&apos;, os.arch: &apos;amd64&apos;, os.version: &apos;10.0&apos;, java.version: &apos;14.0.2&apos;
Driver info: driver.version: ChromeDriver
remote stacktrace: Backtrace:
	Ordinal0 [0x0040C013+3194899]
	Ordinal0 [0x002F6021+2056225]
	Ordinal0 [0x0018F608+587272]
	Ordinal0 [0x00111BF3+72691]
	Ordinal0 [0x0010E229+57897]
	Ordinal0 [0x0010C64A+50762]
	Ordinal0 [0x00131EE9+204521]
	Ordinal0 [0x00131D0D+204045]
	Ordinal0 [0x0012FC1B+195611]
	Ordinal0 [0x00113B7F+80767]
	Ordinal0 [0x00114B4E+84814]
	Ordinal0 [0x00114AD9+84697]
	Ordinal0 [0x0030CE64+2149988]
	GetHandleVerifier [0x0057BE95+1400773]
	GetHandleVerifier [0x0057BB61+1399953]
	GetHandleVerifier [0x005831FA+1430314]
	GetHandleVerifier [0x0057C69F+1402831]
	Ordinal0 [0x00303D61+2112865]
	Ordinal0 [0x0030E5CB+2155979]
	Ordinal0 [0x0030E6F5+2156277]
	Ordinal0 [0x0031F26E+2224750]
	BaseThreadInitThunk [0x76AFFA29+25]
	RtlGetAppContainerNamedObjectPath [0x77AE76B4+228]
	RtlGetAppContainerNamedObjectPath [0x77AE7684+180]

	at org.openqa.selenium.remote.W3CHandshakeResponse.lambda$errorHandler$0(W3CHandshakeResponse.java:62)
	at org.openqa.selenium.remote.HandshakeResponse.lambda$getResponseFunction$0(HandshakeResponse.java:30)
	at org.openqa.selenium.remote.ProtocolHandshake.lambda$createSession$0(ProtocolHandshake.java:126)
	at java.base/java.util.stream.ReferencePipeline$3$1.accept(ReferencePipeline.java:195)
	at java.base/java.util.Spliterators$ArraySpliterator.tryAdvance(Spliterators.java:958)
	at java.base/java.util.stream.ReferencePipeline.forEachWithCancel(ReferencePipeline.java:127)
	at java.base/java.util.stream.AbstractPipeline.copyIntoWithCancel(AbstractPipeline.java:502)
	at java.base/java.util.stream.AbstractPipeline.copyInto(AbstractPipeline.java:488)
	at java.base/java.util.stream.AbstractPipeline.wrapAndCopyInto(AbstractPipeline.java:474)
	at java.base/java.util.stream.FindOps$FindOp.evaluateSequential(FindOps.java:150)
	at java.base/java.util.stream.AbstractPipeline.evaluate(AbstractPipeline.java:234)
	at java.base/java.util.stream.ReferencePipeline.findFirst(ReferencePipeline.java:543)
	at org.openqa.selenium.remote.ProtocolHandshake.createSession(ProtocolHandshake.java:128)
	at org.openqa.selenium.remote.ProtocolHandshake.createSession(ProtocolHandshake.java:74)
	at org.openqa.selenium.remote.HttpCommandExecutor.execute(HttpCommandExecutor.java:136)
	at org.openqa.selenium.remote.service.DriverCommandExecutor.execute(DriverCommandExecutor.java:83)
	at org.openqa.selenium.remote.RemoteWebDriver.execute(RemoteWebDriver.java:552)
	at org.openqa.selenium.remote.RemoteWebDriver.startSession(RemoteWebDriver.java:213)
	at org.openqa.selenium.remote.RemoteWebDriver.&lt;init&gt;(RemoteWebDriver.java:131)
	at org.openqa.selenium.chrome.ChromeDriver.&lt;init&gt;(ChromeDriver.java:181)
	at org.openqa.selenium.chrome.ChromeDriver.&lt;init&gt;(ChromeDriver.java:168)
	at org.openqa.selenium.chrome.ChromeDriver.&lt;init&gt;(ChromeDriver.java:123)
	at Core.Base.webDriver(Base.java:17)
... Removed 24 stack frames</div></td></tr></table><p class="totop"><a href="#summary">back to summary</a></p>
<h3 id="m15">restaurant.Login#empty_filds</h3><table class="result"><tr><th>Exception</th></tr><tr><td><div class="stacktrace">org.openqa.selenium.SessionNotCreatedException: session not created: This version of ChromeDriver only supports Chrome version 86
Current browser version is 89.0.4389.82 with binary path C:\Program Files\Google\Chrome\Application\chrome.exe
Build info: version: &apos;3.141.59&apos;, revision: &apos;e82be7d358&apos;, time: &apos;2018-11-14T08:17:03&apos;
System info: host: &apos;DESKTOP-QOP9CLH&apos;, ip: &apos;192.168.1.5&apos;, os.name: &apos;Windows 10&apos;, os.arch: &apos;amd64&apos;, os.version: &apos;10.0&apos;, java.version: &apos;14.0.2&apos;
Driver info: driver.version: ChromeDriver
remote stacktrace: Backtrace:
	Ordinal0 [0x0040C013+3194899]
	Ordinal0 [0x002F6021+2056225]
	Ordinal0 [0x0018F608+587272]
	Ordinal0 [0x00111BF3+72691]
	Ordinal0 [0x0010E229+57897]
	Ordinal0 [0x0010C64A+50762]
	Ordinal0 [0x00131EE9+204521]
	Ordinal0 [0x00131D0D+204045]
	Ordinal0 [0x0012FC1B+195611]
	Ordinal0 [0x00113B7F+80767]
	Ordinal0 [0x00114B4E+84814]
	Ordinal0 [0x00114AD9+84697]
	Ordinal0 [0x0030CE64+2149988]
	GetHandleVerifier [0x0057BE95+1400773]
	GetHandleVerifier [0x0057BB61+1399953]
	GetHandleVerifier [0x005831FA+1430314]
	GetHandleVerifier [0x0057C69F+1402831]
	Ordinal0 [0x00303D61+2112865]
	Ordinal0 [0x0030E5CB+2155979]
	Ordinal0 [0x0030E6F5+2156277]
	Ordinal0 [0x0031F26E+2224750]
	BaseThreadInitThunk [0x76AFFA29+25]
	RtlGetAppContainerNamedObjectPath [0x77AE76B4+228]
	RtlGetAppContainerNamedObjectPath [0x77AE7684+180]

	at org.openqa.selenium.remote.W3CHandshakeResponse.lambda$errorHandler$0(W3CHandshakeResponse.java:62)
	at org.openqa.selenium.remote.HandshakeResponse.lambda$getResponseFunction$0(HandshakeResponse.java:30)
	at org.openqa.selenium.remote.ProtocolHandshake.lambda$createSession$0(ProtocolHandshake.java:126)
	at java.base/java.util.stream.ReferencePipeline$3$1.accept(ReferencePipeline.java:195)
	at java.base/java.util.Spliterators$ArraySpliterator.tryAdvance(Spliterators.java:958)
	at java.base/java.util.stream.ReferencePipeline.forEachWithCancel(ReferencePipeline.java:127)
	at java.base/java.util.stream.AbstractPipeline.copyIntoWithCancel(AbstractPipeline.java:502)
	at java.base/java.util.stream.AbstractPipeline.copyInto(AbstractPipeline.java:488)
	at java.base/java.util.stream.AbstractPipeline.wrapAndCopyInto(AbstractPipeline.java:474)
	at java.base/java.util.stream.FindOps$FindOp.evaluateSequential(FindOps.java:150)
	at java.base/java.util.stream.AbstractPipeline.evaluate(AbstractPipeline.java:234)
	at java.base/java.util.stream.ReferencePipeline.findFirst(ReferencePipeline.java:543)
	at org.openqa.selenium.remote.ProtocolHandshake.createSession(ProtocolHandshake.java:128)
	at org.openqa.selenium.remote.ProtocolHandshake.createSession(ProtocolHandshake.java:74)
	at org.openqa.selenium.remote.HttpCommandExecutor.execute(HttpCommandExecutor.java:136)
	at org.openqa.selenium.remote.service.DriverCommandExecutor.execute(DriverCommandExecutor.java:83)
	at org.openqa.selenium.remote.RemoteWebDriver.execute(RemoteWebDriver.java:552)
	at org.openqa.selenium.remote.RemoteWebDriver.startSession(RemoteWebDriver.java:213)
	at org.openqa.selenium.remote.RemoteWebDriver.&lt;init&gt;(RemoteWebDriver.java:131)
	at org.openqa.selenium.chrome.ChromeDriver.&lt;init&gt;(ChromeDriver.java:181)
	at org.openqa.selenium.chrome.ChromeDriver.&lt;init&gt;(ChromeDriver.java:168)
	at org.openqa.selenium.chrome.ChromeDriver.&lt;init&gt;(ChromeDriver.java:123)
	at Core.Base.webDriver(Base.java:17)
... Removed 24 stack frames</div></td></tr></table><p class="totop"><a href="#summary">back to summary</a></p>
<h3 id="m16">restaurant.Login#invalid_credintial</h3><table class="result"><tr><th>Exception</th></tr><tr><td><div class="stacktrace">org.openqa.selenium.SessionNotCreatedException: session not created: This version of ChromeDriver only supports Chrome version 86
Current browser version is 89.0.4389.82 with binary path C:\Program Files\Google\Chrome\Application\chrome.exe
Build info: version: &apos;3.141.59&apos;, revision: &apos;e82be7d358&apos;, time: &apos;2018-11-14T08:17:03&apos;
System info: host: &apos;DESKTOP-QOP9CLH&apos;, ip: &apos;192.168.1.5&apos;, os.name: &apos;Windows 10&apos;, os.arch: &apos;amd64&apos;, os.version: &apos;10.0&apos;, java.version: &apos;14.0.2&apos;
Driver info: driver.version: ChromeDriver
remote stacktrace: Backtrace:
	Ordinal0 [0x0040C013+3194899]
	Ordinal0 [0x002F6021+2056225]
	Ordinal0 [0x0018F608+587272]
	Ordinal0 [0x00111BF3+72691]
	Ordinal0 [0x0010E229+57897]
	Ordinal0 [0x0010C64A+50762]
	Ordinal0 [0x00131EE9+204521]
	Ordinal0 [0x00131D0D+204045]
	Ordinal0 [0x0012FC1B+195611]
	Ordinal0 [0x00113B7F+80767]
	Ordinal0 [0x00114B4E+84814]
	Ordinal0 [0x00114AD9+84697]
	Ordinal0 [0x0030CE64+2149988]
	GetHandleVerifier [0x0057BE95+1400773]
	GetHandleVerifier [0x0057BB61+1399953]
	GetHandleVerifier [0x005831FA+1430314]
	GetHandleVerifier [0x0057C69F+1402831]
	Ordinal0 [0x00303D61+2112865]
	Ordinal0 [0x0030E5CB+2155979]
	Ordinal0 [0x0030E6F5+2156277]
	Ordinal0 [0x0031F26E+2224750]
	BaseThreadInitThunk [0x76AFFA29+25]
	RtlGetAppContainerNamedObjectPath [0x77AE76B4+228]
	RtlGetAppContainerNamedObjectPath [0x77AE7684+180]

	at org.openqa.selenium.remote.W3CHandshakeResponse.lambda$errorHandler$0(W3CHandshakeResponse.java:62)
	at org.openqa.selenium.remote.HandshakeResponse.lambda$getResponseFunction$0(HandshakeResponse.java:30)
	at org.openqa.selenium.remote.ProtocolHandshake.lambda$createSession$0(ProtocolHandshake.java:126)
	at java.base/java.util.stream.ReferencePipeline$3$1.accept(ReferencePipeline.java:195)
	at java.base/java.util.Spliterators$ArraySpliterator.tryAdvance(Spliterators.java:958)
	at java.base/java.util.stream.ReferencePipeline.forEachWithCancel(ReferencePipeline.java:127)
	at java.base/java.util.stream.AbstractPipeline.copyIntoWithCancel(AbstractPipeline.java:502)
	at java.base/java.util.stream.AbstractPipeline.copyInto(AbstractPipeline.java:488)
	at java.base/java.util.stream.AbstractPipeline.wrapAndCopyInto(AbstractPipeline.java:474)
	at java.base/java.util.stream.FindOps$FindOp.evaluateSequential(FindOps.java:150)
	at java.base/java.util.stream.AbstractPipeline.evaluate(AbstractPipeline.java:234)
	at java.base/java.util.stream.ReferencePipeline.findFirst(ReferencePipeline.java:543)
	at org.openqa.selenium.remote.ProtocolHandshake.createSession(ProtocolHandshake.java:128)
	at org.openqa.selenium.remote.ProtocolHandshake.createSession(ProtocolHandshake.java:74)
	at org.openqa.selenium.remote.HttpCommandExecutor.execute(HttpCommandExecutor.java:136)
	at org.openqa.selenium.remote.service.DriverCommandExecutor.execute(DriverCommandExecutor.java:83)
	at org.openqa.selenium.remote.RemoteWebDriver.execute(RemoteWebDriver.java:552)
	at org.openqa.selenium.remote.RemoteWebDriver.startSession(RemoteWebDriver.java:213)
	at org.openqa.selenium.remote.RemoteWebDriver.&lt;init&gt;(RemoteWebDriver.java:131)
	at org.openqa.selenium.chrome.ChromeDriver.&lt;init&gt;(ChromeDriver.java:181)
	at org.openqa.selenium.chrome.ChromeDriver.&lt;init&gt;(ChromeDriver.java:168)
	at org.openqa.selenium.chrome.ChromeDriver.&lt;init&gt;(ChromeDriver.java:123)
	at Core.Base.webDriver(Base.java:17)
... Removed 24 stack frames</div></td></tr></table><p class="totop"><a href="#summary">back to summary</a></p>
<h3 id="m17">restaurant.Login#login_button</h3><table class="result"><tr><th>Exception</th></tr><tr><td><div class="stacktrace">org.openqa.selenium.SessionNotCreatedException: session not created: This version of ChromeDriver only supports Chrome version 86
Current browser version is 89.0.4389.82 with binary path C:\Program Files\Google\Chrome\Application\chrome.exe
Build info: version: &apos;3.141.59&apos;, revision: &apos;e82be7d358&apos;, time: &apos;2018-11-14T08:17:03&apos;
System info: host: &apos;DESKTOP-QOP9CLH&apos;, ip: &apos;192.168.1.5&apos;, os.name: &apos;Windows 10&apos;, os.arch: &apos;amd64&apos;, os.version: &apos;10.0&apos;, java.version: &apos;14.0.2&apos;
Driver info: driver.version: ChromeDriver
remote stacktrace: Backtrace:
	Ordinal0 [0x0040C013+3194899]
	Ordinal0 [0x002F6021+2056225]
	Ordinal0 [0x0018F608+587272]
	Ordinal0 [0x00111BF3+72691]
	Ordinal0 [0x0010E229+57897]
	Ordinal0 [0x0010C64A+50762]
	Ordinal0 [0x00131EE9+204521]
	Ordinal0 [0x00131D0D+204045]
	Ordinal0 [0x0012FC1B+195611]
	Ordinal0 [0x00113B7F+80767]
	Ordinal0 [0x00114B4E+84814]
	Ordinal0 [0x00114AD9+84697]
	Ordinal0 [0x0030CE64+2149988]
	GetHandleVerifier [0x0057BE95+1400773]
	GetHandleVerifier [0x0057BB61+1399953]
	GetHandleVerifier [0x005831FA+1430314]
	GetHandleVerifier [0x0057C69F+1402831]
	Ordinal0 [0x00303D61+2112865]
	Ordinal0 [0x0030E5CB+2155979]
	Ordinal0 [0x0030E6F5+2156277]
	Ordinal0 [0x0031F26E+2224750]
	BaseThreadInitThunk [0x76AFFA29+25]
	RtlGetAppContainerNamedObjectPath [0x77AE76B4+228]
	RtlGetAppContainerNamedObjectPath [0x77AE7684+180]

	at org.openqa.selenium.remote.W3CHandshakeResponse.lambda$errorHandler$0(W3CHandshakeResponse.java:62)
	at org.openqa.selenium.remote.HandshakeResponse.lambda$getResponseFunction$0(HandshakeResponse.java:30)
	at org.openqa.selenium.remote.ProtocolHandshake.lambda$createSession$0(ProtocolHandshake.java:126)
	at java.base/java.util.stream.ReferencePipeline$3$1.accept(ReferencePipeline.java:195)
	at java.base/java.util.Spliterators$ArraySpliterator.tryAdvance(Spliterators.java:958)
	at java.base/java.util.stream.ReferencePipeline.forEachWithCancel(ReferencePipeline.java:127)
	at java.base/java.util.stream.AbstractPipeline.copyIntoWithCancel(AbstractPipeline.java:502)
	at java.base/java.util.stream.AbstractPipeline.copyInto(AbstractPipeline.java:488)
	at java.base/java.util.stream.AbstractPipeline.wrapAndCopyInto(AbstractPipeline.java:474)
	at java.base/java.util.stream.FindOps$FindOp.evaluateSequential(FindOps.java:150)
	at java.base/java.util.stream.AbstractPipeline.evaluate(AbstractPipeline.java:234)
	at java.base/java.util.stream.ReferencePipeline.findFirst(ReferencePipeline.java:543)
	at org.openqa.selenium.remote.ProtocolHandshake.createSession(ProtocolHandshake.java:128)
	at org.openqa.selenium.remote.ProtocolHandshake.createSession(ProtocolHandshake.java:74)
	at org.openqa.selenium.remote.HttpCommandExecutor.execute(HttpCommandExecutor.java:136)
	at org.openqa.selenium.remote.service.DriverCommandExecutor.execute(DriverCommandExecutor.java:83)
	at org.openqa.selenium.remote.RemoteWebDriver.execute(RemoteWebDriver.java:552)
	at org.openqa.selenium.remote.RemoteWebDriver.startSession(RemoteWebDriver.java:213)
	at org.openqa.selenium.remote.RemoteWebDriver.&lt;init&gt;(RemoteWebDriver.java:131)
	at org.openqa.selenium.chrome.ChromeDriver.&lt;init&gt;(ChromeDriver.java:181)
	at org.openqa.selenium.chrome.ChromeDriver.&lt;init&gt;(ChromeDriver.java:168)
	at org.openqa.selenium.chrome.ChromeDriver.&lt;init&gt;(ChromeDriver.java:123)
	at Core.Base.webDriver(Base.java:17)
... Removed 24 stack frames</div></td></tr></table><p class="totop"><a href="#summary">back to summary</a></p>
<h3 id="m18">restaurant.Login#valid_credintial</h3><table class="result"><tr><th>Exception</th></tr><tr><td><div class="stacktrace">org.openqa.selenium.SessionNotCreatedException: session not created: This version of ChromeDriver only supports Chrome version 86
Current browser version is 89.0.4389.82 with binary path C:\Program Files\Google\Chrome\Application\chrome.exe
Build info: version: &apos;3.141.59&apos;, revision: &apos;e82be7d358&apos;, time: &apos;2018-11-14T08:17:03&apos;
System info: host: &apos;DESKTOP-QOP9CLH&apos;, ip: &apos;192.168.1.5&apos;, os.name: &apos;Windows 10&apos;, os.arch: &apos;amd64&apos;, os.version: &apos;10.0&apos;, java.version: &apos;14.0.2&apos;
Driver info: driver.version: ChromeDriver
remote stacktrace: Backtrace:
	Ordinal0 [0x0040C013+3194899]
	Ordinal0 [0x002F6021+2056225]
	Ordinal0 [0x0018F608+587272]
	Ordinal0 [0x00111BF3+72691]
	Ordinal0 [0x0010E229+57897]
	Ordinal0 [0x0010C64A+50762]
	Ordinal0 [0x00131EE9+204521]
	Ordinal0 [0x00131D0D+204045]
	Ordinal0 [0x0012FC1B+195611]
	Ordinal0 [0x00113B7F+80767]
	Ordinal0 [0x00114B4E+84814]
	Ordinal0 [0x00114AD9+84697]
	Ordinal0 [0x0030CE64+2149988]
	GetHandleVerifier [0x0057BE95+1400773]
	GetHandleVerifier [0x0057BB61+1399953]
	GetHandleVerifier [0x005831FA+1430314]
	GetHandleVerifier [0x0057C69F+1402831]
	Ordinal0 [0x00303D61+2112865]
	Ordinal0 [0x0030E5CB+2155979]
	Ordinal0 [0x0030E6F5+2156277]
	Ordinal0 [0x0031F26E+2224750]
	BaseThreadInitThunk [0x76AFFA29+25]
	RtlGetAppContainerNamedObjectPath [0x77AE76B4+228]
	RtlGetAppContainerNamedObjectPath [0x77AE7684+180]

	at org.openqa.selenium.remote.W3CHandshakeResponse.lambda$errorHandler$0(W3CHandshakeResponse.java:62)
	at org.openqa.selenium.remote.HandshakeResponse.lambda$getResponseFunction$0(HandshakeResponse.java:30)
	at org.openqa.selenium.remote.ProtocolHandshake.lambda$createSession$0(ProtocolHandshake.java:126)
	at java.base/java.util.stream.ReferencePipeline$3$1.accept(ReferencePipeline.java:195)
	at java.base/java.util.Spliterators$ArraySpliterator.tryAdvance(Spliterators.java:958)
	at java.base/java.util.stream.ReferencePipeline.forEachWithCancel(ReferencePipeline.java:127)
	at java.base/java.util.stream.AbstractPipeline.copyIntoWithCancel(AbstractPipeline.java:502)
	at java.base/java.util.stream.AbstractPipeline.copyInto(AbstractPipeline.java:488)
	at java.base/java.util.stream.AbstractPipeline.wrapAndCopyInto(AbstractPipeline.java:474)
	at java.base/java.util.stream.FindOps$FindOp.evaluateSequential(FindOps.java:150)
	at java.base/java.util.stream.AbstractPipeline.evaluate(AbstractPipeline.java:234)
	at java.base/java.util.stream.ReferencePipeline.findFirst(ReferencePipeline.java:543)
	at org.openqa.selenium.remote.ProtocolHandshake.createSession(ProtocolHandshake.java:128)
	at org.openqa.selenium.remote.ProtocolHandshake.createSession(ProtocolHandshake.java:74)
	at org.openqa.selenium.remote.HttpCommandExecutor.execute(HttpCommandExecutor.java:136)
	at org.openqa.selenium.remote.service.DriverCommandExecutor.execute(DriverCommandExecutor.java:83)
	at org.openqa.selenium.remote.RemoteWebDriver.execute(RemoteWebDriver.java:552)
	at org.openqa.selenium.remote.RemoteWebDriver.startSession(RemoteWebDriver.java:213)
	at org.openqa.selenium.remote.RemoteWebDriver.&lt;init&gt;(RemoteWebDriver.java:131)
	at org.openqa.selenium.chrome.ChromeDriver.&lt;init&gt;(ChromeDriver.java:181)
	at org.openqa.selenium.chrome.ChromeDriver.&lt;init&gt;(ChromeDriver.java:168)
	at org.openqa.selenium.chrome.ChromeDriver.&lt;init&gt;(ChromeDriver.java:123)
	at Core.Base.webDriver(Base.java:17)
... Removed 24 stack frames</div></td></tr></table><p class="totop"><a href="#summary">back to summary</a></p>
</body>
</html>
