<?xml version="1.0" encoding="UTF-8"?>
<testng-results ignored="2" total="20" passed="0" failed="0" skipped="18">
  <reporter-output>
  </reporter-output>
  <suite started-at="2021-03-14T10:13:33 EET" name="Test Suite" finished-at="2021-03-14T10:13:33 EET" duration-ms="169">
    <groups>
    </groups>
    <test started-at="2021-03-14T10:13:33 EET" name="Dine_in" finished-at="2021-03-14T10:13:33 EET" duration-ms="169">
      <class name="dine_in.Edit_Order">
        <test-method signature="operations_page()[pri:2, instance:dine_in.Edit_Order@29d89d5d]" started-at="2021-03-14T10:13:33 EET" name="operations_page" finished-at="2021-03-14T10:13:33 EET" duration-ms="0" status="SKIP">
          <exception class="org.openqa.selenium.SessionNotCreatedException">
            <message>
              <![CDATA[session not created: This version of ChromeDriver only supports Chrome version 86
Current browser version is 89.0.4389.82 with binary path C:\Program Files\Google\Chrome\Application\chrome.exe
Build info: version: '3.141.59', revision: 'e82be7d358', time: '2018-11-14T08:17:03'
System info: host: 'DESKTOP-QOP9CLH', ip: '192.168.1.5', os.name: 'Windows 10', os.arch: 'amd64', os.version: '10.0', java.version: '14.0.2'
Driver info: driver.version: ChromeDriver
remote stacktrace: Backtrace:
Ordinal0 [0x0040C013+3194899]
Ordinal0 [0x002F6021+2056225]
Ordinal0 [0x0018F608+587272]
Ordinal0 [0x00111BF3+72691]
Ordinal0 [0x0010E229+57897]
Ordinal0 [0x0010C64A+50762]
Ordinal0 [0x00131EE9+204521]
Ordinal0 [0x00131D0D+204045]
Ordinal0 [0x0012FC1B+195611]
Ordinal0 [0x00113B7F+80767]
Ordinal0 [0x00114B4E+84814]
Ordinal0 [0x00114AD9+84697]
Ordinal0 [0x0030CE64+2149988]
GetHandleVerifier [0x0057BE95+1400773]
GetHandleVerifier [0x0057BB61+1399953]
GetHandleVerifier [0x005831FA+1430314]
GetHandleVerifier [0x0057C69F+1402831]
Ordinal0 [0x00303D61+2112865]
Ordinal0 [0x0030E5CB+2155979]
Ordinal0 [0x0030E6F5+2156277]
Ordinal0 [0x0031F26E+2224750]
BaseThreadInitThunk [0x76AFFA29+25]
RtlGetAppContainerNamedObjectPath [0x77AE76B4+228]
RtlGetAppContainerNamedObjectPath [0x77AE7684+180]
]]>
            </message>
            <full-stacktrace>
              <![CDATA[org.openqa.selenium.SessionNotCreatedException: session not created: This version of ChromeDriver only supports Chrome version 86
Current browser version is 89.0.4389.82 with binary path C:\Program Files\Google\Chrome\Application\chrome.exe
Build info: version: '3.141.59', revision: 'e82be7d358', time: '2018-11-14T08:17:03'
System info: host: 'DESKTOP-QOP9CLH', ip: '192.168.1.5', os.name: 'Windows 10', os.arch: 'amd64', os.version: '10.0', java.version: '14.0.2'
Driver info: driver.version: ChromeDriver
remote stacktrace: Backtrace:
Ordinal0 [0x0040C013+3194899]
Ordinal0 [0x002F6021+2056225]
Ordinal0 [0x0018F608+587272]
Ordinal0 [0x00111BF3+72691]
Ordinal0 [0x0010E229+57897]
Ordinal0 [0x0010C64A+50762]
Ordinal0 [0x00131EE9+204521]
Ordinal0 [0x00131D0D+204045]
Ordinal0 [0x0012FC1B+195611]
Ordinal0 [0x00113B7F+80767]
Ordinal0 [0x00114B4E+84814]
Ordinal0 [0x00114AD9+84697]
Ordinal0 [0x0030CE64+2149988]
GetHandleVerifier [0x0057BE95+1400773]
GetHandleVerifier [0x0057BB61+1399953]
GetHandleVerifier [0x005831FA+1430314]
GetHandleVerifier [0x0057C69F+1402831]
Ordinal0 [0x00303D61+2112865]
Ordinal0 [0x0030E5CB+2155979]
Ordinal0 [0x0030E6F5+2156277]
Ordinal0 [0x0031F26E+2224750]
BaseThreadInitThunk [0x76AFFA29+25]
RtlGetAppContainerNamedObjectPath [0x77AE76B4+228]
RtlGetAppContainerNamedObjectPath [0x77AE7684+180]

at java.base/jdk.internal.reflect.NativeConstructorAccessorImpl.newInstance0(Native Method)
at java.base/jdk.internal.reflect.NativeConstructorAccessorImpl.newInstance(NativeConstructorAccessorImpl.java:62)
at java.base/jdk.internal.reflect.DelegatingConstructorAccessorImpl.newInstance(DelegatingConstructorAccessorImpl.java:45)
at java.base/java.lang.reflect.Constructor.newInstanceWithCaller(Constructor.java:500)
at java.base/java.lang.reflect.Constructor.newInstance(Constructor.java:481)
at org.openqa.selenium.remote.W3CHandshakeResponse.lambda$errorHandler$0(W3CHandshakeResponse.java:62)
at org.openqa.selenium.remote.HandshakeResponse.lambda$getResponseFunction$0(HandshakeResponse.java:30)
at org.openqa.selenium.remote.ProtocolHandshake.lambda$createSession$0(ProtocolHandshake.java:126)
at java.base/java.util.stream.ReferencePipeline$3$1.accept(ReferencePipeline.java:195)
at java.base/java.util.Spliterators$ArraySpliterator.tryAdvance(Spliterators.java:958)
at java.base/java.util.stream.ReferencePipeline.forEachWithCancel(ReferencePipeline.java:127)
at java.base/java.util.stream.AbstractPipeline.copyIntoWithCancel(AbstractPipeline.java:502)
at java.base/java.util.stream.AbstractPipeline.copyInto(AbstractPipeline.java:488)
at java.base/java.util.stream.AbstractPipeline.wrapAndCopyInto(AbstractPipeline.java:474)
at java.base/java.util.stream.FindOps$FindOp.evaluateSequential(FindOps.java:150)
at java.base/java.util.stream.AbstractPipeline.evaluate(AbstractPipeline.java:234)
at java.base/java.util.stream.ReferencePipeline.findFirst(ReferencePipeline.java:543)
at org.openqa.selenium.remote.ProtocolHandshake.createSession(ProtocolHandshake.java:128)
at org.openqa.selenium.remote.ProtocolHandshake.createSession(ProtocolHandshake.java:74)
at org.openqa.selenium.remote.HttpCommandExecutor.execute(HttpCommandExecutor.java:136)
at org.openqa.selenium.remote.service.DriverCommandExecutor.execute(DriverCommandExecutor.java:83)
at org.openqa.selenium.remote.RemoteWebDriver.execute(RemoteWebDriver.java:552)
at org.openqa.selenium.remote.RemoteWebDriver.startSession(RemoteWebDriver.java:213)
at org.openqa.selenium.remote.RemoteWebDriver.<init>(RemoteWebDriver.java:131)
at org.openqa.selenium.chrome.ChromeDriver.<init>(ChromeDriver.java:181)
at org.openqa.selenium.chrome.ChromeDriver.<init>(ChromeDriver.java:168)
at org.openqa.selenium.chrome.ChromeDriver.<init>(ChromeDriver.java:123)
at Core.Base.webDriver(Base.java:17)
at java.base/jdk.internal.reflect.NativeMethodAccessorImpl.invoke0(Native Method)
at java.base/jdk.internal.reflect.NativeMethodAccessorImpl.invoke(NativeMethodAccessorImpl.java:62)
at java.base/jdk.internal.reflect.DelegatingMethodAccessorImpl.invoke(DelegatingMethodAccessorImpl.java:43)
at java.base/java.lang.reflect.Method.invoke(Method.java:564)
at org.testng.internal.MethodInvocationHelper.invokeMethod(MethodInvocationHelper.java:132)
at org.testng.internal.MethodInvocationHelper.invokeMethodConsideringTimeout(MethodInvocationHelper.java:61)
at org.testng.internal.ConfigInvoker.invokeConfigurationMethod(ConfigInvoker.java:366)
at org.testng.internal.ConfigInvoker.invokeConfigurations(ConfigInvoker.java:320)
at org.testng.SuiteRunner.privateRun(SuiteRunner.java:327)
at org.testng.SuiteRunner.run(SuiteRunner.java:286)
at org.testng.SuiteRunnerWorker.runSuite(SuiteRunnerWorker.java:53)
at org.testng.SuiteRunnerWorker.run(SuiteRunnerWorker.java:96)
at org.testng.TestNG.runSuitesSequentially(TestNG.java:1218)
at org.testng.TestNG.runSuitesLocally(TestNG.java:1140)
at org.testng.TestNG.runSuites(TestNG.java:1069)
at org.testng.TestNG.run(TestNG.java:1037)
at org.testng.remote.AbstractRemoteTestNG.run(AbstractRemoteTestNG.java:115)
at org.testng.remote.RemoteTestNG.initAndRun(RemoteTestNG.java:251)
at org.testng.remote.RemoteTestNG.main(RemoteTestNG.java:77)
]]>
            </full-stacktrace>
          </exception> <!-- org.openqa.selenium.SessionNotCreatedException -->
          <reporter-output>
          </reporter-output>
        </test-method> <!-- operations_page -->
        <test-method signature="status_order()[pri:3, instance:dine_in.Edit_Order@29d89d5d]" started-at="2021-03-14T10:13:33 EET" name="status_order" finished-at="2021-03-14T10:13:33 EET" duration-ms="0" status="SKIP">
          <exception class="org.openqa.selenium.SessionNotCreatedException">
            <message>
              <![CDATA[session not created: This version of ChromeDriver only supports Chrome version 86
Current browser version is 89.0.4389.82 with binary path C:\Program Files\Google\Chrome\Application\chrome.exe
Build info: version: '3.141.59', revision: 'e82be7d358', time: '2018-11-14T08:17:03'
System info: host: 'DESKTOP-QOP9CLH', ip: '192.168.1.5', os.name: 'Windows 10', os.arch: 'amd64', os.version: '10.0', java.version: '14.0.2'
Driver info: driver.version: ChromeDriver
remote stacktrace: Backtrace:
Ordinal0 [0x0040C013+3194899]
Ordinal0 [0x002F6021+2056225]
Ordinal0 [0x0018F608+587272]
Ordinal0 [0x00111BF3+72691]
Ordinal0 [0x0010E229+57897]
Ordinal0 [0x0010C64A+50762]
Ordinal0 [0x00131EE9+204521]
Ordinal0 [0x00131D0D+204045]
Ordinal0 [0x0012FC1B+195611]
Ordinal0 [0x00113B7F+80767]
Ordinal0 [0x00114B4E+84814]
Ordinal0 [0x00114AD9+84697]
Ordinal0 [0x0030CE64+2149988]
GetHandleVerifier [0x0057BE95+1400773]
GetHandleVerifier [0x0057BB61+1399953]
GetHandleVerifier [0x005831FA+1430314]
GetHandleVerifier [0x0057C69F+1402831]
Ordinal0 [0x00303D61+2112865]
Ordinal0 [0x0030E5CB+2155979]
Ordinal0 [0x0030E6F5+2156277]
Ordinal0 [0x0031F26E+2224750]
BaseThreadInitThunk [0x76AFFA29+25]
RtlGetAppContainerNamedObjectPath [0x77AE76B4+228]
RtlGetAppContainerNamedObjectPath [0x77AE7684+180]
]]>
            </message>
            <full-stacktrace>
              <![CDATA[org.openqa.selenium.SessionNotCreatedException: session not created: This version of ChromeDriver only supports Chrome version 86
Current browser version is 89.0.4389.82 with binary path C:\Program Files\Google\Chrome\Application\chrome.exe
Build info: version: '3.141.59', revision: 'e82be7d358', time: '2018-11-14T08:17:03'
System info: host: 'DESKTOP-QOP9CLH', ip: '192.168.1.5', os.name: 'Windows 10', os.arch: 'amd64', os.version: '10.0', java.version: '14.0.2'
Driver info: driver.version: ChromeDriver
remote stacktrace: Backtrace:
Ordinal0 [0x0040C013+3194899]
Ordinal0 [0x002F6021+2056225]
Ordinal0 [0x0018F608+587272]
Ordinal0 [0x00111BF3+72691]
Ordinal0 [0x0010E229+57897]
Ordinal0 [0x0010C64A+50762]
Ordinal0 [0x00131EE9+204521]
Ordinal0 [0x00131D0D+204045]
Ordinal0 [0x0012FC1B+195611]
Ordinal0 [0x00113B7F+80767]
Ordinal0 [0x00114B4E+84814]
Ordinal0 [0x00114AD9+84697]
Ordinal0 [0x0030CE64+2149988]
GetHandleVerifier [0x0057BE95+1400773]
GetHandleVerifier [0x0057BB61+1399953]
GetHandleVerifier [0x005831FA+1430314]
GetHandleVerifier [0x0057C69F+1402831]
Ordinal0 [0x00303D61+2112865]
Ordinal0 [0x0030E5CB+2155979]
Ordinal0 [0x0030E6F5+2156277]
Ordinal0 [0x0031F26E+2224750]
BaseThreadInitThunk [0x76AFFA29+25]
RtlGetAppContainerNamedObjectPath [0x77AE76B4+228]
RtlGetAppContainerNamedObjectPath [0x77AE7684+180]

at java.base/jdk.internal.reflect.NativeConstructorAccessorImpl.newInstance0(Native Method)
at java.base/jdk.internal.reflect.NativeConstructorAccessorImpl.newInstance(NativeConstructorAccessorImpl.java:62)
at java.base/jdk.internal.reflect.DelegatingConstructorAccessorImpl.newInstance(DelegatingConstructorAccessorImpl.java:45)
at java.base/java.lang.reflect.Constructor.newInstanceWithCaller(Constructor.java:500)
at java.base/java.lang.reflect.Constructor.newInstance(Constructor.java:481)
at org.openqa.selenium.remote.W3CHandshakeResponse.lambda$errorHandler$0(W3CHandshakeResponse.java:62)
at org.openqa.selenium.remote.HandshakeResponse.lambda$getResponseFunction$0(HandshakeResponse.java:30)
at org.openqa.selenium.remote.ProtocolHandshake.lambda$createSession$0(ProtocolHandshake.java:126)
at java.base/java.util.stream.ReferencePipeline$3$1.accept(ReferencePipeline.java:195)
at java.base/java.util.Spliterators$ArraySpliterator.tryAdvance(Spliterators.java:958)
at java.base/java.util.stream.ReferencePipeline.forEachWithCancel(ReferencePipeline.java:127)
at java.base/java.util.stream.AbstractPipeline.copyIntoWithCancel(AbstractPipeline.java:502)
at java.base/java.util.stream.AbstractPipeline.copyInto(AbstractPipeline.java:488)
at java.base/java.util.stream.AbstractPipeline.wrapAndCopyInto(AbstractPipeline.java:474)
at java.base/java.util.stream.FindOps$FindOp.evaluateSequential(FindOps.java:150)
at java.base/java.util.stream.AbstractPipeline.evaluate(AbstractPipeline.java:234)
at java.base/java.util.stream.ReferencePipeline.findFirst(ReferencePipeline.java:543)
at org.openqa.selenium.remote.ProtocolHandshake.createSession(ProtocolHandshake.java:128)
at org.openqa.selenium.remote.ProtocolHandshake.createSession(ProtocolHandshake.java:74)
at org.openqa.selenium.remote.HttpCommandExecutor.execute(HttpCommandExecutor.java:136)
at org.openqa.selenium.remote.service.DriverCommandExecutor.execute(DriverCommandExecutor.java:83)
at org.openqa.selenium.remote.RemoteWebDriver.execute(RemoteWebDriver.java:552)
at org.openqa.selenium.remote.RemoteWebDriver.startSession(RemoteWebDriver.java:213)
at org.openqa.selenium.remote.RemoteWebDriver.<init>(RemoteWebDriver.java:131)
at org.openqa.selenium.chrome.ChromeDriver.<init>(ChromeDriver.java:181)
at org.openqa.selenium.chrome.ChromeDriver.<init>(ChromeDriver.java:168)
at org.openqa.selenium.chrome.ChromeDriver.<init>(ChromeDriver.java:123)
at Core.Base.webDriver(Base.java:17)
at java.base/jdk.internal.reflect.NativeMethodAccessorImpl.invoke0(Native Method)
at java.base/jdk.internal.reflect.NativeMethodAccessorImpl.invoke(NativeMethodAccessorImpl.java:62)
at java.base/jdk.internal.reflect.DelegatingMethodAccessorImpl.invoke(DelegatingMethodAccessorImpl.java:43)
at java.base/java.lang.reflect.Method.invoke(Method.java:564)
at org.testng.internal.MethodInvocationHelper.invokeMethod(MethodInvocationHelper.java:132)
at org.testng.internal.MethodInvocationHelper.invokeMethodConsideringTimeout(MethodInvocationHelper.java:61)
at org.testng.internal.ConfigInvoker.invokeConfigurationMethod(ConfigInvoker.java:366)
at org.testng.internal.ConfigInvoker.invokeConfigurations(ConfigInvoker.java:320)
at org.testng.SuiteRunner.privateRun(SuiteRunner.java:327)
at org.testng.SuiteRunner.run(SuiteRunner.java:286)
at org.testng.SuiteRunnerWorker.runSuite(SuiteRunnerWorker.java:53)
at org.testng.SuiteRunnerWorker.run(SuiteRunnerWorker.java:96)
at org.testng.TestNG.runSuitesSequentially(TestNG.java:1218)
at org.testng.TestNG.runSuitesLocally(TestNG.java:1140)
at org.testng.TestNG.runSuites(TestNG.java:1069)
at org.testng.TestNG.run(TestNG.java:1037)
at org.testng.remote.AbstractRemoteTestNG.run(AbstractRemoteTestNG.java:115)
at org.testng.remote.RemoteTestNG.initAndRun(RemoteTestNG.java:251)
at org.testng.remote.RemoteTestNG.main(RemoteTestNG.java:77)
]]>
            </full-stacktrace>
          </exception> <!-- org.openqa.selenium.SessionNotCreatedException -->
          <reporter-output>
          </reporter-output>
        </test-method> <!-- status_order -->
        <test-method signature="edit_order()[pri:4, instance:dine_in.Edit_Order@29d89d5d]" started-at="2021-03-14T10:13:33 EET" name="edit_order" finished-at="2021-03-14T10:13:33 EET" duration-ms="0" status="SKIP">
          <exception class="org.openqa.selenium.SessionNotCreatedException">
            <message>
              <![CDATA[session not created: This version of ChromeDriver only supports Chrome version 86
Current browser version is 89.0.4389.82 with binary path C:\Program Files\Google\Chrome\Application\chrome.exe
Build info: version: '3.141.59', revision: 'e82be7d358', time: '2018-11-14T08:17:03'
System info: host: 'DESKTOP-QOP9CLH', ip: '192.168.1.5', os.name: 'Windows 10', os.arch: 'amd64', os.version: '10.0', java.version: '14.0.2'
Driver info: driver.version: ChromeDriver
remote stacktrace: Backtrace:
Ordinal0 [0x0040C013+3194899]
Ordinal0 [0x002F6021+2056225]
Ordinal0 [0x0018F608+587272]
Ordinal0 [0x00111BF3+72691]
Ordinal0 [0x0010E229+57897]
Ordinal0 [0x0010C64A+50762]
Ordinal0 [0x00131EE9+204521]
Ordinal0 [0x00131D0D+204045]
Ordinal0 [0x0012FC1B+195611]
Ordinal0 [0x00113B7F+80767]
Ordinal0 [0x00114B4E+84814]
Ordinal0 [0x00114AD9+84697]
Ordinal0 [0x0030CE64+2149988]
GetHandleVerifier [0x0057BE95+1400773]
GetHandleVerifier [0x0057BB61+1399953]
GetHandleVerifier [0x005831FA+1430314]
GetHandleVerifier [0x0057C69F+1402831]
Ordinal0 [0x00303D61+2112865]
Ordinal0 [0x0030E5CB+2155979]
Ordinal0 [0x0030E6F5+2156277]
Ordinal0 [0x0031F26E+2224750]
BaseThreadInitThunk [0x76AFFA29+25]
RtlGetAppContainerNamedObjectPath [0x77AE76B4+228]
RtlGetAppContainerNamedObjectPath [0x77AE7684+180]
]]>
            </message>
            <full-stacktrace>
              <![CDATA[org.openqa.selenium.SessionNotCreatedException: session not created: This version of ChromeDriver only supports Chrome version 86
Current browser version is 89.0.4389.82 with binary path C:\Program Files\Google\Chrome\Application\chrome.exe
Build info: version: '3.141.59', revision: 'e82be7d358', time: '2018-11-14T08:17:03'
System info: host: 'DESKTOP-QOP9CLH', ip: '192.168.1.5', os.name: 'Windows 10', os.arch: 'amd64', os.version: '10.0', java.version: '14.0.2'
Driver info: driver.version: ChromeDriver
remote stacktrace: Backtrace:
Ordinal0 [0x0040C013+3194899]
Ordinal0 [0x002F6021+2056225]
Ordinal0 [0x0018F608+587272]
Ordinal0 [0x00111BF3+72691]
Ordinal0 [0x0010E229+57897]
Ordinal0 [0x0010C64A+50762]
Ordinal0 [0x00131EE9+204521]
Ordinal0 [0x00131D0D+204045]
Ordinal0 [0x0012FC1B+195611]
Ordinal0 [0x00113B7F+80767]
Ordinal0 [0x00114B4E+84814]
Ordinal0 [0x00114AD9+84697]
Ordinal0 [0x0030CE64+2149988]
GetHandleVerifier [0x0057BE95+1400773]
GetHandleVerifier [0x0057BB61+1399953]
GetHandleVerifier [0x005831FA+1430314]
GetHandleVerifier [0x0057C69F+1402831]
Ordinal0 [0x00303D61+2112865]
Ordinal0 [0x0030E5CB+2155979]
Ordinal0 [0x0030E6F5+2156277]
Ordinal0 [0x0031F26E+2224750]
BaseThreadInitThunk [0x76AFFA29+25]
RtlGetAppContainerNamedObjectPath [0x77AE76B4+228]
RtlGetAppContainerNamedObjectPath [0x77AE7684+180]

at java.base/jdk.internal.reflect.NativeConstructorAccessorImpl.newInstance0(Native Method)
at java.base/jdk.internal.reflect.NativeConstructorAccessorImpl.newInstance(NativeConstructorAccessorImpl.java:62)
at java.base/jdk.internal.reflect.DelegatingConstructorAccessorImpl.newInstance(DelegatingConstructorAccessorImpl.java:45)
at java.base/java.lang.reflect.Constructor.newInstanceWithCaller(Constructor.java:500)
at java.base/java.lang.reflect.Constructor.newInstance(Constructor.java:481)
at org.openqa.selenium.remote.W3CHandshakeResponse.lambda$errorHandler$0(W3CHandshakeResponse.java:62)
at org.openqa.selenium.remote.HandshakeResponse.lambda$getResponseFunction$0(HandshakeResponse.java:30)
at org.openqa.selenium.remote.ProtocolHandshake.lambda$createSession$0(ProtocolHandshake.java:126)
at java.base/java.util.stream.ReferencePipeline$3$1.accept(ReferencePipeline.java:195)
at java.base/java.util.Spliterators$ArraySpliterator.tryAdvance(Spliterators.java:958)
at java.base/java.util.stream.ReferencePipeline.forEachWithCancel(ReferencePipeline.java:127)
at java.base/java.util.stream.AbstractPipeline.copyIntoWithCancel(AbstractPipeline.java:502)
at java.base/java.util.stream.AbstractPipeline.copyInto(AbstractPipeline.java:488)
at java.base/java.util.stream.AbstractPipeline.wrapAndCopyInto(AbstractPipeline.java:474)
at java.base/java.util.stream.FindOps$FindOp.evaluateSequential(FindOps.java:150)
at java.base/java.util.stream.AbstractPipeline.evaluate(AbstractPipeline.java:234)
at java.base/java.util.stream.ReferencePipeline.findFirst(ReferencePipeline.java:543)
at org.openqa.selenium.remote.ProtocolHandshake.createSession(ProtocolHandshake.java:128)
at org.openqa.selenium.remote.ProtocolHandshake.createSession(ProtocolHandshake.java:74)
at org.openqa.selenium.remote.HttpCommandExecutor.execute(HttpCommandExecutor.java:136)
at org.openqa.selenium.remote.service.DriverCommandExecutor.execute(DriverCommandExecutor.java:83)
at org.openqa.selenium.remote.RemoteWebDriver.execute(RemoteWebDriver.java:552)
at org.openqa.selenium.remote.RemoteWebDriver.startSession(RemoteWebDriver.java:213)
at org.openqa.selenium.remote.RemoteWebDriver.<init>(RemoteWebDriver.java:131)
at org.openqa.selenium.chrome.ChromeDriver.<init>(ChromeDriver.java:181)
at org.openqa.selenium.chrome.ChromeDriver.<init>(ChromeDriver.java:168)
at org.openqa.selenium.chrome.ChromeDriver.<init>(ChromeDriver.java:123)
at Core.Base.webDriver(Base.java:17)
at java.base/jdk.internal.reflect.NativeMethodAccessorImpl.invoke0(Native Method)
at java.base/jdk.internal.reflect.NativeMethodAccessorImpl.invoke(NativeMethodAccessorImpl.java:62)
at java.base/jdk.internal.reflect.DelegatingMethodAccessorImpl.invoke(DelegatingMethodAccessorImpl.java:43)
at java.base/java.lang.reflect.Method.invoke(Method.java:564)
at org.testng.internal.MethodInvocationHelper.invokeMethod(MethodInvocationHelper.java:132)
at org.testng.internal.MethodInvocationHelper.invokeMethodConsideringTimeout(MethodInvocationHelper.java:61)
at org.testng.internal.ConfigInvoker.invokeConfigurationMethod(ConfigInvoker.java:366)
at org.testng.internal.ConfigInvoker.invokeConfigurations(ConfigInvoker.java:320)
at org.testng.SuiteRunner.privateRun(SuiteRunner.java:327)
at org.testng.SuiteRunner.run(SuiteRunner.java:286)
at org.testng.SuiteRunnerWorker.runSuite(SuiteRunnerWorker.java:53)
at org.testng.SuiteRunnerWorker.run(SuiteRunnerWorker.java:96)
at org.testng.TestNG.runSuitesSequentially(TestNG.java:1218)
at org.testng.TestNG.runSuitesLocally(TestNG.java:1140)
at org.testng.TestNG.runSuites(TestNG.java:1069)
at org.testng.TestNG.run(TestNG.java:1037)
at org.testng.remote.AbstractRemoteTestNG.run(AbstractRemoteTestNG.java:115)
at org.testng.remote.RemoteTestNG.initAndRun(RemoteTestNG.java:251)
at org.testng.remote.RemoteTestNG.main(RemoteTestNG.java:77)
]]>
            </full-stacktrace>
          </exception> <!-- org.openqa.selenium.SessionNotCreatedException -->
          <reporter-output>
          </reporter-output>
        </test-method> <!-- edit_order -->
        <test-method signature="get_data()[pri:5, instance:dine_in.Edit_Order@29d89d5d]" started-at="2021-03-14T10:13:33 EET" name="get_data" finished-at="2021-03-14T10:13:33 EET" duration-ms="0" status="SKIP">
          <exception class="org.openqa.selenium.SessionNotCreatedException">
            <message>
              <![CDATA[session not created: This version of ChromeDriver only supports Chrome version 86
Current browser version is 89.0.4389.82 with binary path C:\Program Files\Google\Chrome\Application\chrome.exe
Build info: version: '3.141.59', revision: 'e82be7d358', time: '2018-11-14T08:17:03'
System info: host: 'DESKTOP-QOP9CLH', ip: '192.168.1.5', os.name: 'Windows 10', os.arch: 'amd64', os.version: '10.0', java.version: '14.0.2'
Driver info: driver.version: ChromeDriver
remote stacktrace: Backtrace:
Ordinal0 [0x0040C013+3194899]
Ordinal0 [0x002F6021+2056225]
Ordinal0 [0x0018F608+587272]
Ordinal0 [0x00111BF3+72691]
Ordinal0 [0x0010E229+57897]
Ordinal0 [0x0010C64A+50762]
Ordinal0 [0x00131EE9+204521]
Ordinal0 [0x00131D0D+204045]
Ordinal0 [0x0012FC1B+195611]
Ordinal0 [0x00113B7F+80767]
Ordinal0 [0x00114B4E+84814]
Ordinal0 [0x00114AD9+84697]
Ordinal0 [0x0030CE64+2149988]
GetHandleVerifier [0x0057BE95+1400773]
GetHandleVerifier [0x0057BB61+1399953]
GetHandleVerifier [0x005831FA+1430314]
GetHandleVerifier [0x0057C69F+1402831]
Ordinal0 [0x00303D61+2112865]
Ordinal0 [0x0030E5CB+2155979]
Ordinal0 [0x0030E6F5+2156277]
Ordinal0 [0x0031F26E+2224750]
BaseThreadInitThunk [0x76AFFA29+25]
RtlGetAppContainerNamedObjectPath [0x77AE76B4+228]
RtlGetAppContainerNamedObjectPath [0x77AE7684+180]
]]>
            </message>
            <full-stacktrace>
              <![CDATA[org.openqa.selenium.SessionNotCreatedException: session not created: This version of ChromeDriver only supports Chrome version 86
Current browser version is 89.0.4389.82 with binary path C:\Program Files\Google\Chrome\Application\chrome.exe
Build info: version: '3.141.59', revision: 'e82be7d358', time: '2018-11-14T08:17:03'
System info: host: 'DESKTOP-QOP9CLH', ip: '192.168.1.5', os.name: 'Windows 10', os.arch: 'amd64', os.version: '10.0', java.version: '14.0.2'
Driver info: driver.version: ChromeDriver
remote stacktrace: Backtrace:
Ordinal0 [0x0040C013+3194899]
Ordinal0 [0x002F6021+2056225]
Ordinal0 [0x0018F608+587272]
Ordinal0 [0x00111BF3+72691]
Ordinal0 [0x0010E229+57897]
Ordinal0 [0x0010C64A+50762]
Ordinal0 [0x00131EE9+204521]
Ordinal0 [0x00131D0D+204045]
Ordinal0 [0x0012FC1B+195611]
Ordinal0 [0x00113B7F+80767]
Ordinal0 [0x00114B4E+84814]
Ordinal0 [0x00114AD9+84697]
Ordinal0 [0x0030CE64+2149988]
GetHandleVerifier [0x0057BE95+1400773]
GetHandleVerifier [0x0057BB61+1399953]
GetHandleVerifier [0x005831FA+1430314]
GetHandleVerifier [0x0057C69F+1402831]
Ordinal0 [0x00303D61+2112865]
Ordinal0 [0x0030E5CB+2155979]
Ordinal0 [0x0030E6F5+2156277]
Ordinal0 [0x0031F26E+2224750]
BaseThreadInitThunk [0x76AFFA29+25]
RtlGetAppContainerNamedObjectPath [0x77AE76B4+228]
RtlGetAppContainerNamedObjectPath [0x77AE7684+180]

at java.base/jdk.internal.reflect.NativeConstructorAccessorImpl.newInstance0(Native Method)
at java.base/jdk.internal.reflect.NativeConstructorAccessorImpl.newInstance(NativeConstructorAccessorImpl.java:62)
at java.base/jdk.internal.reflect.DelegatingConstructorAccessorImpl.newInstance(DelegatingConstructorAccessorImpl.java:45)
at java.base/java.lang.reflect.Constructor.newInstanceWithCaller(Constructor.java:500)
at java.base/java.lang.reflect.Constructor.newInstance(Constructor.java:481)
at org.openqa.selenium.remote.W3CHandshakeResponse.lambda$errorHandler$0(W3CHandshakeResponse.java:62)
at org.openqa.selenium.remote.HandshakeResponse.lambda$getResponseFunction$0(HandshakeResponse.java:30)
at org.openqa.selenium.remote.ProtocolHandshake.lambda$createSession$0(ProtocolHandshake.java:126)
at java.base/java.util.stream.ReferencePipeline$3$1.accept(ReferencePipeline.java:195)
at java.base/java.util.Spliterators$ArraySpliterator.tryAdvance(Spliterators.java:958)
at java.base/java.util.stream.ReferencePipeline.forEachWithCancel(ReferencePipeline.java:127)
at java.base/java.util.stream.AbstractPipeline.copyIntoWithCancel(AbstractPipeline.java:502)
at java.base/java.util.stream.AbstractPipeline.copyInto(AbstractPipeline.java:488)
at java.base/java.util.stream.AbstractPipeline.wrapAndCopyInto(AbstractPipeline.java:474)
at java.base/java.util.stream.FindOps$FindOp.evaluateSequential(FindOps.java:150)
at java.base/java.util.stream.AbstractPipeline.evaluate(AbstractPipeline.java:234)
at java.base/java.util.stream.ReferencePipeline.findFirst(ReferencePipeline.java:543)
at org.openqa.selenium.remote.ProtocolHandshake.createSession(ProtocolHandshake.java:128)
at org.openqa.selenium.remote.ProtocolHandshake.createSession(ProtocolHandshake.java:74)
at org.openqa.selenium.remote.HttpCommandExecutor.execute(HttpCommandExecutor.java:136)
at org.openqa.selenium.remote.service.DriverCommandExecutor.execute(DriverCommandExecutor.java:83)
at org.openqa.selenium.remote.RemoteWebDriver.execute(RemoteWebDriver.java:552)
at org.openqa.selenium.remote.RemoteWebDriver.startSession(RemoteWebDriver.java:213)
at org.openqa.selenium.remote.RemoteWebDriver.<init>(RemoteWebDriver.java:131)
at org.openqa.selenium.chrome.ChromeDriver.<init>(ChromeDriver.java:181)
at org.openqa.selenium.chrome.ChromeDriver.<init>(ChromeDriver.java:168)
at org.openqa.selenium.chrome.ChromeDriver.<init>(ChromeDriver.java:123)
at Core.Base.webDriver(Base.java:17)
at java.base/jdk.internal.reflect.NativeMethodAccessorImpl.invoke0(Native Method)
at java.base/jdk.internal.reflect.NativeMethodAccessorImpl.invoke(NativeMethodAccessorImpl.java:62)
at java.base/jdk.internal.reflect.DelegatingMethodAccessorImpl.invoke(DelegatingMethodAccessorImpl.java:43)
at java.base/java.lang.reflect.Method.invoke(Method.java:564)
at org.testng.internal.MethodInvocationHelper.invokeMethod(MethodInvocationHelper.java:132)
at org.testng.internal.MethodInvocationHelper.invokeMethodConsideringTimeout(MethodInvocationHelper.java:61)
at org.testng.internal.ConfigInvoker.invokeConfigurationMethod(ConfigInvoker.java:366)
at org.testng.internal.ConfigInvoker.invokeConfigurations(ConfigInvoker.java:320)
at org.testng.SuiteRunner.privateRun(SuiteRunner.java:327)
at org.testng.SuiteRunner.run(SuiteRunner.java:286)
at org.testng.SuiteRunnerWorker.runSuite(SuiteRunnerWorker.java:53)
at org.testng.SuiteRunnerWorker.run(SuiteRunnerWorker.java:96)
at org.testng.TestNG.runSuitesSequentially(TestNG.java:1218)
at org.testng.TestNG.runSuitesLocally(TestNG.java:1140)
at org.testng.TestNG.runSuites(TestNG.java:1069)
at org.testng.TestNG.run(TestNG.java:1037)
at org.testng.remote.AbstractRemoteTestNG.run(AbstractRemoteTestNG.java:115)
at org.testng.remote.RemoteTestNG.initAndRun(RemoteTestNG.java:251)
at org.testng.remote.RemoteTestNG.main(RemoteTestNG.java:77)
]]>
            </full-stacktrace>
          </exception> <!-- org.openqa.selenium.SessionNotCreatedException -->
          <reporter-output>
          </reporter-output>
        </test-method> <!-- get_data -->
        <test-method signature="call_waiter()[pri:6, instance:dine_in.Edit_Order@29d89d5d]" started-at="2021-03-14T10:13:33 EET" name="call_waiter" finished-at="2021-03-14T10:13:33 EET" duration-ms="0" status="SKIP">
          <exception class="org.openqa.selenium.SessionNotCreatedException">
            <message>
              <![CDATA[session not created: This version of ChromeDriver only supports Chrome version 86
Current browser version is 89.0.4389.82 with binary path C:\Program Files\Google\Chrome\Application\chrome.exe
Build info: version: '3.141.59', revision: 'e82be7d358', time: '2018-11-14T08:17:03'
System info: host: 'DESKTOP-QOP9CLH', ip: '192.168.1.5', os.name: 'Windows 10', os.arch: 'amd64', os.version: '10.0', java.version: '14.0.2'
Driver info: driver.version: ChromeDriver
remote stacktrace: Backtrace:
Ordinal0 [0x0040C013+3194899]
Ordinal0 [0x002F6021+2056225]
Ordinal0 [0x0018F608+587272]
Ordinal0 [0x00111BF3+72691]
Ordinal0 [0x0010E229+57897]
Ordinal0 [0x0010C64A+50762]
Ordinal0 [0x00131EE9+204521]
Ordinal0 [0x00131D0D+204045]
Ordinal0 [0x0012FC1B+195611]
Ordinal0 [0x00113B7F+80767]
Ordinal0 [0x00114B4E+84814]
Ordinal0 [0x00114AD9+84697]
Ordinal0 [0x0030CE64+2149988]
GetHandleVerifier [0x0057BE95+1400773]
GetHandleVerifier [0x0057BB61+1399953]
GetHandleVerifier [0x005831FA+1430314]
GetHandleVerifier [0x0057C69F+1402831]
Ordinal0 [0x00303D61+2112865]
Ordinal0 [0x0030E5CB+2155979]
Ordinal0 [0x0030E6F5+2156277]
Ordinal0 [0x0031F26E+2224750]
BaseThreadInitThunk [0x76AFFA29+25]
RtlGetAppContainerNamedObjectPath [0x77AE76B4+228]
RtlGetAppContainerNamedObjectPath [0x77AE7684+180]
]]>
            </message>
            <full-stacktrace>
              <![CDATA[org.openqa.selenium.SessionNotCreatedException: session not created: This version of ChromeDriver only supports Chrome version 86
Current browser version is 89.0.4389.82 with binary path C:\Program Files\Google\Chrome\Application\chrome.exe
Build info: version: '3.141.59', revision: 'e82be7d358', time: '2018-11-14T08:17:03'
System info: host: 'DESKTOP-QOP9CLH', ip: '192.168.1.5', os.name: 'Windows 10', os.arch: 'amd64', os.version: '10.0', java.version: '14.0.2'
Driver info: driver.version: ChromeDriver
remote stacktrace: Backtrace:
Ordinal0 [0x0040C013+3194899]
Ordinal0 [0x002F6021+2056225]
Ordinal0 [0x0018F608+587272]
Ordinal0 [0x00111BF3+72691]
Ordinal0 [0x0010E229+57897]
Ordinal0 [0x0010C64A+50762]
Ordinal0 [0x00131EE9+204521]
Ordinal0 [0x00131D0D+204045]
Ordinal0 [0x0012FC1B+195611]
Ordinal0 [0x00113B7F+80767]
Ordinal0 [0x00114B4E+84814]
Ordinal0 [0x00114AD9+84697]
Ordinal0 [0x0030CE64+2149988]
GetHandleVerifier [0x0057BE95+1400773]
GetHandleVerifier [0x0057BB61+1399953]
GetHandleVerifier [0x005831FA+1430314]
GetHandleVerifier [0x0057C69F+1402831]
Ordinal0 [0x00303D61+2112865]
Ordinal0 [0x0030E5CB+2155979]
Ordinal0 [0x0030E6F5+2156277]
Ordinal0 [0x0031F26E+2224750]
BaseThreadInitThunk [0x76AFFA29+25]
RtlGetAppContainerNamedObjectPath [0x77AE76B4+228]
RtlGetAppContainerNamedObjectPath [0x77AE7684+180]

at java.base/jdk.internal.reflect.NativeConstructorAccessorImpl.newInstance0(Native Method)
at java.base/jdk.internal.reflect.NativeConstructorAccessorImpl.newInstance(NativeConstructorAccessorImpl.java:62)
at java.base/jdk.internal.reflect.DelegatingConstructorAccessorImpl.newInstance(DelegatingConstructorAccessorImpl.java:45)
at java.base/java.lang.reflect.Constructor.newInstanceWithCaller(Constructor.java:500)
at java.base/java.lang.reflect.Constructor.newInstance(Constructor.java:481)
at org.openqa.selenium.remote.W3CHandshakeResponse.lambda$errorHandler$0(W3CHandshakeResponse.java:62)
at org.openqa.selenium.remote.HandshakeResponse.lambda$getResponseFunction$0(HandshakeResponse.java:30)
at org.openqa.selenium.remote.ProtocolHandshake.lambda$createSession$0(ProtocolHandshake.java:126)
at java.base/java.util.stream.ReferencePipeline$3$1.accept(ReferencePipeline.java:195)
at java.base/java.util.Spliterators$ArraySpliterator.tryAdvance(Spliterators.java:958)
at java.base/java.util.stream.ReferencePipeline.forEachWithCancel(ReferencePipeline.java:127)
at java.base/java.util.stream.AbstractPipeline.copyIntoWithCancel(AbstractPipeline.java:502)
at java.base/java.util.stream.AbstractPipeline.copyInto(AbstractPipeline.java:488)
at java.base/java.util.stream.AbstractPipeline.wrapAndCopyInto(AbstractPipeline.java:474)
at java.base/java.util.stream.FindOps$FindOp.evaluateSequential(FindOps.java:150)
at java.base/java.util.stream.AbstractPipeline.evaluate(AbstractPipeline.java:234)
at java.base/java.util.stream.ReferencePipeline.findFirst(ReferencePipeline.java:543)
at org.openqa.selenium.remote.ProtocolHandshake.createSession(ProtocolHandshake.java:128)
at org.openqa.selenium.remote.ProtocolHandshake.createSession(ProtocolHandshake.java:74)
at org.openqa.selenium.remote.HttpCommandExecutor.execute(HttpCommandExecutor.java:136)
at org.openqa.selenium.remote.service.DriverCommandExecutor.execute(DriverCommandExecutor.java:83)
at org.openqa.selenium.remote.RemoteWebDriver.execute(RemoteWebDriver.java:552)
at org.openqa.selenium.remote.RemoteWebDriver.startSession(RemoteWebDriver.java:213)
at org.openqa.selenium.remote.RemoteWebDriver.<init>(RemoteWebDriver.java:131)
at org.openqa.selenium.chrome.ChromeDriver.<init>(ChromeDriver.java:181)
at org.openqa.selenium.chrome.ChromeDriver.<init>(ChromeDriver.java:168)
at org.openqa.selenium.chrome.ChromeDriver.<init>(ChromeDriver.java:123)
at Core.Base.webDriver(Base.java:17)
at java.base/jdk.internal.reflect.NativeMethodAccessorImpl.invoke0(Native Method)
at java.base/jdk.internal.reflect.NativeMethodAccessorImpl.invoke(NativeMethodAccessorImpl.java:62)
at java.base/jdk.internal.reflect.DelegatingMethodAccessorImpl.invoke(DelegatingMethodAccessorImpl.java:43)
at java.base/java.lang.reflect.Method.invoke(Method.java:564)
at org.testng.internal.MethodInvocationHelper.invokeMethod(MethodInvocationHelper.java:132)
at org.testng.internal.MethodInvocationHelper.invokeMethodConsideringTimeout(MethodInvocationHelper.java:61)
at org.testng.internal.ConfigInvoker.invokeConfigurationMethod(ConfigInvoker.java:366)
at org.testng.internal.ConfigInvoker.invokeConfigurations(ConfigInvoker.java:320)
at org.testng.SuiteRunner.privateRun(SuiteRunner.java:327)
at org.testng.SuiteRunner.run(SuiteRunner.java:286)
at org.testng.SuiteRunnerWorker.runSuite(SuiteRunnerWorker.java:53)
at org.testng.SuiteRunnerWorker.run(SuiteRunnerWorker.java:96)
at org.testng.TestNG.runSuitesSequentially(TestNG.java:1218)
at org.testng.TestNG.runSuitesLocally(TestNG.java:1140)
at org.testng.TestNG.runSuites(TestNG.java:1069)
at org.testng.TestNG.run(TestNG.java:1037)
at org.testng.remote.AbstractRemoteTestNG.run(AbstractRemoteTestNG.java:115)
at org.testng.remote.RemoteTestNG.initAndRun(RemoteTestNG.java:251)
at org.testng.remote.RemoteTestNG.main(RemoteTestNG.java:77)
]]>
            </full-stacktrace>
          </exception> <!-- org.openqa.selenium.SessionNotCreatedException -->
          <reporter-output>
          </reporter-output>
        </test-method> <!-- call_waiter -->
        <test-method signature="payment_data()[pri:7, instance:dine_in.Edit_Order@29d89d5d]" started-at="2021-03-14T10:13:33 EET" name="payment_data" finished-at="2021-03-14T10:13:33 EET" duration-ms="0" status="SKIP">
          <exception class="org.openqa.selenium.SessionNotCreatedException">
            <message>
              <![CDATA[session not created: This version of ChromeDriver only supports Chrome version 86
Current browser version is 89.0.4389.82 with binary path C:\Program Files\Google\Chrome\Application\chrome.exe
Build info: version: '3.141.59', revision: 'e82be7d358', time: '2018-11-14T08:17:03'
System info: host: 'DESKTOP-QOP9CLH', ip: '192.168.1.5', os.name: 'Windows 10', os.arch: 'amd64', os.version: '10.0', java.version: '14.0.2'
Driver info: driver.version: ChromeDriver
remote stacktrace: Backtrace:
Ordinal0 [0x0040C013+3194899]
Ordinal0 [0x002F6021+2056225]
Ordinal0 [0x0018F608+587272]
Ordinal0 [0x00111BF3+72691]
Ordinal0 [0x0010E229+57897]
Ordinal0 [0x0010C64A+50762]
Ordinal0 [0x00131EE9+204521]
Ordinal0 [0x00131D0D+204045]
Ordinal0 [0x0012FC1B+195611]
Ordinal0 [0x00113B7F+80767]
Ordinal0 [0x00114B4E+84814]
Ordinal0 [0x00114AD9+84697]
Ordinal0 [0x0030CE64+2149988]
GetHandleVerifier [0x0057BE95+1400773]
GetHandleVerifier [0x0057BB61+1399953]
GetHandleVerifier [0x005831FA+1430314]
GetHandleVerifier [0x0057C69F+1402831]
Ordinal0 [0x00303D61+2112865]
Ordinal0 [0x0030E5CB+2155979]
Ordinal0 [0x0030E6F5+2156277]
Ordinal0 [0x0031F26E+2224750]
BaseThreadInitThunk [0x76AFFA29+25]
RtlGetAppContainerNamedObjectPath [0x77AE76B4+228]
RtlGetAppContainerNamedObjectPath [0x77AE7684+180]
]]>
            </message>
            <full-stacktrace>
              <![CDATA[org.openqa.selenium.SessionNotCreatedException: session not created: This version of ChromeDriver only supports Chrome version 86
Current browser version is 89.0.4389.82 with binary path C:\Program Files\Google\Chrome\Application\chrome.exe
Build info: version: '3.141.59', revision: 'e82be7d358', time: '2018-11-14T08:17:03'
System info: host: 'DESKTOP-QOP9CLH', ip: '192.168.1.5', os.name: 'Windows 10', os.arch: 'amd64', os.version: '10.0', java.version: '14.0.2'
Driver info: driver.version: ChromeDriver
remote stacktrace: Backtrace:
Ordinal0 [0x0040C013+3194899]
Ordinal0 [0x002F6021+2056225]
Ordinal0 [0x0018F608+587272]
Ordinal0 [0x00111BF3+72691]
Ordinal0 [0x0010E229+57897]
Ordinal0 [0x0010C64A+50762]
Ordinal0 [0x00131EE9+204521]
Ordinal0 [0x00131D0D+204045]
Ordinal0 [0x0012FC1B+195611]
Ordinal0 [0x00113B7F+80767]
Ordinal0 [0x00114B4E+84814]
Ordinal0 [0x00114AD9+84697]
Ordinal0 [0x0030CE64+2149988]
GetHandleVerifier [0x0057BE95+1400773]
GetHandleVerifier [0x0057BB61+1399953]
GetHandleVerifier [0x005831FA+1430314]
GetHandleVerifier [0x0057C69F+1402831]
Ordinal0 [0x00303D61+2112865]
Ordinal0 [0x0030E5CB+2155979]
Ordinal0 [0x0030E6F5+2156277]
Ordinal0 [0x0031F26E+2224750]
BaseThreadInitThunk [0x76AFFA29+25]
RtlGetAppContainerNamedObjectPath [0x77AE76B4+228]
RtlGetAppContainerNamedObjectPath [0x77AE7684+180]

at java.base/jdk.internal.reflect.NativeConstructorAccessorImpl.newInstance0(Native Method)
at java.base/jdk.internal.reflect.NativeConstructorAccessorImpl.newInstance(NativeConstructorAccessorImpl.java:62)
at java.base/jdk.internal.reflect.DelegatingConstructorAccessorImpl.newInstance(DelegatingConstructorAccessorImpl.java:45)
at java.base/java.lang.reflect.Constructor.newInstanceWithCaller(Constructor.java:500)
at java.base/java.lang.reflect.Constructor.newInstance(Constructor.java:481)
at org.openqa.selenium.remote.W3CHandshakeResponse.lambda$errorHandler$0(W3CHandshakeResponse.java:62)
at org.openqa.selenium.remote.HandshakeResponse.lambda$getResponseFunction$0(HandshakeResponse.java:30)
at org.openqa.selenium.remote.ProtocolHandshake.lambda$createSession$0(ProtocolHandshake.java:126)
at java.base/java.util.stream.ReferencePipeline$3$1.accept(ReferencePipeline.java:195)
at java.base/java.util.Spliterators$ArraySpliterator.tryAdvance(Spliterators.java:958)
at java.base/java.util.stream.ReferencePipeline.forEachWithCancel(ReferencePipeline.java:127)
at java.base/java.util.stream.AbstractPipeline.copyIntoWithCancel(AbstractPipeline.java:502)
at java.base/java.util.stream.AbstractPipeline.copyInto(AbstractPipeline.java:488)
at java.base/java.util.stream.AbstractPipeline.wrapAndCopyInto(AbstractPipeline.java:474)
at java.base/java.util.stream.FindOps$FindOp.evaluateSequential(FindOps.java:150)
at java.base/java.util.stream.AbstractPipeline.evaluate(AbstractPipeline.java:234)
at java.base/java.util.stream.ReferencePipeline.findFirst(ReferencePipeline.java:543)
at org.openqa.selenium.remote.ProtocolHandshake.createSession(ProtocolHandshake.java:128)
at org.openqa.selenium.remote.ProtocolHandshake.createSession(ProtocolHandshake.java:74)
at org.openqa.selenium.remote.HttpCommandExecutor.execute(HttpCommandExecutor.java:136)
at org.openqa.selenium.remote.service.DriverCommandExecutor.execute(DriverCommandExecutor.java:83)
at org.openqa.selenium.remote.RemoteWebDriver.execute(RemoteWebDriver.java:552)
at org.openqa.selenium.remote.RemoteWebDriver.startSession(RemoteWebDriver.java:213)
at org.openqa.selenium.remote.RemoteWebDriver.<init>(RemoteWebDriver.java:131)
at org.openqa.selenium.chrome.ChromeDriver.<init>(ChromeDriver.java:181)
at org.openqa.selenium.chrome.ChromeDriver.<init>(ChromeDriver.java:168)
at org.openqa.selenium.chrome.ChromeDriver.<init>(ChromeDriver.java:123)
at Core.Base.webDriver(Base.java:17)
at java.base/jdk.internal.reflect.NativeMethodAccessorImpl.invoke0(Native Method)
at java.base/jdk.internal.reflect.NativeMethodAccessorImpl.invoke(NativeMethodAccessorImpl.java:62)
at java.base/jdk.internal.reflect.DelegatingMethodAccessorImpl.invoke(DelegatingMethodAccessorImpl.java:43)
at java.base/java.lang.reflect.Method.invoke(Method.java:564)
at org.testng.internal.MethodInvocationHelper.invokeMethod(MethodInvocationHelper.java:132)
at org.testng.internal.MethodInvocationHelper.invokeMethodConsideringTimeout(MethodInvocationHelper.java:61)
at org.testng.internal.ConfigInvoker.invokeConfigurationMethod(ConfigInvoker.java:366)
at org.testng.internal.ConfigInvoker.invokeConfigurations(ConfigInvoker.java:320)
at org.testng.SuiteRunner.privateRun(SuiteRunner.java:327)
at org.testng.SuiteRunner.run(SuiteRunner.java:286)
at org.testng.SuiteRunnerWorker.runSuite(SuiteRunnerWorker.java:53)
at org.testng.SuiteRunnerWorker.run(SuiteRunnerWorker.java:96)
at org.testng.TestNG.runSuitesSequentially(TestNG.java:1218)
at org.testng.TestNG.runSuitesLocally(TestNG.java:1140)
at org.testng.TestNG.runSuites(TestNG.java:1069)
at org.testng.TestNG.run(TestNG.java:1037)
at org.testng.remote.AbstractRemoteTestNG.run(AbstractRemoteTestNG.java:115)
at org.testng.remote.RemoteTestNG.initAndRun(RemoteTestNG.java:251)
at org.testng.remote.RemoteTestNG.main(RemoteTestNG.java:77)
]]>
            </full-stacktrace>
          </exception> <!-- org.openqa.selenium.SessionNotCreatedException -->
          <reporter-output>
          </reporter-output>
        </test-method> <!-- payment_data -->
        <test-method signature="payment()[pri:8, instance:dine_in.Edit_Order@29d89d5d]" started-at="2021-03-14T10:13:33 EET" name="payment" finished-at="2021-03-14T10:13:33 EET" duration-ms="0" status="SKIP">
          <exception class="org.openqa.selenium.SessionNotCreatedException">
            <message>
              <![CDATA[session not created: This version of ChromeDriver only supports Chrome version 86
Current browser version is 89.0.4389.82 with binary path C:\Program Files\Google\Chrome\Application\chrome.exe
Build info: version: '3.141.59', revision: 'e82be7d358', time: '2018-11-14T08:17:03'
System info: host: 'DESKTOP-QOP9CLH', ip: '192.168.1.5', os.name: 'Windows 10', os.arch: 'amd64', os.version: '10.0', java.version: '14.0.2'
Driver info: driver.version: ChromeDriver
remote stacktrace: Backtrace:
Ordinal0 [0x0040C013+3194899]
Ordinal0 [0x002F6021+2056225]
Ordinal0 [0x0018F608+587272]
Ordinal0 [0x00111BF3+72691]
Ordinal0 [0x0010E229+57897]
Ordinal0 [0x0010C64A+50762]
Ordinal0 [0x00131EE9+204521]
Ordinal0 [0x00131D0D+204045]
Ordinal0 [0x0012FC1B+195611]
Ordinal0 [0x00113B7F+80767]
Ordinal0 [0x00114B4E+84814]
Ordinal0 [0x00114AD9+84697]
Ordinal0 [0x0030CE64+2149988]
GetHandleVerifier [0x0057BE95+1400773]
GetHandleVerifier [0x0057BB61+1399953]
GetHandleVerifier [0x005831FA+1430314]
GetHandleVerifier [0x0057C69F+1402831]
Ordinal0 [0x00303D61+2112865]
Ordinal0 [0x0030E5CB+2155979]
Ordinal0 [0x0030E6F5+2156277]
Ordinal0 [0x0031F26E+2224750]
BaseThreadInitThunk [0x76AFFA29+25]
RtlGetAppContainerNamedObjectPath [0x77AE76B4+228]
RtlGetAppContainerNamedObjectPath [0x77AE7684+180]
]]>
            </message>
            <full-stacktrace>
              <![CDATA[org.openqa.selenium.SessionNotCreatedException: session not created: This version of ChromeDriver only supports Chrome version 86
Current browser version is 89.0.4389.82 with binary path C:\Program Files\Google\Chrome\Application\chrome.exe
Build info: version: '3.141.59', revision: 'e82be7d358', time: '2018-11-14T08:17:03'
System info: host: 'DESKTOP-QOP9CLH', ip: '192.168.1.5', os.name: 'Windows 10', os.arch: 'amd64', os.version: '10.0', java.version: '14.0.2'
Driver info: driver.version: ChromeDriver
remote stacktrace: Backtrace:
Ordinal0 [0x0040C013+3194899]
Ordinal0 [0x002F6021+2056225]
Ordinal0 [0x0018F608+587272]
Ordinal0 [0x00111BF3+72691]
Ordinal0 [0x0010E229+57897]
Ordinal0 [0x0010C64A+50762]
Ordinal0 [0x00131EE9+204521]
Ordinal0 [0x00131D0D+204045]
Ordinal0 [0x0012FC1B+195611]
Ordinal0 [0x00113B7F+80767]
Ordinal0 [0x00114B4E+84814]
Ordinal0 [0x00114AD9+84697]
Ordinal0 [0x0030CE64+2149988]
GetHandleVerifier [0x0057BE95+1400773]
GetHandleVerifier [0x0057BB61+1399953]
GetHandleVerifier [0x005831FA+1430314]
GetHandleVerifier [0x0057C69F+1402831]
Ordinal0 [0x00303D61+2112865]
Ordinal0 [0x0030E5CB+2155979]
Ordinal0 [0x0030E6F5+2156277]
Ordinal0 [0x0031F26E+2224750]
BaseThreadInitThunk [0x76AFFA29+25]
RtlGetAppContainerNamedObjectPath [0x77AE76B4+228]
RtlGetAppContainerNamedObjectPath [0x77AE7684+180]

at java.base/jdk.internal.reflect.NativeConstructorAccessorImpl.newInstance0(Native Method)
at java.base/jdk.internal.reflect.NativeConstructorAccessorImpl.newInstance(NativeConstructorAccessorImpl.java:62)
at java.base/jdk.internal.reflect.DelegatingConstructorAccessorImpl.newInstance(DelegatingConstructorAccessorImpl.java:45)
at java.base/java.lang.reflect.Constructor.newInstanceWithCaller(Constructor.java:500)
at java.base/java.lang.reflect.Constructor.newInstance(Constructor.java:481)
at org.openqa.selenium.remote.W3CHandshakeResponse.lambda$errorHandler$0(W3CHandshakeResponse.java:62)
at org.openqa.selenium.remote.HandshakeResponse.lambda$getResponseFunction$0(HandshakeResponse.java:30)
at org.openqa.selenium.remote.ProtocolHandshake.lambda$createSession$0(ProtocolHandshake.java:126)
at java.base/java.util.stream.ReferencePipeline$3$1.accept(ReferencePipeline.java:195)
at java.base/java.util.Spliterators$ArraySpliterator.tryAdvance(Spliterators.java:958)
at java.base/java.util.stream.ReferencePipeline.forEachWithCancel(ReferencePipeline.java:127)
at java.base/java.util.stream.AbstractPipeline.copyIntoWithCancel(AbstractPipeline.java:502)
at java.base/java.util.stream.AbstractPipeline.copyInto(AbstractPipeline.java:488)
at java.base/java.util.stream.AbstractPipeline.wrapAndCopyInto(AbstractPipeline.java:474)
at java.base/java.util.stream.FindOps$FindOp.evaluateSequential(FindOps.java:150)
at java.base/java.util.stream.AbstractPipeline.evaluate(AbstractPipeline.java:234)
at java.base/java.util.stream.ReferencePipeline.findFirst(ReferencePipeline.java:543)
at org.openqa.selenium.remote.ProtocolHandshake.createSession(ProtocolHandshake.java:128)
at org.openqa.selenium.remote.ProtocolHandshake.createSession(ProtocolHandshake.java:74)
at org.openqa.selenium.remote.HttpCommandExecutor.execute(HttpCommandExecutor.java:136)
at org.openqa.selenium.remote.service.DriverCommandExecutor.execute(DriverCommandExecutor.java:83)
at org.openqa.selenium.remote.RemoteWebDriver.execute(RemoteWebDriver.java:552)
at org.openqa.selenium.remote.RemoteWebDriver.startSession(RemoteWebDriver.java:213)
at org.openqa.selenium.remote.RemoteWebDriver.<init>(RemoteWebDriver.java:131)
at org.openqa.selenium.chrome.ChromeDriver.<init>(ChromeDriver.java:181)
at org.openqa.selenium.chrome.ChromeDriver.<init>(ChromeDriver.java:168)
at org.openqa.selenium.chrome.ChromeDriver.<init>(ChromeDriver.java:123)
at Core.Base.webDriver(Base.java:17)
at java.base/jdk.internal.reflect.NativeMethodAccessorImpl.invoke0(Native Method)
at java.base/jdk.internal.reflect.NativeMethodAccessorImpl.invoke(NativeMethodAccessorImpl.java:62)
at java.base/jdk.internal.reflect.DelegatingMethodAccessorImpl.invoke(DelegatingMethodAccessorImpl.java:43)
at java.base/java.lang.reflect.Method.invoke(Method.java:564)
at org.testng.internal.MethodInvocationHelper.invokeMethod(MethodInvocationHelper.java:132)
at org.testng.internal.MethodInvocationHelper.invokeMethodConsideringTimeout(MethodInvocationHelper.java:61)
at org.testng.internal.ConfigInvoker.invokeConfigurationMethod(ConfigInvoker.java:366)
at org.testng.internal.ConfigInvoker.invokeConfigurations(ConfigInvoker.java:320)
at org.testng.SuiteRunner.privateRun(SuiteRunner.java:327)
at org.testng.SuiteRunner.run(SuiteRunner.java:286)
at org.testng.SuiteRunnerWorker.runSuite(SuiteRunnerWorker.java:53)
at org.testng.SuiteRunnerWorker.run(SuiteRunnerWorker.java:96)
at org.testng.TestNG.runSuitesSequentially(TestNG.java:1218)
at org.testng.TestNG.runSuitesLocally(TestNG.java:1140)
at org.testng.TestNG.runSuites(TestNG.java:1069)
at org.testng.TestNG.run(TestNG.java:1037)
at org.testng.remote.AbstractRemoteTestNG.run(AbstractRemoteTestNG.java:115)
at org.testng.remote.RemoteTestNG.initAndRun(RemoteTestNG.java:251)
at org.testng.remote.RemoteTestNG.main(RemoteTestNG.java:77)
]]>
            </full-stacktrace>
          </exception> <!-- org.openqa.selenium.SessionNotCreatedException -->
          <reporter-output>
          </reporter-output>
        </test-method> <!-- payment -->
      </class> <!-- dine_in.Edit_Order -->
      <class name="dine_in.Settings">
        <test-method signature="DineInSetting_negative_numbers()[pri:1, instance:dine_in.Settings@d29f28]" started-at="2021-03-14T10:13:33 EET" name="DineInSetting_negative_numbers" finished-at="2021-03-14T10:13:33 EET" duration-ms="0" status="SKIP">
          <exception class="org.openqa.selenium.SessionNotCreatedException">
            <message>
              <![CDATA[session not created: This version of ChromeDriver only supports Chrome version 86
Current browser version is 89.0.4389.82 with binary path C:\Program Files\Google\Chrome\Application\chrome.exe
Build info: version: '3.141.59', revision: 'e82be7d358', time: '2018-11-14T08:17:03'
System info: host: 'DESKTOP-QOP9CLH', ip: '192.168.1.5', os.name: 'Windows 10', os.arch: 'amd64', os.version: '10.0', java.version: '14.0.2'
Driver info: driver.version: ChromeDriver
remote stacktrace: Backtrace:
Ordinal0 [0x0040C013+3194899]
Ordinal0 [0x002F6021+2056225]
Ordinal0 [0x0018F608+587272]
Ordinal0 [0x00111BF3+72691]
Ordinal0 [0x0010E229+57897]
Ordinal0 [0x0010C64A+50762]
Ordinal0 [0x00131EE9+204521]
Ordinal0 [0x00131D0D+204045]
Ordinal0 [0x0012FC1B+195611]
Ordinal0 [0x00113B7F+80767]
Ordinal0 [0x00114B4E+84814]
Ordinal0 [0x00114AD9+84697]
Ordinal0 [0x0030CE64+2149988]
GetHandleVerifier [0x0057BE95+1400773]
GetHandleVerifier [0x0057BB61+1399953]
GetHandleVerifier [0x005831FA+1430314]
GetHandleVerifier [0x0057C69F+1402831]
Ordinal0 [0x00303D61+2112865]
Ordinal0 [0x0030E5CB+2155979]
Ordinal0 [0x0030E6F5+2156277]
Ordinal0 [0x0031F26E+2224750]
BaseThreadInitThunk [0x76AFFA29+25]
RtlGetAppContainerNamedObjectPath [0x77AE76B4+228]
RtlGetAppContainerNamedObjectPath [0x77AE7684+180]
]]>
            </message>
            <full-stacktrace>
              <![CDATA[org.openqa.selenium.SessionNotCreatedException: session not created: This version of ChromeDriver only supports Chrome version 86
Current browser version is 89.0.4389.82 with binary path C:\Program Files\Google\Chrome\Application\chrome.exe
Build info: version: '3.141.59', revision: 'e82be7d358', time: '2018-11-14T08:17:03'
System info: host: 'DESKTOP-QOP9CLH', ip: '192.168.1.5', os.name: 'Windows 10', os.arch: 'amd64', os.version: '10.0', java.version: '14.0.2'
Driver info: driver.version: ChromeDriver
remote stacktrace: Backtrace:
Ordinal0 [0x0040C013+3194899]
Ordinal0 [0x002F6021+2056225]
Ordinal0 [0x0018F608+587272]
Ordinal0 [0x00111BF3+72691]
Ordinal0 [0x0010E229+57897]
Ordinal0 [0x0010C64A+50762]
Ordinal0 [0x00131EE9+204521]
Ordinal0 [0x00131D0D+204045]
Ordinal0 [0x0012FC1B+195611]
Ordinal0 [0x00113B7F+80767]
Ordinal0 [0x00114B4E+84814]
Ordinal0 [0x00114AD9+84697]
Ordinal0 [0x0030CE64+2149988]
GetHandleVerifier [0x0057BE95+1400773]
GetHandleVerifier [0x0057BB61+1399953]
GetHandleVerifier [0x005831FA+1430314]
GetHandleVerifier [0x0057C69F+1402831]
Ordinal0 [0x00303D61+2112865]
Ordinal0 [0x0030E5CB+2155979]
Ordinal0 [0x0030E6F5+2156277]
Ordinal0 [0x0031F26E+2224750]
BaseThreadInitThunk [0x76AFFA29+25]
RtlGetAppContainerNamedObjectPath [0x77AE76B4+228]
RtlGetAppContainerNamedObjectPath [0x77AE7684+180]

at java.base/jdk.internal.reflect.NativeConstructorAccessorImpl.newInstance0(Native Method)
at java.base/jdk.internal.reflect.NativeConstructorAccessorImpl.newInstance(NativeConstructorAccessorImpl.java:62)
at java.base/jdk.internal.reflect.DelegatingConstructorAccessorImpl.newInstance(DelegatingConstructorAccessorImpl.java:45)
at java.base/java.lang.reflect.Constructor.newInstanceWithCaller(Constructor.java:500)
at java.base/java.lang.reflect.Constructor.newInstance(Constructor.java:481)
at org.openqa.selenium.remote.W3CHandshakeResponse.lambda$errorHandler$0(W3CHandshakeResponse.java:62)
at org.openqa.selenium.remote.HandshakeResponse.lambda$getResponseFunction$0(HandshakeResponse.java:30)
at org.openqa.selenium.remote.ProtocolHandshake.lambda$createSession$0(ProtocolHandshake.java:126)
at java.base/java.util.stream.ReferencePipeline$3$1.accept(ReferencePipeline.java:195)
at java.base/java.util.Spliterators$ArraySpliterator.tryAdvance(Spliterators.java:958)
at java.base/java.util.stream.ReferencePipeline.forEachWithCancel(ReferencePipeline.java:127)
at java.base/java.util.stream.AbstractPipeline.copyIntoWithCancel(AbstractPipeline.java:502)
at java.base/java.util.stream.AbstractPipeline.copyInto(AbstractPipeline.java:488)
at java.base/java.util.stream.AbstractPipeline.wrapAndCopyInto(AbstractPipeline.java:474)
at java.base/java.util.stream.FindOps$FindOp.evaluateSequential(FindOps.java:150)
at java.base/java.util.stream.AbstractPipeline.evaluate(AbstractPipeline.java:234)
at java.base/java.util.stream.ReferencePipeline.findFirst(ReferencePipeline.java:543)
at org.openqa.selenium.remote.ProtocolHandshake.createSession(ProtocolHandshake.java:128)
at org.openqa.selenium.remote.ProtocolHandshake.createSession(ProtocolHandshake.java:74)
at org.openqa.selenium.remote.HttpCommandExecutor.execute(HttpCommandExecutor.java:136)
at org.openqa.selenium.remote.service.DriverCommandExecutor.execute(DriverCommandExecutor.java:83)
at org.openqa.selenium.remote.RemoteWebDriver.execute(RemoteWebDriver.java:552)
at org.openqa.selenium.remote.RemoteWebDriver.startSession(RemoteWebDriver.java:213)
at org.openqa.selenium.remote.RemoteWebDriver.<init>(RemoteWebDriver.java:131)
at org.openqa.selenium.chrome.ChromeDriver.<init>(ChromeDriver.java:181)
at org.openqa.selenium.chrome.ChromeDriver.<init>(ChromeDriver.java:168)
at org.openqa.selenium.chrome.ChromeDriver.<init>(ChromeDriver.java:123)
at Core.Base.webDriver(Base.java:17)
at java.base/jdk.internal.reflect.NativeMethodAccessorImpl.invoke0(Native Method)
at java.base/jdk.internal.reflect.NativeMethodAccessorImpl.invoke(NativeMethodAccessorImpl.java:62)
at java.base/jdk.internal.reflect.DelegatingMethodAccessorImpl.invoke(DelegatingMethodAccessorImpl.java:43)
at java.base/java.lang.reflect.Method.invoke(Method.java:564)
at org.testng.internal.MethodInvocationHelper.invokeMethod(MethodInvocationHelper.java:132)
at org.testng.internal.MethodInvocationHelper.invokeMethodConsideringTimeout(MethodInvocationHelper.java:61)
at org.testng.internal.ConfigInvoker.invokeConfigurationMethod(ConfigInvoker.java:366)
at org.testng.internal.ConfigInvoker.invokeConfigurations(ConfigInvoker.java:320)
at org.testng.SuiteRunner.privateRun(SuiteRunner.java:327)
at org.testng.SuiteRunner.run(SuiteRunner.java:286)
at org.testng.SuiteRunnerWorker.runSuite(SuiteRunnerWorker.java:53)
at org.testng.SuiteRunnerWorker.run(SuiteRunnerWorker.java:96)
at org.testng.TestNG.runSuitesSequentially(TestNG.java:1218)
at org.testng.TestNG.runSuitesLocally(TestNG.java:1140)
at org.testng.TestNG.runSuites(TestNG.java:1069)
at org.testng.TestNG.run(TestNG.java:1037)
at org.testng.remote.AbstractRemoteTestNG.run(AbstractRemoteTestNG.java:115)
at org.testng.remote.RemoteTestNG.initAndRun(RemoteTestNG.java:251)
at org.testng.remote.RemoteTestNG.main(RemoteTestNG.java:77)
]]>
            </full-stacktrace>
          </exception> <!-- org.openqa.selenium.SessionNotCreatedException -->
          <reporter-output>
          </reporter-output>
        </test-method> <!-- DineInSetting_negative_numbers -->
        <test-method signature="DineInSetting_positive_numbers()[pri:2, instance:dine_in.Settings@d29f28]" started-at="2021-03-14T10:13:33 EET" name="DineInSetting_positive_numbers" finished-at="2021-03-14T10:13:33 EET" duration-ms="0" status="SKIP">
          <exception class="org.openqa.selenium.SessionNotCreatedException">
            <message>
              <![CDATA[session not created: This version of ChromeDriver only supports Chrome version 86
Current browser version is 89.0.4389.82 with binary path C:\Program Files\Google\Chrome\Application\chrome.exe
Build info: version: '3.141.59', revision: 'e82be7d358', time: '2018-11-14T08:17:03'
System info: host: 'DESKTOP-QOP9CLH', ip: '192.168.1.5', os.name: 'Windows 10', os.arch: 'amd64', os.version: '10.0', java.version: '14.0.2'
Driver info: driver.version: ChromeDriver
remote stacktrace: Backtrace:
Ordinal0 [0x0040C013+3194899]
Ordinal0 [0x002F6021+2056225]
Ordinal0 [0x0018F608+587272]
Ordinal0 [0x00111BF3+72691]
Ordinal0 [0x0010E229+57897]
Ordinal0 [0x0010C64A+50762]
Ordinal0 [0x00131EE9+204521]
Ordinal0 [0x00131D0D+204045]
Ordinal0 [0x0012FC1B+195611]
Ordinal0 [0x00113B7F+80767]
Ordinal0 [0x00114B4E+84814]
Ordinal0 [0x00114AD9+84697]
Ordinal0 [0x0030CE64+2149988]
GetHandleVerifier [0x0057BE95+1400773]
GetHandleVerifier [0x0057BB61+1399953]
GetHandleVerifier [0x005831FA+1430314]
GetHandleVerifier [0x0057C69F+1402831]
Ordinal0 [0x00303D61+2112865]
Ordinal0 [0x0030E5CB+2155979]
Ordinal0 [0x0030E6F5+2156277]
Ordinal0 [0x0031F26E+2224750]
BaseThreadInitThunk [0x76AFFA29+25]
RtlGetAppContainerNamedObjectPath [0x77AE76B4+228]
RtlGetAppContainerNamedObjectPath [0x77AE7684+180]
]]>
            </message>
            <full-stacktrace>
              <![CDATA[org.openqa.selenium.SessionNotCreatedException: session not created: This version of ChromeDriver only supports Chrome version 86
Current browser version is 89.0.4389.82 with binary path C:\Program Files\Google\Chrome\Application\chrome.exe
Build info: version: '3.141.59', revision: 'e82be7d358', time: '2018-11-14T08:17:03'
System info: host: 'DESKTOP-QOP9CLH', ip: '192.168.1.5', os.name: 'Windows 10', os.arch: 'amd64', os.version: '10.0', java.version: '14.0.2'
Driver info: driver.version: ChromeDriver
remote stacktrace: Backtrace:
Ordinal0 [0x0040C013+3194899]
Ordinal0 [0x002F6021+2056225]
Ordinal0 [0x0018F608+587272]
Ordinal0 [0x00111BF3+72691]
Ordinal0 [0x0010E229+57897]
Ordinal0 [0x0010C64A+50762]
Ordinal0 [0x00131EE9+204521]
Ordinal0 [0x00131D0D+204045]
Ordinal0 [0x0012FC1B+195611]
Ordinal0 [0x00113B7F+80767]
Ordinal0 [0x00114B4E+84814]
Ordinal0 [0x00114AD9+84697]
Ordinal0 [0x0030CE64+2149988]
GetHandleVerifier [0x0057BE95+1400773]
GetHandleVerifier [0x0057BB61+1399953]
GetHandleVerifier [0x005831FA+1430314]
GetHandleVerifier [0x0057C69F+1402831]
Ordinal0 [0x00303D61+2112865]
Ordinal0 [0x0030E5CB+2155979]
Ordinal0 [0x0030E6F5+2156277]
Ordinal0 [0x0031F26E+2224750]
BaseThreadInitThunk [0x76AFFA29+25]
RtlGetAppContainerNamedObjectPath [0x77AE76B4+228]
RtlGetAppContainerNamedObjectPath [0x77AE7684+180]

at java.base/jdk.internal.reflect.NativeConstructorAccessorImpl.newInstance0(Native Method)
at java.base/jdk.internal.reflect.NativeConstructorAccessorImpl.newInstance(NativeConstructorAccessorImpl.java:62)
at java.base/jdk.internal.reflect.DelegatingConstructorAccessorImpl.newInstance(DelegatingConstructorAccessorImpl.java:45)
at java.base/java.lang.reflect.Constructor.newInstanceWithCaller(Constructor.java:500)
at java.base/java.lang.reflect.Constructor.newInstance(Constructor.java:481)
at org.openqa.selenium.remote.W3CHandshakeResponse.lambda$errorHandler$0(W3CHandshakeResponse.java:62)
at org.openqa.selenium.remote.HandshakeResponse.lambda$getResponseFunction$0(HandshakeResponse.java:30)
at org.openqa.selenium.remote.ProtocolHandshake.lambda$createSession$0(ProtocolHandshake.java:126)
at java.base/java.util.stream.ReferencePipeline$3$1.accept(ReferencePipeline.java:195)
at java.base/java.util.Spliterators$ArraySpliterator.tryAdvance(Spliterators.java:958)
at java.base/java.util.stream.ReferencePipeline.forEachWithCancel(ReferencePipeline.java:127)
at java.base/java.util.stream.AbstractPipeline.copyIntoWithCancel(AbstractPipeline.java:502)
at java.base/java.util.stream.AbstractPipeline.copyInto(AbstractPipeline.java:488)
at java.base/java.util.stream.AbstractPipeline.wrapAndCopyInto(AbstractPipeline.java:474)
at java.base/java.util.stream.FindOps$FindOp.evaluateSequential(FindOps.java:150)
at java.base/java.util.stream.AbstractPipeline.evaluate(AbstractPipeline.java:234)
at java.base/java.util.stream.ReferencePipeline.findFirst(ReferencePipeline.java:543)
at org.openqa.selenium.remote.ProtocolHandshake.createSession(ProtocolHandshake.java:128)
at org.openqa.selenium.remote.ProtocolHandshake.createSession(ProtocolHandshake.java:74)
at org.openqa.selenium.remote.HttpCommandExecutor.execute(HttpCommandExecutor.java:136)
at org.openqa.selenium.remote.service.DriverCommandExecutor.execute(DriverCommandExecutor.java:83)
at org.openqa.selenium.remote.RemoteWebDriver.execute(RemoteWebDriver.java:552)
at org.openqa.selenium.remote.RemoteWebDriver.startSession(RemoteWebDriver.java:213)
at org.openqa.selenium.remote.RemoteWebDriver.<init>(RemoteWebDriver.java:131)
at org.openqa.selenium.chrome.ChromeDriver.<init>(ChromeDriver.java:181)
at org.openqa.selenium.chrome.ChromeDriver.<init>(ChromeDriver.java:168)
at org.openqa.selenium.chrome.ChromeDriver.<init>(ChromeDriver.java:123)
at Core.Base.webDriver(Base.java:17)
at java.base/jdk.internal.reflect.NativeMethodAccessorImpl.invoke0(Native Method)
at java.base/jdk.internal.reflect.NativeMethodAccessorImpl.invoke(NativeMethodAccessorImpl.java:62)
at java.base/jdk.internal.reflect.DelegatingMethodAccessorImpl.invoke(DelegatingMethodAccessorImpl.java:43)
at java.base/java.lang.reflect.Method.invoke(Method.java:564)
at org.testng.internal.MethodInvocationHelper.invokeMethod(MethodInvocationHelper.java:132)
at org.testng.internal.MethodInvocationHelper.invokeMethodConsideringTimeout(MethodInvocationHelper.java:61)
at org.testng.internal.ConfigInvoker.invokeConfigurationMethod(ConfigInvoker.java:366)
at org.testng.internal.ConfigInvoker.invokeConfigurations(ConfigInvoker.java:320)
at org.testng.SuiteRunner.privateRun(SuiteRunner.java:327)
at org.testng.SuiteRunner.run(SuiteRunner.java:286)
at org.testng.SuiteRunnerWorker.runSuite(SuiteRunnerWorker.java:53)
at org.testng.SuiteRunnerWorker.run(SuiteRunnerWorker.java:96)
at org.testng.TestNG.runSuitesSequentially(TestNG.java:1218)
at org.testng.TestNG.runSuitesLocally(TestNG.java:1140)
at org.testng.TestNG.runSuites(TestNG.java:1069)
at org.testng.TestNG.run(TestNG.java:1037)
at org.testng.remote.AbstractRemoteTestNG.run(AbstractRemoteTestNG.java:115)
at org.testng.remote.RemoteTestNG.initAndRun(RemoteTestNG.java:251)
at org.testng.remote.RemoteTestNG.main(RemoteTestNG.java:77)
]]>
            </full-stacktrace>
          </exception> <!-- org.openqa.selenium.SessionNotCreatedException -->
          <reporter-output>
          </reporter-output>
        </test-method> <!-- DineInSetting_positive_numbers -->
        <test-method signature="payment_methods()[pri:3, instance:dine_in.Settings@d29f28]" started-at="2021-03-14T10:13:33 EET" name="payment_methods" finished-at="2021-03-14T10:13:33 EET" duration-ms="0" status="SKIP">
          <exception class="org.openqa.selenium.SessionNotCreatedException">
            <message>
              <![CDATA[session not created: This version of ChromeDriver only supports Chrome version 86
Current browser version is 89.0.4389.82 with binary path C:\Program Files\Google\Chrome\Application\chrome.exe
Build info: version: '3.141.59', revision: 'e82be7d358', time: '2018-11-14T08:17:03'
System info: host: 'DESKTOP-QOP9CLH', ip: '192.168.1.5', os.name: 'Windows 10', os.arch: 'amd64', os.version: '10.0', java.version: '14.0.2'
Driver info: driver.version: ChromeDriver
remote stacktrace: Backtrace:
Ordinal0 [0x0040C013+3194899]
Ordinal0 [0x002F6021+2056225]
Ordinal0 [0x0018F608+587272]
Ordinal0 [0x00111BF3+72691]
Ordinal0 [0x0010E229+57897]
Ordinal0 [0x0010C64A+50762]
Ordinal0 [0x00131EE9+204521]
Ordinal0 [0x00131D0D+204045]
Ordinal0 [0x0012FC1B+195611]
Ordinal0 [0x00113B7F+80767]
Ordinal0 [0x00114B4E+84814]
Ordinal0 [0x00114AD9+84697]
Ordinal0 [0x0030CE64+2149988]
GetHandleVerifier [0x0057BE95+1400773]
GetHandleVerifier [0x0057BB61+1399953]
GetHandleVerifier [0x005831FA+1430314]
GetHandleVerifier [0x0057C69F+1402831]
Ordinal0 [0x00303D61+2112865]
Ordinal0 [0x0030E5CB+2155979]
Ordinal0 [0x0030E6F5+2156277]
Ordinal0 [0x0031F26E+2224750]
BaseThreadInitThunk [0x76AFFA29+25]
RtlGetAppContainerNamedObjectPath [0x77AE76B4+228]
RtlGetAppContainerNamedObjectPath [0x77AE7684+180]
]]>
            </message>
            <full-stacktrace>
              <![CDATA[org.openqa.selenium.SessionNotCreatedException: session not created: This version of ChromeDriver only supports Chrome version 86
Current browser version is 89.0.4389.82 with binary path C:\Program Files\Google\Chrome\Application\chrome.exe
Build info: version: '3.141.59', revision: 'e82be7d358', time: '2018-11-14T08:17:03'
System info: host: 'DESKTOP-QOP9CLH', ip: '192.168.1.5', os.name: 'Windows 10', os.arch: 'amd64', os.version: '10.0', java.version: '14.0.2'
Driver info: driver.version: ChromeDriver
remote stacktrace: Backtrace:
Ordinal0 [0x0040C013+3194899]
Ordinal0 [0x002F6021+2056225]
Ordinal0 [0x0018F608+587272]
Ordinal0 [0x00111BF3+72691]
Ordinal0 [0x0010E229+57897]
Ordinal0 [0x0010C64A+50762]
Ordinal0 [0x00131EE9+204521]
Ordinal0 [0x00131D0D+204045]
Ordinal0 [0x0012FC1B+195611]
Ordinal0 [0x00113B7F+80767]
Ordinal0 [0x00114B4E+84814]
Ordinal0 [0x00114AD9+84697]
Ordinal0 [0x0030CE64+2149988]
GetHandleVerifier [0x0057BE95+1400773]
GetHandleVerifier [0x0057BB61+1399953]
GetHandleVerifier [0x005831FA+1430314]
GetHandleVerifier [0x0057C69F+1402831]
Ordinal0 [0x00303D61+2112865]
Ordinal0 [0x0030E5CB+2155979]
Ordinal0 [0x0030E6F5+2156277]
Ordinal0 [0x0031F26E+2224750]
BaseThreadInitThunk [0x76AFFA29+25]
RtlGetAppContainerNamedObjectPath [0x77AE76B4+228]
RtlGetAppContainerNamedObjectPath [0x77AE7684+180]

at java.base/jdk.internal.reflect.NativeConstructorAccessorImpl.newInstance0(Native Method)
at java.base/jdk.internal.reflect.NativeConstructorAccessorImpl.newInstance(NativeConstructorAccessorImpl.java:62)
at java.base/jdk.internal.reflect.DelegatingConstructorAccessorImpl.newInstance(DelegatingConstructorAccessorImpl.java:45)
at java.base/java.lang.reflect.Constructor.newInstanceWithCaller(Constructor.java:500)
at java.base/java.lang.reflect.Constructor.newInstance(Constructor.java:481)
at org.openqa.selenium.remote.W3CHandshakeResponse.lambda$errorHandler$0(W3CHandshakeResponse.java:62)
at org.openqa.selenium.remote.HandshakeResponse.lambda$getResponseFunction$0(HandshakeResponse.java:30)
at org.openqa.selenium.remote.ProtocolHandshake.lambda$createSession$0(ProtocolHandshake.java:126)
at java.base/java.util.stream.ReferencePipeline$3$1.accept(ReferencePipeline.java:195)
at java.base/java.util.Spliterators$ArraySpliterator.tryAdvance(Spliterators.java:958)
at java.base/java.util.stream.ReferencePipeline.forEachWithCancel(ReferencePipeline.java:127)
at java.base/java.util.stream.AbstractPipeline.copyIntoWithCancel(AbstractPipeline.java:502)
at java.base/java.util.stream.AbstractPipeline.copyInto(AbstractPipeline.java:488)
at java.base/java.util.stream.AbstractPipeline.wrapAndCopyInto(AbstractPipeline.java:474)
at java.base/java.util.stream.FindOps$FindOp.evaluateSequential(FindOps.java:150)
at java.base/java.util.stream.AbstractPipeline.evaluate(AbstractPipeline.java:234)
at java.base/java.util.stream.ReferencePipeline.findFirst(ReferencePipeline.java:543)
at org.openqa.selenium.remote.ProtocolHandshake.createSession(ProtocolHandshake.java:128)
at org.openqa.selenium.remote.ProtocolHandshake.createSession(ProtocolHandshake.java:74)
at org.openqa.selenium.remote.HttpCommandExecutor.execute(HttpCommandExecutor.java:136)
at org.openqa.selenium.remote.service.DriverCommandExecutor.execute(DriverCommandExecutor.java:83)
at org.openqa.selenium.remote.RemoteWebDriver.execute(RemoteWebDriver.java:552)
at org.openqa.selenium.remote.RemoteWebDriver.startSession(RemoteWebDriver.java:213)
at org.openqa.selenium.remote.RemoteWebDriver.<init>(RemoteWebDriver.java:131)
at org.openqa.selenium.chrome.ChromeDriver.<init>(ChromeDriver.java:181)
at org.openqa.selenium.chrome.ChromeDriver.<init>(ChromeDriver.java:168)
at org.openqa.selenium.chrome.ChromeDriver.<init>(ChromeDriver.java:123)
at Core.Base.webDriver(Base.java:17)
at java.base/jdk.internal.reflect.NativeMethodAccessorImpl.invoke0(Native Method)
at java.base/jdk.internal.reflect.NativeMethodAccessorImpl.invoke(NativeMethodAccessorImpl.java:62)
at java.base/jdk.internal.reflect.DelegatingMethodAccessorImpl.invoke(DelegatingMethodAccessorImpl.java:43)
at java.base/java.lang.reflect.Method.invoke(Method.java:564)
at org.testng.internal.MethodInvocationHelper.invokeMethod(MethodInvocationHelper.java:132)
at org.testng.internal.MethodInvocationHelper.invokeMethodConsideringTimeout(MethodInvocationHelper.java:61)
at org.testng.internal.ConfigInvoker.invokeConfigurationMethod(ConfigInvoker.java:366)
at org.testng.internal.ConfigInvoker.invokeConfigurations(ConfigInvoker.java:320)
at org.testng.SuiteRunner.privateRun(SuiteRunner.java:327)
at org.testng.SuiteRunner.run(SuiteRunner.java:286)
at org.testng.SuiteRunnerWorker.runSuite(SuiteRunnerWorker.java:53)
at org.testng.SuiteRunnerWorker.run(SuiteRunnerWorker.java:96)
at org.testng.TestNG.runSuitesSequentially(TestNG.java:1218)
at org.testng.TestNG.runSuitesLocally(TestNG.java:1140)
at org.testng.TestNG.runSuites(TestNG.java:1069)
at org.testng.TestNG.run(TestNG.java:1037)
at org.testng.remote.AbstractRemoteTestNG.run(AbstractRemoteTestNG.java:115)
at org.testng.remote.RemoteTestNG.initAndRun(RemoteTestNG.java:251)
at org.testng.remote.RemoteTestNG.main(RemoteTestNG.java:77)
]]>
            </full-stacktrace>
          </exception> <!-- org.openqa.selenium.SessionNotCreatedException -->
          <reporter-output>
          </reporter-output>
        </test-method> <!-- payment_methods -->
      </class> <!-- dine_in.Settings -->
      <class name="restaurant.Login">
        <test-method is-config="true" signature="webDriver()[pri:0, instance:restaurant.Login@932bc4a]" started-at="2021-03-14T10:13:26 EET" name="webDriver" finished-at="2021-03-14T10:13:33 EET" duration-ms="7173" status="FAIL">
          <exception class="org.openqa.selenium.SessionNotCreatedException">
            <message>
              <![CDATA[session not created: This version of ChromeDriver only supports Chrome version 86
Current browser version is 89.0.4389.82 with binary path C:\Program Files\Google\Chrome\Application\chrome.exe
Build info: version: '3.141.59', revision: 'e82be7d358', time: '2018-11-14T08:17:03'
System info: host: 'DESKTOP-QOP9CLH', ip: '192.168.1.5', os.name: 'Windows 10', os.arch: 'amd64', os.version: '10.0', java.version: '14.0.2'
Driver info: driver.version: ChromeDriver
remote stacktrace: Backtrace:
Ordinal0 [0x0040C013+3194899]
Ordinal0 [0x002F6021+2056225]
Ordinal0 [0x0018F608+587272]
Ordinal0 [0x00111BF3+72691]
Ordinal0 [0x0010E229+57897]
Ordinal0 [0x0010C64A+50762]
Ordinal0 [0x00131EE9+204521]
Ordinal0 [0x00131D0D+204045]
Ordinal0 [0x0012FC1B+195611]
Ordinal0 [0x00113B7F+80767]
Ordinal0 [0x00114B4E+84814]
Ordinal0 [0x00114AD9+84697]
Ordinal0 [0x0030CE64+2149988]
GetHandleVerifier [0x0057BE95+1400773]
GetHandleVerifier [0x0057BB61+1399953]
GetHandleVerifier [0x005831FA+1430314]
GetHandleVerifier [0x0057C69F+1402831]
Ordinal0 [0x00303D61+2112865]
Ordinal0 [0x0030E5CB+2155979]
Ordinal0 [0x0030E6F5+2156277]
Ordinal0 [0x0031F26E+2224750]
BaseThreadInitThunk [0x76AFFA29+25]
RtlGetAppContainerNamedObjectPath [0x77AE76B4+228]
RtlGetAppContainerNamedObjectPath [0x77AE7684+180]
]]>
            </message>
            <full-stacktrace>
              <![CDATA[org.openqa.selenium.SessionNotCreatedException: session not created: This version of ChromeDriver only supports Chrome version 86
Current browser version is 89.0.4389.82 with binary path C:\Program Files\Google\Chrome\Application\chrome.exe
Build info: version: '3.141.59', revision: 'e82be7d358', time: '2018-11-14T08:17:03'
System info: host: 'DESKTOP-QOP9CLH', ip: '192.168.1.5', os.name: 'Windows 10', os.arch: 'amd64', os.version: '10.0', java.version: '14.0.2'
Driver info: driver.version: ChromeDriver
remote stacktrace: Backtrace:
Ordinal0 [0x0040C013+3194899]
Ordinal0 [0x002F6021+2056225]
Ordinal0 [0x0018F608+587272]
Ordinal0 [0x00111BF3+72691]
Ordinal0 [0x0010E229+57897]
Ordinal0 [0x0010C64A+50762]
Ordinal0 [0x00131EE9+204521]
Ordinal0 [0x00131D0D+204045]
Ordinal0 [0x0012FC1B+195611]
Ordinal0 [0x00113B7F+80767]
Ordinal0 [0x00114B4E+84814]
Ordinal0 [0x00114AD9+84697]
Ordinal0 [0x0030CE64+2149988]
GetHandleVerifier [0x0057BE95+1400773]
GetHandleVerifier [0x0057BB61+1399953]
GetHandleVerifier [0x005831FA+1430314]
GetHandleVerifier [0x0057C69F+1402831]
Ordinal0 [0x00303D61+2112865]
Ordinal0 [0x0030E5CB+2155979]
Ordinal0 [0x0030E6F5+2156277]
Ordinal0 [0x0031F26E+2224750]
BaseThreadInitThunk [0x76AFFA29+25]
RtlGetAppContainerNamedObjectPath [0x77AE76B4+228]
RtlGetAppContainerNamedObjectPath [0x77AE7684+180]

at java.base/jdk.internal.reflect.NativeConstructorAccessorImpl.newInstance0(Native Method)
at java.base/jdk.internal.reflect.NativeConstructorAccessorImpl.newInstance(NativeConstructorAccessorImpl.java:62)
at java.base/jdk.internal.reflect.DelegatingConstructorAccessorImpl.newInstance(DelegatingConstructorAccessorImpl.java:45)
at java.base/java.lang.reflect.Constructor.newInstanceWithCaller(Constructor.java:500)
at java.base/java.lang.reflect.Constructor.newInstance(Constructor.java:481)
at org.openqa.selenium.remote.W3CHandshakeResponse.lambda$errorHandler$0(W3CHandshakeResponse.java:62)
at org.openqa.selenium.remote.HandshakeResponse.lambda$getResponseFunction$0(HandshakeResponse.java:30)
at org.openqa.selenium.remote.ProtocolHandshake.lambda$createSession$0(ProtocolHandshake.java:126)
at java.base/java.util.stream.ReferencePipeline$3$1.accept(ReferencePipeline.java:195)
at java.base/java.util.Spliterators$ArraySpliterator.tryAdvance(Spliterators.java:958)
at java.base/java.util.stream.ReferencePipeline.forEachWithCancel(ReferencePipeline.java:127)
at java.base/java.util.stream.AbstractPipeline.copyIntoWithCancel(AbstractPipeline.java:502)
at java.base/java.util.stream.AbstractPipeline.copyInto(AbstractPipeline.java:488)
at java.base/java.util.stream.AbstractPipeline.wrapAndCopyInto(AbstractPipeline.java:474)
at java.base/java.util.stream.FindOps$FindOp.evaluateSequential(FindOps.java:150)
at java.base/java.util.stream.AbstractPipeline.evaluate(AbstractPipeline.java:234)
at java.base/java.util.stream.ReferencePipeline.findFirst(ReferencePipeline.java:543)
at org.openqa.selenium.remote.ProtocolHandshake.createSession(ProtocolHandshake.java:128)
at org.openqa.selenium.remote.ProtocolHandshake.createSession(ProtocolHandshake.java:74)
at org.openqa.selenium.remote.HttpCommandExecutor.execute(HttpCommandExecutor.java:136)
at org.openqa.selenium.remote.service.DriverCommandExecutor.execute(DriverCommandExecutor.java:83)
at org.openqa.selenium.remote.RemoteWebDriver.execute(RemoteWebDriver.java:552)
at org.openqa.selenium.remote.RemoteWebDriver.startSession(RemoteWebDriver.java:213)
at org.openqa.selenium.remote.RemoteWebDriver.<init>(RemoteWebDriver.java:131)
at org.openqa.selenium.chrome.ChromeDriver.<init>(ChromeDriver.java:181)
at org.openqa.selenium.chrome.ChromeDriver.<init>(ChromeDriver.java:168)
at org.openqa.selenium.chrome.ChromeDriver.<init>(ChromeDriver.java:123)
at Core.Base.webDriver(Base.java:17)
at java.base/jdk.internal.reflect.NativeMethodAccessorImpl.invoke0(Native Method)
at java.base/jdk.internal.reflect.NativeMethodAccessorImpl.invoke(NativeMethodAccessorImpl.java:62)
at java.base/jdk.internal.reflect.DelegatingMethodAccessorImpl.invoke(DelegatingMethodAccessorImpl.java:43)
at java.base/java.lang.reflect.Method.invoke(Method.java:564)
at org.testng.internal.MethodInvocationHelper.invokeMethod(MethodInvocationHelper.java:132)
at org.testng.internal.MethodInvocationHelper.invokeMethodConsideringTimeout(MethodInvocationHelper.java:61)
at org.testng.internal.ConfigInvoker.invokeConfigurationMethod(ConfigInvoker.java:366)
at org.testng.internal.ConfigInvoker.invokeConfigurations(ConfigInvoker.java:320)
at org.testng.SuiteRunner.privateRun(SuiteRunner.java:327)
at org.testng.SuiteRunner.run(SuiteRunner.java:286)
at org.testng.SuiteRunnerWorker.runSuite(SuiteRunnerWorker.java:53)
at org.testng.SuiteRunnerWorker.run(SuiteRunnerWorker.java:96)
at org.testng.TestNG.runSuitesSequentially(TestNG.java:1218)
at org.testng.TestNG.runSuitesLocally(TestNG.java:1140)
at org.testng.TestNG.runSuites(TestNG.java:1069)
at org.testng.TestNG.run(TestNG.java:1037)
at org.testng.remote.AbstractRemoteTestNG.run(AbstractRemoteTestNG.java:115)
at org.testng.remote.RemoteTestNG.initAndRun(RemoteTestNG.java:251)
at org.testng.remote.RemoteTestNG.main(RemoteTestNG.java:77)
]]>
            </full-stacktrace>
          </exception> <!-- org.openqa.selenium.SessionNotCreatedException -->
          <reporter-output>
          </reporter-output>
        </test-method> <!-- webDriver -->
        <test-method signature="login_button()[pri:1, instance:restaurant.Login@932bc4a]" started-at="2021-03-14T10:13:33 EET" name="login_button" finished-at="2021-03-14T10:13:33 EET" duration-ms="0" status="SKIP">
          <exception class="org.openqa.selenium.SessionNotCreatedException">
            <message>
              <![CDATA[session not created: This version of ChromeDriver only supports Chrome version 86
Current browser version is 89.0.4389.82 with binary path C:\Program Files\Google\Chrome\Application\chrome.exe
Build info: version: '3.141.59', revision: 'e82be7d358', time: '2018-11-14T08:17:03'
System info: host: 'DESKTOP-QOP9CLH', ip: '192.168.1.5', os.name: 'Windows 10', os.arch: 'amd64', os.version: '10.0', java.version: '14.0.2'
Driver info: driver.version: ChromeDriver
remote stacktrace: Backtrace:
Ordinal0 [0x0040C013+3194899]
Ordinal0 [0x002F6021+2056225]
Ordinal0 [0x0018F608+587272]
Ordinal0 [0x00111BF3+72691]
Ordinal0 [0x0010E229+57897]
Ordinal0 [0x0010C64A+50762]
Ordinal0 [0x00131EE9+204521]
Ordinal0 [0x00131D0D+204045]
Ordinal0 [0x0012FC1B+195611]
Ordinal0 [0x00113B7F+80767]
Ordinal0 [0x00114B4E+84814]
Ordinal0 [0x00114AD9+84697]
Ordinal0 [0x0030CE64+2149988]
GetHandleVerifier [0x0057BE95+1400773]
GetHandleVerifier [0x0057BB61+1399953]
GetHandleVerifier [0x005831FA+1430314]
GetHandleVerifier [0x0057C69F+1402831]
Ordinal0 [0x00303D61+2112865]
Ordinal0 [0x0030E5CB+2155979]
Ordinal0 [0x0030E6F5+2156277]
Ordinal0 [0x0031F26E+2224750]
BaseThreadInitThunk [0x76AFFA29+25]
RtlGetAppContainerNamedObjectPath [0x77AE76B4+228]
RtlGetAppContainerNamedObjectPath [0x77AE7684+180]
]]>
            </message>
            <full-stacktrace>
              <![CDATA[org.openqa.selenium.SessionNotCreatedException: session not created: This version of ChromeDriver only supports Chrome version 86
Current browser version is 89.0.4389.82 with binary path C:\Program Files\Google\Chrome\Application\chrome.exe
Build info: version: '3.141.59', revision: 'e82be7d358', time: '2018-11-14T08:17:03'
System info: host: 'DESKTOP-QOP9CLH', ip: '192.168.1.5', os.name: 'Windows 10', os.arch: 'amd64', os.version: '10.0', java.version: '14.0.2'
Driver info: driver.version: ChromeDriver
remote stacktrace: Backtrace:
Ordinal0 [0x0040C013+3194899]
Ordinal0 [0x002F6021+2056225]
Ordinal0 [0x0018F608+587272]
Ordinal0 [0x00111BF3+72691]
Ordinal0 [0x0010E229+57897]
Ordinal0 [0x0010C64A+50762]
Ordinal0 [0x00131EE9+204521]
Ordinal0 [0x00131D0D+204045]
Ordinal0 [0x0012FC1B+195611]
Ordinal0 [0x00113B7F+80767]
Ordinal0 [0x00114B4E+84814]
Ordinal0 [0x00114AD9+84697]
Ordinal0 [0x0030CE64+2149988]
GetHandleVerifier [0x0057BE95+1400773]
GetHandleVerifier [0x0057BB61+1399953]
GetHandleVerifier [0x005831FA+1430314]
GetHandleVerifier [0x0057C69F+1402831]
Ordinal0 [0x00303D61+2112865]
Ordinal0 [0x0030E5CB+2155979]
Ordinal0 [0x0030E6F5+2156277]
Ordinal0 [0x0031F26E+2224750]
BaseThreadInitThunk [0x76AFFA29+25]
RtlGetAppContainerNamedObjectPath [0x77AE76B4+228]
RtlGetAppContainerNamedObjectPath [0x77AE7684+180]

at java.base/jdk.internal.reflect.NativeConstructorAccessorImpl.newInstance0(Native Method)
at java.base/jdk.internal.reflect.NativeConstructorAccessorImpl.newInstance(NativeConstructorAccessorImpl.java:62)
at java.base/jdk.internal.reflect.DelegatingConstructorAccessorImpl.newInstance(DelegatingConstructorAccessorImpl.java:45)
at java.base/java.lang.reflect.Constructor.newInstanceWithCaller(Constructor.java:500)
at java.base/java.lang.reflect.Constructor.newInstance(Constructor.java:481)
at org.openqa.selenium.remote.W3CHandshakeResponse.lambda$errorHandler$0(W3CHandshakeResponse.java:62)
at org.openqa.selenium.remote.HandshakeResponse.lambda$getResponseFunction$0(HandshakeResponse.java:30)
at org.openqa.selenium.remote.ProtocolHandshake.lambda$createSession$0(ProtocolHandshake.java:126)
at java.base/java.util.stream.ReferencePipeline$3$1.accept(ReferencePipeline.java:195)
at java.base/java.util.Spliterators$ArraySpliterator.tryAdvance(Spliterators.java:958)
at java.base/java.util.stream.ReferencePipeline.forEachWithCancel(ReferencePipeline.java:127)
at java.base/java.util.stream.AbstractPipeline.copyIntoWithCancel(AbstractPipeline.java:502)
at java.base/java.util.stream.AbstractPipeline.copyInto(AbstractPipeline.java:488)
at java.base/java.util.stream.AbstractPipeline.wrapAndCopyInto(AbstractPipeline.java:474)
at java.base/java.util.stream.FindOps$FindOp.evaluateSequential(FindOps.java:150)
at java.base/java.util.stream.AbstractPipeline.evaluate(AbstractPipeline.java:234)
at java.base/java.util.stream.ReferencePipeline.findFirst(ReferencePipeline.java:543)
at org.openqa.selenium.remote.ProtocolHandshake.createSession(ProtocolHandshake.java:128)
at org.openqa.selenium.remote.ProtocolHandshake.createSession(ProtocolHandshake.java:74)
at org.openqa.selenium.remote.HttpCommandExecutor.execute(HttpCommandExecutor.java:136)
at org.openqa.selenium.remote.service.DriverCommandExecutor.execute(DriverCommandExecutor.java:83)
at org.openqa.selenium.remote.RemoteWebDriver.execute(RemoteWebDriver.java:552)
at org.openqa.selenium.remote.RemoteWebDriver.startSession(RemoteWebDriver.java:213)
at org.openqa.selenium.remote.RemoteWebDriver.<init>(RemoteWebDriver.java:131)
at org.openqa.selenium.chrome.ChromeDriver.<init>(ChromeDriver.java:181)
at org.openqa.selenium.chrome.ChromeDriver.<init>(ChromeDriver.java:168)
at org.openqa.selenium.chrome.ChromeDriver.<init>(ChromeDriver.java:123)
at Core.Base.webDriver(Base.java:17)
at java.base/jdk.internal.reflect.NativeMethodAccessorImpl.invoke0(Native Method)
at java.base/jdk.internal.reflect.NativeMethodAccessorImpl.invoke(NativeMethodAccessorImpl.java:62)
at java.base/jdk.internal.reflect.DelegatingMethodAccessorImpl.invoke(DelegatingMethodAccessorImpl.java:43)
at java.base/java.lang.reflect.Method.invoke(Method.java:564)
at org.testng.internal.MethodInvocationHelper.invokeMethod(MethodInvocationHelper.java:132)
at org.testng.internal.MethodInvocationHelper.invokeMethodConsideringTimeout(MethodInvocationHelper.java:61)
at org.testng.internal.ConfigInvoker.invokeConfigurationMethod(ConfigInvoker.java:366)
at org.testng.internal.ConfigInvoker.invokeConfigurations(ConfigInvoker.java:320)
at org.testng.SuiteRunner.privateRun(SuiteRunner.java:327)
at org.testng.SuiteRunner.run(SuiteRunner.java:286)
at org.testng.SuiteRunnerWorker.runSuite(SuiteRunnerWorker.java:53)
at org.testng.SuiteRunnerWorker.run(SuiteRunnerWorker.java:96)
at org.testng.TestNG.runSuitesSequentially(TestNG.java:1218)
at org.testng.TestNG.runSuitesLocally(TestNG.java:1140)
at org.testng.TestNG.runSuites(TestNG.java:1069)
at org.testng.TestNG.run(TestNG.java:1037)
at org.testng.remote.AbstractRemoteTestNG.run(AbstractRemoteTestNG.java:115)
at org.testng.remote.RemoteTestNG.initAndRun(RemoteTestNG.java:251)
at org.testng.remote.RemoteTestNG.main(RemoteTestNG.java:77)
]]>
            </full-stacktrace>
          </exception> <!-- org.openqa.selenium.SessionNotCreatedException -->
          <reporter-output>
          </reporter-output>
        </test-method> <!-- login_button -->
        <test-method signature="empty_filds()[pri:2, instance:restaurant.Login@932bc4a]" started-at="2021-03-14T10:13:33 EET" name="empty_filds" finished-at="2021-03-14T10:13:33 EET" duration-ms="0" status="SKIP">
          <exception class="org.openqa.selenium.SessionNotCreatedException">
            <message>
              <![CDATA[session not created: This version of ChromeDriver only supports Chrome version 86
Current browser version is 89.0.4389.82 with binary path C:\Program Files\Google\Chrome\Application\chrome.exe
Build info: version: '3.141.59', revision: 'e82be7d358', time: '2018-11-14T08:17:03'
System info: host: 'DESKTOP-QOP9CLH', ip: '192.168.1.5', os.name: 'Windows 10', os.arch: 'amd64', os.version: '10.0', java.version: '14.0.2'
Driver info: driver.version: ChromeDriver
remote stacktrace: Backtrace:
Ordinal0 [0x0040C013+3194899]
Ordinal0 [0x002F6021+2056225]
Ordinal0 [0x0018F608+587272]
Ordinal0 [0x00111BF3+72691]
Ordinal0 [0x0010E229+57897]
Ordinal0 [0x0010C64A+50762]
Ordinal0 [0x00131EE9+204521]
Ordinal0 [0x00131D0D+204045]
Ordinal0 [0x0012FC1B+195611]
Ordinal0 [0x00113B7F+80767]
Ordinal0 [0x00114B4E+84814]
Ordinal0 [0x00114AD9+84697]
Ordinal0 [0x0030CE64+2149988]
GetHandleVerifier [0x0057BE95+1400773]
GetHandleVerifier [0x0057BB61+1399953]
GetHandleVerifier [0x005831FA+1430314]
GetHandleVerifier [0x0057C69F+1402831]
Ordinal0 [0x00303D61+2112865]
Ordinal0 [0x0030E5CB+2155979]
Ordinal0 [0x0030E6F5+2156277]
Ordinal0 [0x0031F26E+2224750]
BaseThreadInitThunk [0x76AFFA29+25]
RtlGetAppContainerNamedObjectPath [0x77AE76B4+228]
RtlGetAppContainerNamedObjectPath [0x77AE7684+180]
]]>
            </message>
            <full-stacktrace>
              <![CDATA[org.openqa.selenium.SessionNotCreatedException: session not created: This version of ChromeDriver only supports Chrome version 86
Current browser version is 89.0.4389.82 with binary path C:\Program Files\Google\Chrome\Application\chrome.exe
Build info: version: '3.141.59', revision: 'e82be7d358', time: '2018-11-14T08:17:03'
System info: host: 'DESKTOP-QOP9CLH', ip: '192.168.1.5', os.name: 'Windows 10', os.arch: 'amd64', os.version: '10.0', java.version: '14.0.2'
Driver info: driver.version: ChromeDriver
remote stacktrace: Backtrace:
Ordinal0 [0x0040C013+3194899]
Ordinal0 [0x002F6021+2056225]
Ordinal0 [0x0018F608+587272]
Ordinal0 [0x00111BF3+72691]
Ordinal0 [0x0010E229+57897]
Ordinal0 [0x0010C64A+50762]
Ordinal0 [0x00131EE9+204521]
Ordinal0 [0x00131D0D+204045]
Ordinal0 [0x0012FC1B+195611]
Ordinal0 [0x00113B7F+80767]
Ordinal0 [0x00114B4E+84814]
Ordinal0 [0x00114AD9+84697]
Ordinal0 [0x0030CE64+2149988]
GetHandleVerifier [0x0057BE95+1400773]
GetHandleVerifier [0x0057BB61+1399953]
GetHandleVerifier [0x005831FA+1430314]
GetHandleVerifier [0x0057C69F+1402831]
Ordinal0 [0x00303D61+2112865]
Ordinal0 [0x0030E5CB+2155979]
Ordinal0 [0x0030E6F5+2156277]
Ordinal0 [0x0031F26E+2224750]
BaseThreadInitThunk [0x76AFFA29+25]
RtlGetAppContainerNamedObjectPath [0x77AE76B4+228]
RtlGetAppContainerNamedObjectPath [0x77AE7684+180]

at java.base/jdk.internal.reflect.NativeConstructorAccessorImpl.newInstance0(Native Method)
at java.base/jdk.internal.reflect.NativeConstructorAccessorImpl.newInstance(NativeConstructorAccessorImpl.java:62)
at java.base/jdk.internal.reflect.DelegatingConstructorAccessorImpl.newInstance(DelegatingConstructorAccessorImpl.java:45)
at java.base/java.lang.reflect.Constructor.newInstanceWithCaller(Constructor.java:500)
at java.base/java.lang.reflect.Constructor.newInstance(Constructor.java:481)
at org.openqa.selenium.remote.W3CHandshakeResponse.lambda$errorHandler$0(W3CHandshakeResponse.java:62)
at org.openqa.selenium.remote.HandshakeResponse.lambda$getResponseFunction$0(HandshakeResponse.java:30)
at org.openqa.selenium.remote.ProtocolHandshake.lambda$createSession$0(ProtocolHandshake.java:126)
at java.base/java.util.stream.ReferencePipeline$3$1.accept(ReferencePipeline.java:195)
at java.base/java.util.Spliterators$ArraySpliterator.tryAdvance(Spliterators.java:958)
at java.base/java.util.stream.ReferencePipeline.forEachWithCancel(ReferencePipeline.java:127)
at java.base/java.util.stream.AbstractPipeline.copyIntoWithCancel(AbstractPipeline.java:502)
at java.base/java.util.stream.AbstractPipeline.copyInto(AbstractPipeline.java:488)
at java.base/java.util.stream.AbstractPipeline.wrapAndCopyInto(AbstractPipeline.java:474)
at java.base/java.util.stream.FindOps$FindOp.evaluateSequential(FindOps.java:150)
at java.base/java.util.stream.AbstractPipeline.evaluate(AbstractPipeline.java:234)
at java.base/java.util.stream.ReferencePipeline.findFirst(ReferencePipeline.java:543)
at org.openqa.selenium.remote.ProtocolHandshake.createSession(ProtocolHandshake.java:128)
at org.openqa.selenium.remote.ProtocolHandshake.createSession(ProtocolHandshake.java:74)
at org.openqa.selenium.remote.HttpCommandExecutor.execute(HttpCommandExecutor.java:136)
at org.openqa.selenium.remote.service.DriverCommandExecutor.execute(DriverCommandExecutor.java:83)
at org.openqa.selenium.remote.RemoteWebDriver.execute(RemoteWebDriver.java:552)
at org.openqa.selenium.remote.RemoteWebDriver.startSession(RemoteWebDriver.java:213)
at org.openqa.selenium.remote.RemoteWebDriver.<init>(RemoteWebDriver.java:131)
at org.openqa.selenium.chrome.ChromeDriver.<init>(ChromeDriver.java:181)
at org.openqa.selenium.chrome.ChromeDriver.<init>(ChromeDriver.java:168)
at org.openqa.selenium.chrome.ChromeDriver.<init>(ChromeDriver.java:123)
at Core.Base.webDriver(Base.java:17)
at java.base/jdk.internal.reflect.NativeMethodAccessorImpl.invoke0(Native Method)
at java.base/jdk.internal.reflect.NativeMethodAccessorImpl.invoke(NativeMethodAccessorImpl.java:62)
at java.base/jdk.internal.reflect.DelegatingMethodAccessorImpl.invoke(DelegatingMethodAccessorImpl.java:43)
at java.base/java.lang.reflect.Method.invoke(Method.java:564)
at org.testng.internal.MethodInvocationHelper.invokeMethod(MethodInvocationHelper.java:132)
at org.testng.internal.MethodInvocationHelper.invokeMethodConsideringTimeout(MethodInvocationHelper.java:61)
at org.testng.internal.ConfigInvoker.invokeConfigurationMethod(ConfigInvoker.java:366)
at org.testng.internal.ConfigInvoker.invokeConfigurations(ConfigInvoker.java:320)
at org.testng.SuiteRunner.privateRun(SuiteRunner.java:327)
at org.testng.SuiteRunner.run(SuiteRunner.java:286)
at org.testng.SuiteRunnerWorker.runSuite(SuiteRunnerWorker.java:53)
at org.testng.SuiteRunnerWorker.run(SuiteRunnerWorker.java:96)
at org.testng.TestNG.runSuitesSequentially(TestNG.java:1218)
at org.testng.TestNG.runSuitesLocally(TestNG.java:1140)
at org.testng.TestNG.runSuites(TestNG.java:1069)
at org.testng.TestNG.run(TestNG.java:1037)
at org.testng.remote.AbstractRemoteTestNG.run(AbstractRemoteTestNG.java:115)
at org.testng.remote.RemoteTestNG.initAndRun(RemoteTestNG.java:251)
at org.testng.remote.RemoteTestNG.main(RemoteTestNG.java:77)
]]>
            </full-stacktrace>
          </exception> <!-- org.openqa.selenium.SessionNotCreatedException -->
          <reporter-output>
          </reporter-output>
        </test-method> <!-- empty_filds -->
        <test-method signature="invalid_credintial()[pri:3, instance:restaurant.Login@932bc4a]" started-at="2021-03-14T10:13:33 EET" name="invalid_credintial" finished-at="2021-03-14T10:13:33 EET" duration-ms="0" status="SKIP">
          <exception class="org.openqa.selenium.SessionNotCreatedException">
            <message>
              <![CDATA[session not created: This version of ChromeDriver only supports Chrome version 86
Current browser version is 89.0.4389.82 with binary path C:\Program Files\Google\Chrome\Application\chrome.exe
Build info: version: '3.141.59', revision: 'e82be7d358', time: '2018-11-14T08:17:03'
System info: host: 'DESKTOP-QOP9CLH', ip: '192.168.1.5', os.name: 'Windows 10', os.arch: 'amd64', os.version: '10.0', java.version: '14.0.2'
Driver info: driver.version: ChromeDriver
remote stacktrace: Backtrace:
Ordinal0 [0x0040C013+3194899]
Ordinal0 [0x002F6021+2056225]
Ordinal0 [0x0018F608+587272]
Ordinal0 [0x00111BF3+72691]
Ordinal0 [0x0010E229+57897]
Ordinal0 [0x0010C64A+50762]
Ordinal0 [0x00131EE9+204521]
Ordinal0 [0x00131D0D+204045]
Ordinal0 [0x0012FC1B+195611]
Ordinal0 [0x00113B7F+80767]
Ordinal0 [0x00114B4E+84814]
Ordinal0 [0x00114AD9+84697]
Ordinal0 [0x0030CE64+2149988]
GetHandleVerifier [0x0057BE95+1400773]
GetHandleVerifier [0x0057BB61+1399953]
GetHandleVerifier [0x005831FA+1430314]
GetHandleVerifier [0x0057C69F+1402831]
Ordinal0 [0x00303D61+2112865]
Ordinal0 [0x0030E5CB+2155979]
Ordinal0 [0x0030E6F5+2156277]
Ordinal0 [0x0031F26E+2224750]
BaseThreadInitThunk [0x76AFFA29+25]
RtlGetAppContainerNamedObjectPath [0x77AE76B4+228]
RtlGetAppContainerNamedObjectPath [0x77AE7684+180]
]]>
            </message>
            <full-stacktrace>
              <![CDATA[org.openqa.selenium.SessionNotCreatedException: session not created: This version of ChromeDriver only supports Chrome version 86
Current browser version is 89.0.4389.82 with binary path C:\Program Files\Google\Chrome\Application\chrome.exe
Build info: version: '3.141.59', revision: 'e82be7d358', time: '2018-11-14T08:17:03'
System info: host: 'DESKTOP-QOP9CLH', ip: '192.168.1.5', os.name: 'Windows 10', os.arch: 'amd64', os.version: '10.0', java.version: '14.0.2'
Driver info: driver.version: ChromeDriver
remote stacktrace: Backtrace:
Ordinal0 [0x0040C013+3194899]
Ordinal0 [0x002F6021+2056225]
Ordinal0 [0x0018F608+587272]
Ordinal0 [0x00111BF3+72691]
Ordinal0 [0x0010E229+57897]
Ordinal0 [0x0010C64A+50762]
Ordinal0 [0x00131EE9+204521]
Ordinal0 [0x00131D0D+204045]
Ordinal0 [0x0012FC1B+195611]
Ordinal0 [0x00113B7F+80767]
Ordinal0 [0x00114B4E+84814]
Ordinal0 [0x00114AD9+84697]
Ordinal0 [0x0030CE64+2149988]
GetHandleVerifier [0x0057BE95+1400773]
GetHandleVerifier [0x0057BB61+1399953]
GetHandleVerifier [0x005831FA+1430314]
GetHandleVerifier [0x0057C69F+1402831]
Ordinal0 [0x00303D61+2112865]
Ordinal0 [0x0030E5CB+2155979]
Ordinal0 [0x0030E6F5+2156277]
Ordinal0 [0x0031F26E+2224750]
BaseThreadInitThunk [0x76AFFA29+25]
RtlGetAppContainerNamedObjectPath [0x77AE76B4+228]
RtlGetAppContainerNamedObjectPath [0x77AE7684+180]

at java.base/jdk.internal.reflect.NativeConstructorAccessorImpl.newInstance0(Native Method)
at java.base/jdk.internal.reflect.NativeConstructorAccessorImpl.newInstance(NativeConstructorAccessorImpl.java:62)
at java.base/jdk.internal.reflect.DelegatingConstructorAccessorImpl.newInstance(DelegatingConstructorAccessorImpl.java:45)
at java.base/java.lang.reflect.Constructor.newInstanceWithCaller(Constructor.java:500)
at java.base/java.lang.reflect.Constructor.newInstance(Constructor.java:481)
at org.openqa.selenium.remote.W3CHandshakeResponse.lambda$errorHandler$0(W3CHandshakeResponse.java:62)
at org.openqa.selenium.remote.HandshakeResponse.lambda$getResponseFunction$0(HandshakeResponse.java:30)
at org.openqa.selenium.remote.ProtocolHandshake.lambda$createSession$0(ProtocolHandshake.java:126)
at java.base/java.util.stream.ReferencePipeline$3$1.accept(ReferencePipeline.java:195)
at java.base/java.util.Spliterators$ArraySpliterator.tryAdvance(Spliterators.java:958)
at java.base/java.util.stream.ReferencePipeline.forEachWithCancel(ReferencePipeline.java:127)
at java.base/java.util.stream.AbstractPipeline.copyIntoWithCancel(AbstractPipeline.java:502)
at java.base/java.util.stream.AbstractPipeline.copyInto(AbstractPipeline.java:488)
at java.base/java.util.stream.AbstractPipeline.wrapAndCopyInto(AbstractPipeline.java:474)
at java.base/java.util.stream.FindOps$FindOp.evaluateSequential(FindOps.java:150)
at java.base/java.util.stream.AbstractPipeline.evaluate(AbstractPipeline.java:234)
at java.base/java.util.stream.ReferencePipeline.findFirst(ReferencePipeline.java:543)
at org.openqa.selenium.remote.ProtocolHandshake.createSession(ProtocolHandshake.java:128)
at org.openqa.selenium.remote.ProtocolHandshake.createSession(ProtocolHandshake.java:74)
at org.openqa.selenium.remote.HttpCommandExecutor.execute(HttpCommandExecutor.java:136)
at org.openqa.selenium.remote.service.DriverCommandExecutor.execute(DriverCommandExecutor.java:83)
at org.openqa.selenium.remote.RemoteWebDriver.execute(RemoteWebDriver.java:552)
at org.openqa.selenium.remote.RemoteWebDriver.startSession(RemoteWebDriver.java:213)
at org.openqa.selenium.remote.RemoteWebDriver.<init>(RemoteWebDriver.java:131)
at org.openqa.selenium.chrome.ChromeDriver.<init>(ChromeDriver.java:181)
at org.openqa.selenium.chrome.ChromeDriver.<init>(ChromeDriver.java:168)
at org.openqa.selenium.chrome.ChromeDriver.<init>(ChromeDriver.java:123)
at Core.Base.webDriver(Base.java:17)
at java.base/jdk.internal.reflect.NativeMethodAccessorImpl.invoke0(Native Method)
at java.base/jdk.internal.reflect.NativeMethodAccessorImpl.invoke(NativeMethodAccessorImpl.java:62)
at java.base/jdk.internal.reflect.DelegatingMethodAccessorImpl.invoke(DelegatingMethodAccessorImpl.java:43)
at java.base/java.lang.reflect.Method.invoke(Method.java:564)
at org.testng.internal.MethodInvocationHelper.invokeMethod(MethodInvocationHelper.java:132)
at org.testng.internal.MethodInvocationHelper.invokeMethodConsideringTimeout(MethodInvocationHelper.java:61)
at org.testng.internal.ConfigInvoker.invokeConfigurationMethod(ConfigInvoker.java:366)
at org.testng.internal.ConfigInvoker.invokeConfigurations(ConfigInvoker.java:320)
at org.testng.SuiteRunner.privateRun(SuiteRunner.java:327)
at org.testng.SuiteRunner.run(SuiteRunner.java:286)
at org.testng.SuiteRunnerWorker.runSuite(SuiteRunnerWorker.java:53)
at org.testng.SuiteRunnerWorker.run(SuiteRunnerWorker.java:96)
at org.testng.TestNG.runSuitesSequentially(TestNG.java:1218)
at org.testng.TestNG.runSuitesLocally(TestNG.java:1140)
at org.testng.TestNG.runSuites(TestNG.java:1069)
at org.testng.TestNG.run(TestNG.java:1037)
at org.testng.remote.AbstractRemoteTestNG.run(AbstractRemoteTestNG.java:115)
at org.testng.remote.RemoteTestNG.initAndRun(RemoteTestNG.java:251)
at org.testng.remote.RemoteTestNG.main(RemoteTestNG.java:77)
]]>
            </full-stacktrace>
          </exception> <!-- org.openqa.selenium.SessionNotCreatedException -->
          <reporter-output>
          </reporter-output>
        </test-method> <!-- invalid_credintial -->
        <test-method signature="valid_credintial()[pri:4, instance:restaurant.Login@932bc4a]" started-at="2021-03-14T10:13:33 EET" name="valid_credintial" finished-at="2021-03-14T10:13:33 EET" duration-ms="0" status="SKIP">
          <exception class="org.openqa.selenium.SessionNotCreatedException">
            <message>
              <![CDATA[session not created: This version of ChromeDriver only supports Chrome version 86
Current browser version is 89.0.4389.82 with binary path C:\Program Files\Google\Chrome\Application\chrome.exe
Build info: version: '3.141.59', revision: 'e82be7d358', time: '2018-11-14T08:17:03'
System info: host: 'DESKTOP-QOP9CLH', ip: '192.168.1.5', os.name: 'Windows 10', os.arch: 'amd64', os.version: '10.0', java.version: '14.0.2'
Driver info: driver.version: ChromeDriver
remote stacktrace: Backtrace:
Ordinal0 [0x0040C013+3194899]
Ordinal0 [0x002F6021+2056225]
Ordinal0 [0x0018F608+587272]
Ordinal0 [0x00111BF3+72691]
Ordinal0 [0x0010E229+57897]
Ordinal0 [0x0010C64A+50762]
Ordinal0 [0x00131EE9+204521]
Ordinal0 [0x00131D0D+204045]
Ordinal0 [0x0012FC1B+195611]
Ordinal0 [0x00113B7F+80767]
Ordinal0 [0x00114B4E+84814]
Ordinal0 [0x00114AD9+84697]
Ordinal0 [0x0030CE64+2149988]
GetHandleVerifier [0x0057BE95+1400773]
GetHandleVerifier [0x0057BB61+1399953]
GetHandleVerifier [0x005831FA+1430314]
GetHandleVerifier [0x0057C69F+1402831]
Ordinal0 [0x00303D61+2112865]
Ordinal0 [0x0030E5CB+2155979]
Ordinal0 [0x0030E6F5+2156277]
Ordinal0 [0x0031F26E+2224750]
BaseThreadInitThunk [0x76AFFA29+25]
RtlGetAppContainerNamedObjectPath [0x77AE76B4+228]
RtlGetAppContainerNamedObjectPath [0x77AE7684+180]
]]>
            </message>
            <full-stacktrace>
              <![CDATA[org.openqa.selenium.SessionNotCreatedException: session not created: This version of ChromeDriver only supports Chrome version 86
Current browser version is 89.0.4389.82 with binary path C:\Program Files\Google\Chrome\Application\chrome.exe
Build info: version: '3.141.59', revision: 'e82be7d358', time: '2018-11-14T08:17:03'
System info: host: 'DESKTOP-QOP9CLH', ip: '192.168.1.5', os.name: 'Windows 10', os.arch: 'amd64', os.version: '10.0', java.version: '14.0.2'
Driver info: driver.version: ChromeDriver
remote stacktrace: Backtrace:
Ordinal0 [0x0040C013+3194899]
Ordinal0 [0x002F6021+2056225]
Ordinal0 [0x0018F608+587272]
Ordinal0 [0x00111BF3+72691]
Ordinal0 [0x0010E229+57897]
Ordinal0 [0x0010C64A+50762]
Ordinal0 [0x00131EE9+204521]
Ordinal0 [0x00131D0D+204045]
Ordinal0 [0x0012FC1B+195611]
Ordinal0 [0x00113B7F+80767]
Ordinal0 [0x00114B4E+84814]
Ordinal0 [0x00114AD9+84697]
Ordinal0 [0x0030CE64+2149988]
GetHandleVerifier [0x0057BE95+1400773]
GetHandleVerifier [0x0057BB61+1399953]
GetHandleVerifier [0x005831FA+1430314]
GetHandleVerifier [0x0057C69F+1402831]
Ordinal0 [0x00303D61+2112865]
Ordinal0 [0x0030E5CB+2155979]
Ordinal0 [0x0030E6F5+2156277]
Ordinal0 [0x0031F26E+2224750]
BaseThreadInitThunk [0x76AFFA29+25]
RtlGetAppContainerNamedObjectPath [0x77AE76B4+228]
RtlGetAppContainerNamedObjectPath [0x77AE7684+180]

at java.base/jdk.internal.reflect.NativeConstructorAccessorImpl.newInstance0(Native Method)
at java.base/jdk.internal.reflect.NativeConstructorAccessorImpl.newInstance(NativeConstructorAccessorImpl.java:62)
at java.base/jdk.internal.reflect.DelegatingConstructorAccessorImpl.newInstance(DelegatingConstructorAccessorImpl.java:45)
at java.base/java.lang.reflect.Constructor.newInstanceWithCaller(Constructor.java:500)
at java.base/java.lang.reflect.Constructor.newInstance(Constructor.java:481)
at org.openqa.selenium.remote.W3CHandshakeResponse.lambda$errorHandler$0(W3CHandshakeResponse.java:62)
at org.openqa.selenium.remote.HandshakeResponse.lambda$getResponseFunction$0(HandshakeResponse.java:30)
at org.openqa.selenium.remote.ProtocolHandshake.lambda$createSession$0(ProtocolHandshake.java:126)
at java.base/java.util.stream.ReferencePipeline$3$1.accept(ReferencePipeline.java:195)
at java.base/java.util.Spliterators$ArraySpliterator.tryAdvance(Spliterators.java:958)
at java.base/java.util.stream.ReferencePipeline.forEachWithCancel(ReferencePipeline.java:127)
at java.base/java.util.stream.AbstractPipeline.copyIntoWithCancel(AbstractPipeline.java:502)
at java.base/java.util.stream.AbstractPipeline.copyInto(AbstractPipeline.java:488)
at java.base/java.util.stream.AbstractPipeline.wrapAndCopyInto(AbstractPipeline.java:474)
at java.base/java.util.stream.FindOps$FindOp.evaluateSequential(FindOps.java:150)
at java.base/java.util.stream.AbstractPipeline.evaluate(AbstractPipeline.java:234)
at java.base/java.util.stream.ReferencePipeline.findFirst(ReferencePipeline.java:543)
at org.openqa.selenium.remote.ProtocolHandshake.createSession(ProtocolHandshake.java:128)
at org.openqa.selenium.remote.ProtocolHandshake.createSession(ProtocolHandshake.java:74)
at org.openqa.selenium.remote.HttpCommandExecutor.execute(HttpCommandExecutor.java:136)
at org.openqa.selenium.remote.service.DriverCommandExecutor.execute(DriverCommandExecutor.java:83)
at org.openqa.selenium.remote.RemoteWebDriver.execute(RemoteWebDriver.java:552)
at org.openqa.selenium.remote.RemoteWebDriver.startSession(RemoteWebDriver.java:213)
at org.openqa.selenium.remote.RemoteWebDriver.<init>(RemoteWebDriver.java:131)
at org.openqa.selenium.chrome.ChromeDriver.<init>(ChromeDriver.java:181)
at org.openqa.selenium.chrome.ChromeDriver.<init>(ChromeDriver.java:168)
at org.openqa.selenium.chrome.ChromeDriver.<init>(ChromeDriver.java:123)
at Core.Base.webDriver(Base.java:17)
at java.base/jdk.internal.reflect.NativeMethodAccessorImpl.invoke0(Native Method)
at java.base/jdk.internal.reflect.NativeMethodAccessorImpl.invoke(NativeMethodAccessorImpl.java:62)
at java.base/jdk.internal.reflect.DelegatingMethodAccessorImpl.invoke(DelegatingMethodAccessorImpl.java:43)
at java.base/java.lang.reflect.Method.invoke(Method.java:564)
at org.testng.internal.MethodInvocationHelper.invokeMethod(MethodInvocationHelper.java:132)
at org.testng.internal.MethodInvocationHelper.invokeMethodConsideringTimeout(MethodInvocationHelper.java:61)
at org.testng.internal.ConfigInvoker.invokeConfigurationMethod(ConfigInvoker.java:366)
at org.testng.internal.ConfigInvoker.invokeConfigurations(ConfigInvoker.java:320)
at org.testng.SuiteRunner.privateRun(SuiteRunner.java:327)
at org.testng.SuiteRunner.run(SuiteRunner.java:286)
at org.testng.SuiteRunnerWorker.runSuite(SuiteRunnerWorker.java:53)
at org.testng.SuiteRunnerWorker.run(SuiteRunnerWorker.java:96)
at org.testng.TestNG.runSuitesSequentially(TestNG.java:1218)
at org.testng.TestNG.runSuitesLocally(TestNG.java:1140)
at org.testng.TestNG.runSuites(TestNG.java:1069)
at org.testng.TestNG.run(TestNG.java:1037)
at org.testng.remote.AbstractRemoteTestNG.run(AbstractRemoteTestNG.java:115)
at org.testng.remote.RemoteTestNG.initAndRun(RemoteTestNG.java:251)
at org.testng.remote.RemoteTestNG.main(RemoteTestNG.java:77)
]]>
            </full-stacktrace>
          </exception> <!-- org.openqa.selenium.SessionNotCreatedException -->
          <reporter-output>
          </reporter-output>
        </test-method> <!-- valid_credintial -->
      </class> <!-- restaurant.Login -->
      <class name="dine_in.Requests">
        <test-method signature="Create_Order()[pri:1, instance:dine_in.Requests@2fd1433e]" started-at="2021-03-14T10:13:33 EET" name="Create_Order" finished-at="2021-03-14T10:13:33 EET" duration-ms="0" status="SKIP">
          <exception class="org.openqa.selenium.SessionNotCreatedException">
            <message>
              <![CDATA[session not created: This version of ChromeDriver only supports Chrome version 86
Current browser version is 89.0.4389.82 with binary path C:\Program Files\Google\Chrome\Application\chrome.exe
Build info: version: '3.141.59', revision: 'e82be7d358', time: '2018-11-14T08:17:03'
System info: host: 'DESKTOP-QOP9CLH', ip: '192.168.1.5', os.name: 'Windows 10', os.arch: 'amd64', os.version: '10.0', java.version: '14.0.2'
Driver info: driver.version: ChromeDriver
remote stacktrace: Backtrace:
Ordinal0 [0x0040C013+3194899]
Ordinal0 [0x002F6021+2056225]
Ordinal0 [0x0018F608+587272]
Ordinal0 [0x00111BF3+72691]
Ordinal0 [0x0010E229+57897]
Ordinal0 [0x0010C64A+50762]
Ordinal0 [0x00131EE9+204521]
Ordinal0 [0x00131D0D+204045]
Ordinal0 [0x0012FC1B+195611]
Ordinal0 [0x00113B7F+80767]
Ordinal0 [0x00114B4E+84814]
Ordinal0 [0x00114AD9+84697]
Ordinal0 [0x0030CE64+2149988]
GetHandleVerifier [0x0057BE95+1400773]
GetHandleVerifier [0x0057BB61+1399953]
GetHandleVerifier [0x005831FA+1430314]
GetHandleVerifier [0x0057C69F+1402831]
Ordinal0 [0x00303D61+2112865]
Ordinal0 [0x0030E5CB+2155979]
Ordinal0 [0x0030E6F5+2156277]
Ordinal0 [0x0031F26E+2224750]
BaseThreadInitThunk [0x76AFFA29+25]
RtlGetAppContainerNamedObjectPath [0x77AE76B4+228]
RtlGetAppContainerNamedObjectPath [0x77AE7684+180]
]]>
            </message>
            <full-stacktrace>
              <![CDATA[org.openqa.selenium.SessionNotCreatedException: session not created: This version of ChromeDriver only supports Chrome version 86
Current browser version is 89.0.4389.82 with binary path C:\Program Files\Google\Chrome\Application\chrome.exe
Build info: version: '3.141.59', revision: 'e82be7d358', time: '2018-11-14T08:17:03'
System info: host: 'DESKTOP-QOP9CLH', ip: '192.168.1.5', os.name: 'Windows 10', os.arch: 'amd64', os.version: '10.0', java.version: '14.0.2'
Driver info: driver.version: ChromeDriver
remote stacktrace: Backtrace:
Ordinal0 [0x0040C013+3194899]
Ordinal0 [0x002F6021+2056225]
Ordinal0 [0x0018F608+587272]
Ordinal0 [0x00111BF3+72691]
Ordinal0 [0x0010E229+57897]
Ordinal0 [0x0010C64A+50762]
Ordinal0 [0x00131EE9+204521]
Ordinal0 [0x00131D0D+204045]
Ordinal0 [0x0012FC1B+195611]
Ordinal0 [0x00113B7F+80767]
Ordinal0 [0x00114B4E+84814]
Ordinal0 [0x00114AD9+84697]
Ordinal0 [0x0030CE64+2149988]
GetHandleVerifier [0x0057BE95+1400773]
GetHandleVerifier [0x0057BB61+1399953]
GetHandleVerifier [0x005831FA+1430314]
GetHandleVerifier [0x0057C69F+1402831]
Ordinal0 [0x00303D61+2112865]
Ordinal0 [0x0030E5CB+2155979]
Ordinal0 [0x0030E6F5+2156277]
Ordinal0 [0x0031F26E+2224750]
BaseThreadInitThunk [0x76AFFA29+25]
RtlGetAppContainerNamedObjectPath [0x77AE76B4+228]
RtlGetAppContainerNamedObjectPath [0x77AE7684+180]

at java.base/jdk.internal.reflect.NativeConstructorAccessorImpl.newInstance0(Native Method)
at java.base/jdk.internal.reflect.NativeConstructorAccessorImpl.newInstance(NativeConstructorAccessorImpl.java:62)
at java.base/jdk.internal.reflect.DelegatingConstructorAccessorImpl.newInstance(DelegatingConstructorAccessorImpl.java:45)
at java.base/java.lang.reflect.Constructor.newInstanceWithCaller(Constructor.java:500)
at java.base/java.lang.reflect.Constructor.newInstance(Constructor.java:481)
at org.openqa.selenium.remote.W3CHandshakeResponse.lambda$errorHandler$0(W3CHandshakeResponse.java:62)
at org.openqa.selenium.remote.HandshakeResponse.lambda$getResponseFunction$0(HandshakeResponse.java:30)
at org.openqa.selenium.remote.ProtocolHandshake.lambda$createSession$0(ProtocolHandshake.java:126)
at java.base/java.util.stream.ReferencePipeline$3$1.accept(ReferencePipeline.java:195)
at java.base/java.util.Spliterators$ArraySpliterator.tryAdvance(Spliterators.java:958)
at java.base/java.util.stream.ReferencePipeline.forEachWithCancel(ReferencePipeline.java:127)
at java.base/java.util.stream.AbstractPipeline.copyIntoWithCancel(AbstractPipeline.java:502)
at java.base/java.util.stream.AbstractPipeline.copyInto(AbstractPipeline.java:488)
at java.base/java.util.stream.AbstractPipeline.wrapAndCopyInto(AbstractPipeline.java:474)
at java.base/java.util.stream.FindOps$FindOp.evaluateSequential(FindOps.java:150)
at java.base/java.util.stream.AbstractPipeline.evaluate(AbstractPipeline.java:234)
at java.base/java.util.stream.ReferencePipeline.findFirst(ReferencePipeline.java:543)
at org.openqa.selenium.remote.ProtocolHandshake.createSession(ProtocolHandshake.java:128)
at org.openqa.selenium.remote.ProtocolHandshake.createSession(ProtocolHandshake.java:74)
at org.openqa.selenium.remote.HttpCommandExecutor.execute(HttpCommandExecutor.java:136)
at org.openqa.selenium.remote.service.DriverCommandExecutor.execute(DriverCommandExecutor.java:83)
at org.openqa.selenium.remote.RemoteWebDriver.execute(RemoteWebDriver.java:552)
at org.openqa.selenium.remote.RemoteWebDriver.startSession(RemoteWebDriver.java:213)
at org.openqa.selenium.remote.RemoteWebDriver.<init>(RemoteWebDriver.java:131)
at org.openqa.selenium.chrome.ChromeDriver.<init>(ChromeDriver.java:181)
at org.openqa.selenium.chrome.ChromeDriver.<init>(ChromeDriver.java:168)
at org.openqa.selenium.chrome.ChromeDriver.<init>(ChromeDriver.java:123)
at Core.Base.webDriver(Base.java:17)
at java.base/jdk.internal.reflect.NativeMethodAccessorImpl.invoke0(Native Method)
at java.base/jdk.internal.reflect.NativeMethodAccessorImpl.invoke(NativeMethodAccessorImpl.java:62)
at java.base/jdk.internal.reflect.DelegatingMethodAccessorImpl.invoke(DelegatingMethodAccessorImpl.java:43)
at java.base/java.lang.reflect.Method.invoke(Method.java:564)
at org.testng.internal.MethodInvocationHelper.invokeMethod(MethodInvocationHelper.java:132)
at org.testng.internal.MethodInvocationHelper.invokeMethodConsideringTimeout(MethodInvocationHelper.java:61)
at org.testng.internal.ConfigInvoker.invokeConfigurationMethod(ConfigInvoker.java:366)
at org.testng.internal.ConfigInvoker.invokeConfigurations(ConfigInvoker.java:320)
at org.testng.SuiteRunner.privateRun(SuiteRunner.java:327)
at org.testng.SuiteRunner.run(SuiteRunner.java:286)
at org.testng.SuiteRunnerWorker.runSuite(SuiteRunnerWorker.java:53)
at org.testng.SuiteRunnerWorker.run(SuiteRunnerWorker.java:96)
at org.testng.TestNG.runSuitesSequentially(TestNG.java:1218)
at org.testng.TestNG.runSuitesLocally(TestNG.java:1140)
at org.testng.TestNG.runSuites(TestNG.java:1069)
at org.testng.TestNG.run(TestNG.java:1037)
at org.testng.remote.AbstractRemoteTestNG.run(AbstractRemoteTestNG.java:115)
at org.testng.remote.RemoteTestNG.initAndRun(RemoteTestNG.java:251)
at org.testng.remote.RemoteTestNG.main(RemoteTestNG.java:77)
]]>
            </full-stacktrace>
          </exception> <!-- org.openqa.selenium.SessionNotCreatedException -->
          <reporter-output>
          </reporter-output>
        </test-method> <!-- Create_Order -->
        <test-method signature="Call_waiter()[pri:2, instance:dine_in.Requests@2fd1433e]" started-at="2021-03-14T10:13:33 EET" name="Call_waiter" finished-at="2021-03-14T10:13:33 EET" duration-ms="0" status="SKIP">
          <exception class="org.openqa.selenium.SessionNotCreatedException">
            <message>
              <![CDATA[session not created: This version of ChromeDriver only supports Chrome version 86
Current browser version is 89.0.4389.82 with binary path C:\Program Files\Google\Chrome\Application\chrome.exe
Build info: version: '3.141.59', revision: 'e82be7d358', time: '2018-11-14T08:17:03'
System info: host: 'DESKTOP-QOP9CLH', ip: '192.168.1.5', os.name: 'Windows 10', os.arch: 'amd64', os.version: '10.0', java.version: '14.0.2'
Driver info: driver.version: ChromeDriver
remote stacktrace: Backtrace:
Ordinal0 [0x0040C013+3194899]
Ordinal0 [0x002F6021+2056225]
Ordinal0 [0x0018F608+587272]
Ordinal0 [0x00111BF3+72691]
Ordinal0 [0x0010E229+57897]
Ordinal0 [0x0010C64A+50762]
Ordinal0 [0x00131EE9+204521]
Ordinal0 [0x00131D0D+204045]
Ordinal0 [0x0012FC1B+195611]
Ordinal0 [0x00113B7F+80767]
Ordinal0 [0x00114B4E+84814]
Ordinal0 [0x00114AD9+84697]
Ordinal0 [0x0030CE64+2149988]
GetHandleVerifier [0x0057BE95+1400773]
GetHandleVerifier [0x0057BB61+1399953]
GetHandleVerifier [0x005831FA+1430314]
GetHandleVerifier [0x0057C69F+1402831]
Ordinal0 [0x00303D61+2112865]
Ordinal0 [0x0030E5CB+2155979]
Ordinal0 [0x0030E6F5+2156277]
Ordinal0 [0x0031F26E+2224750]
BaseThreadInitThunk [0x76AFFA29+25]
RtlGetAppContainerNamedObjectPath [0x77AE76B4+228]
RtlGetAppContainerNamedObjectPath [0x77AE7684+180]
]]>
            </message>
            <full-stacktrace>
              <![CDATA[org.openqa.selenium.SessionNotCreatedException: session not created: This version of ChromeDriver only supports Chrome version 86
Current browser version is 89.0.4389.82 with binary path C:\Program Files\Google\Chrome\Application\chrome.exe
Build info: version: '3.141.59', revision: 'e82be7d358', time: '2018-11-14T08:17:03'
System info: host: 'DESKTOP-QOP9CLH', ip: '192.168.1.5', os.name: 'Windows 10', os.arch: 'amd64', os.version: '10.0', java.version: '14.0.2'
Driver info: driver.version: ChromeDriver
remote stacktrace: Backtrace:
Ordinal0 [0x0040C013+3194899]
Ordinal0 [0x002F6021+2056225]
Ordinal0 [0x0018F608+587272]
Ordinal0 [0x00111BF3+72691]
Ordinal0 [0x0010E229+57897]
Ordinal0 [0x0010C64A+50762]
Ordinal0 [0x00131EE9+204521]
Ordinal0 [0x00131D0D+204045]
Ordinal0 [0x0012FC1B+195611]
Ordinal0 [0x00113B7F+80767]
Ordinal0 [0x00114B4E+84814]
Ordinal0 [0x00114AD9+84697]
Ordinal0 [0x0030CE64+2149988]
GetHandleVerifier [0x0057BE95+1400773]
GetHandleVerifier [0x0057BB61+1399953]
GetHandleVerifier [0x005831FA+1430314]
GetHandleVerifier [0x0057C69F+1402831]
Ordinal0 [0x00303D61+2112865]
Ordinal0 [0x0030E5CB+2155979]
Ordinal0 [0x0030E6F5+2156277]
Ordinal0 [0x0031F26E+2224750]
BaseThreadInitThunk [0x76AFFA29+25]
RtlGetAppContainerNamedObjectPath [0x77AE76B4+228]
RtlGetAppContainerNamedObjectPath [0x77AE7684+180]

at java.base/jdk.internal.reflect.NativeConstructorAccessorImpl.newInstance0(Native Method)
at java.base/jdk.internal.reflect.NativeConstructorAccessorImpl.newInstance(NativeConstructorAccessorImpl.java:62)
at java.base/jdk.internal.reflect.DelegatingConstructorAccessorImpl.newInstance(DelegatingConstructorAccessorImpl.java:45)
at java.base/java.lang.reflect.Constructor.newInstanceWithCaller(Constructor.java:500)
at java.base/java.lang.reflect.Constructor.newInstance(Constructor.java:481)
at org.openqa.selenium.remote.W3CHandshakeResponse.lambda$errorHandler$0(W3CHandshakeResponse.java:62)
at org.openqa.selenium.remote.HandshakeResponse.lambda$getResponseFunction$0(HandshakeResponse.java:30)
at org.openqa.selenium.remote.ProtocolHandshake.lambda$createSession$0(ProtocolHandshake.java:126)
at java.base/java.util.stream.ReferencePipeline$3$1.accept(ReferencePipeline.java:195)
at java.base/java.util.Spliterators$ArraySpliterator.tryAdvance(Spliterators.java:958)
at java.base/java.util.stream.ReferencePipeline.forEachWithCancel(ReferencePipeline.java:127)
at java.base/java.util.stream.AbstractPipeline.copyIntoWithCancel(AbstractPipeline.java:502)
at java.base/java.util.stream.AbstractPipeline.copyInto(AbstractPipeline.java:488)
at java.base/java.util.stream.AbstractPipeline.wrapAndCopyInto(AbstractPipeline.java:474)
at java.base/java.util.stream.FindOps$FindOp.evaluateSequential(FindOps.java:150)
at java.base/java.util.stream.AbstractPipeline.evaluate(AbstractPipeline.java:234)
at java.base/java.util.stream.ReferencePipeline.findFirst(ReferencePipeline.java:543)
at org.openqa.selenium.remote.ProtocolHandshake.createSession(ProtocolHandshake.java:128)
at org.openqa.selenium.remote.ProtocolHandshake.createSession(ProtocolHandshake.java:74)
at org.openqa.selenium.remote.HttpCommandExecutor.execute(HttpCommandExecutor.java:136)
at org.openqa.selenium.remote.service.DriverCommandExecutor.execute(DriverCommandExecutor.java:83)
at org.openqa.selenium.remote.RemoteWebDriver.execute(RemoteWebDriver.java:552)
at org.openqa.selenium.remote.RemoteWebDriver.startSession(RemoteWebDriver.java:213)
at org.openqa.selenium.remote.RemoteWebDriver.<init>(RemoteWebDriver.java:131)
at org.openqa.selenium.chrome.ChromeDriver.<init>(ChromeDriver.java:181)
at org.openqa.selenium.chrome.ChromeDriver.<init>(ChromeDriver.java:168)
at org.openqa.selenium.chrome.ChromeDriver.<init>(ChromeDriver.java:123)
at Core.Base.webDriver(Base.java:17)
at java.base/jdk.internal.reflect.NativeMethodAccessorImpl.invoke0(Native Method)
at java.base/jdk.internal.reflect.NativeMethodAccessorImpl.invoke(NativeMethodAccessorImpl.java:62)
at java.base/jdk.internal.reflect.DelegatingMethodAccessorImpl.invoke(DelegatingMethodAccessorImpl.java:43)
at java.base/java.lang.reflect.Method.invoke(Method.java:564)
at org.testng.internal.MethodInvocationHelper.invokeMethod(MethodInvocationHelper.java:132)
at org.testng.internal.MethodInvocationHelper.invokeMethodConsideringTimeout(MethodInvocationHelper.java:61)
at org.testng.internal.ConfigInvoker.invokeConfigurationMethod(ConfigInvoker.java:366)
at org.testng.internal.ConfigInvoker.invokeConfigurations(ConfigInvoker.java:320)
at org.testng.SuiteRunner.privateRun(SuiteRunner.java:327)
at org.testng.SuiteRunner.run(SuiteRunner.java:286)
at org.testng.SuiteRunnerWorker.runSuite(SuiteRunnerWorker.java:53)
at org.testng.SuiteRunnerWorker.run(SuiteRunnerWorker.java:96)
at org.testng.TestNG.runSuitesSequentially(TestNG.java:1218)
at org.testng.TestNG.runSuitesLocally(TestNG.java:1140)
at org.testng.TestNG.runSuites(TestNG.java:1069)
at org.testng.TestNG.run(TestNG.java:1037)
at org.testng.remote.AbstractRemoteTestNG.run(AbstractRemoteTestNG.java:115)
at org.testng.remote.RemoteTestNG.initAndRun(RemoteTestNG.java:251)
at org.testng.remote.RemoteTestNG.main(RemoteTestNG.java:77)
]]>
            </full-stacktrace>
          </exception> <!-- org.openqa.selenium.SessionNotCreatedException -->
          <reporter-output>
          </reporter-output>
        </test-method> <!-- Call_waiter -->
        <test-method signature="payment_request()[pri:3, instance:dine_in.Requests@2fd1433e]" started-at="2021-03-14T10:13:33 EET" name="payment_request" finished-at="2021-03-14T10:13:33 EET" duration-ms="0" status="SKIP">
          <exception class="org.openqa.selenium.SessionNotCreatedException">
            <message>
              <![CDATA[session not created: This version of ChromeDriver only supports Chrome version 86
Current browser version is 89.0.4389.82 with binary path C:\Program Files\Google\Chrome\Application\chrome.exe
Build info: version: '3.141.59', revision: 'e82be7d358', time: '2018-11-14T08:17:03'
System info: host: 'DESKTOP-QOP9CLH', ip: '192.168.1.5', os.name: 'Windows 10', os.arch: 'amd64', os.version: '10.0', java.version: '14.0.2'
Driver info: driver.version: ChromeDriver
remote stacktrace: Backtrace:
Ordinal0 [0x0040C013+3194899]
Ordinal0 [0x002F6021+2056225]
Ordinal0 [0x0018F608+587272]
Ordinal0 [0x00111BF3+72691]
Ordinal0 [0x0010E229+57897]
Ordinal0 [0x0010C64A+50762]
Ordinal0 [0x00131EE9+204521]
Ordinal0 [0x00131D0D+204045]
Ordinal0 [0x0012FC1B+195611]
Ordinal0 [0x00113B7F+80767]
Ordinal0 [0x00114B4E+84814]
Ordinal0 [0x00114AD9+84697]
Ordinal0 [0x0030CE64+2149988]
GetHandleVerifier [0x0057BE95+1400773]
GetHandleVerifier [0x0057BB61+1399953]
GetHandleVerifier [0x005831FA+1430314]
GetHandleVerifier [0x0057C69F+1402831]
Ordinal0 [0x00303D61+2112865]
Ordinal0 [0x0030E5CB+2155979]
Ordinal0 [0x0030E6F5+2156277]
Ordinal0 [0x0031F26E+2224750]
BaseThreadInitThunk [0x76AFFA29+25]
RtlGetAppContainerNamedObjectPath [0x77AE76B4+228]
RtlGetAppContainerNamedObjectPath [0x77AE7684+180]
]]>
            </message>
            <full-stacktrace>
              <![CDATA[org.openqa.selenium.SessionNotCreatedException: session not created: This version of ChromeDriver only supports Chrome version 86
Current browser version is 89.0.4389.82 with binary path C:\Program Files\Google\Chrome\Application\chrome.exe
Build info: version: '3.141.59', revision: 'e82be7d358', time: '2018-11-14T08:17:03'
System info: host: 'DESKTOP-QOP9CLH', ip: '192.168.1.5', os.name: 'Windows 10', os.arch: 'amd64', os.version: '10.0', java.version: '14.0.2'
Driver info: driver.version: ChromeDriver
remote stacktrace: Backtrace:
Ordinal0 [0x0040C013+3194899]
Ordinal0 [0x002F6021+2056225]
Ordinal0 [0x0018F608+587272]
Ordinal0 [0x00111BF3+72691]
Ordinal0 [0x0010E229+57897]
Ordinal0 [0x0010C64A+50762]
Ordinal0 [0x00131EE9+204521]
Ordinal0 [0x00131D0D+204045]
Ordinal0 [0x0012FC1B+195611]
Ordinal0 [0x00113B7F+80767]
Ordinal0 [0x00114B4E+84814]
Ordinal0 [0x00114AD9+84697]
Ordinal0 [0x0030CE64+2149988]
GetHandleVerifier [0x0057BE95+1400773]
GetHandleVerifier [0x0057BB61+1399953]
GetHandleVerifier [0x005831FA+1430314]
GetHandleVerifier [0x0057C69F+1402831]
Ordinal0 [0x00303D61+2112865]
Ordinal0 [0x0030E5CB+2155979]
Ordinal0 [0x0030E6F5+2156277]
Ordinal0 [0x0031F26E+2224750]
BaseThreadInitThunk [0x76AFFA29+25]
RtlGetAppContainerNamedObjectPath [0x77AE76B4+228]
RtlGetAppContainerNamedObjectPath [0x77AE7684+180]

at java.base/jdk.internal.reflect.NativeConstructorAccessorImpl.newInstance0(Native Method)
at java.base/jdk.internal.reflect.NativeConstructorAccessorImpl.newInstance(NativeConstructorAccessorImpl.java:62)
at java.base/jdk.internal.reflect.DelegatingConstructorAccessorImpl.newInstance(DelegatingConstructorAccessorImpl.java:45)
at java.base/java.lang.reflect.Constructor.newInstanceWithCaller(Constructor.java:500)
at java.base/java.lang.reflect.Constructor.newInstance(Constructor.java:481)
at org.openqa.selenium.remote.W3CHandshakeResponse.lambda$errorHandler$0(W3CHandshakeResponse.java:62)
at org.openqa.selenium.remote.HandshakeResponse.lambda$getResponseFunction$0(HandshakeResponse.java:30)
at org.openqa.selenium.remote.ProtocolHandshake.lambda$createSession$0(ProtocolHandshake.java:126)
at java.base/java.util.stream.ReferencePipeline$3$1.accept(ReferencePipeline.java:195)
at java.base/java.util.Spliterators$ArraySpliterator.tryAdvance(Spliterators.java:958)
at java.base/java.util.stream.ReferencePipeline.forEachWithCancel(ReferencePipeline.java:127)
at java.base/java.util.stream.AbstractPipeline.copyIntoWithCancel(AbstractPipeline.java:502)
at java.base/java.util.stream.AbstractPipeline.copyInto(AbstractPipeline.java:488)
at java.base/java.util.stream.AbstractPipeline.wrapAndCopyInto(AbstractPipeline.java:474)
at java.base/java.util.stream.FindOps$FindOp.evaluateSequential(FindOps.java:150)
at java.base/java.util.stream.AbstractPipeline.evaluate(AbstractPipeline.java:234)
at java.base/java.util.stream.ReferencePipeline.findFirst(ReferencePipeline.java:543)
at org.openqa.selenium.remote.ProtocolHandshake.createSession(ProtocolHandshake.java:128)
at org.openqa.selenium.remote.ProtocolHandshake.createSession(ProtocolHandshake.java:74)
at org.openqa.selenium.remote.HttpCommandExecutor.execute(HttpCommandExecutor.java:136)
at org.openqa.selenium.remote.service.DriverCommandExecutor.execute(DriverCommandExecutor.java:83)
at org.openqa.selenium.remote.RemoteWebDriver.execute(RemoteWebDriver.java:552)
at org.openqa.selenium.remote.RemoteWebDriver.startSession(RemoteWebDriver.java:213)
at org.openqa.selenium.remote.RemoteWebDriver.<init>(RemoteWebDriver.java:131)
at org.openqa.selenium.chrome.ChromeDriver.<init>(ChromeDriver.java:181)
at org.openqa.selenium.chrome.ChromeDriver.<init>(ChromeDriver.java:168)
at org.openqa.selenium.chrome.ChromeDriver.<init>(ChromeDriver.java:123)
at Core.Base.webDriver(Base.java:17)
at java.base/jdk.internal.reflect.NativeMethodAccessorImpl.invoke0(Native Method)
at java.base/jdk.internal.reflect.NativeMethodAccessorImpl.invoke(NativeMethodAccessorImpl.java:62)
at java.base/jdk.internal.reflect.DelegatingMethodAccessorImpl.invoke(DelegatingMethodAccessorImpl.java:43)
at java.base/java.lang.reflect.Method.invoke(Method.java:564)
at org.testng.internal.MethodInvocationHelper.invokeMethod(MethodInvocationHelper.java:132)
at org.testng.internal.MethodInvocationHelper.invokeMethodConsideringTimeout(MethodInvocationHelper.java:61)
at org.testng.internal.ConfigInvoker.invokeConfigurationMethod(ConfigInvoker.java:366)
at org.testng.internal.ConfigInvoker.invokeConfigurations(ConfigInvoker.java:320)
at org.testng.SuiteRunner.privateRun(SuiteRunner.java:327)
at org.testng.SuiteRunner.run(SuiteRunner.java:286)
at org.testng.SuiteRunnerWorker.runSuite(SuiteRunnerWorker.java:53)
at org.testng.SuiteRunnerWorker.run(SuiteRunnerWorker.java:96)
at org.testng.TestNG.runSuitesSequentially(TestNG.java:1218)
at org.testng.TestNG.runSuitesLocally(TestNG.java:1140)
at org.testng.TestNG.runSuites(TestNG.java:1069)
at org.testng.TestNG.run(TestNG.java:1037)
at org.testng.remote.AbstractRemoteTestNG.run(AbstractRemoteTestNG.java:115)
at org.testng.remote.RemoteTestNG.initAndRun(RemoteTestNG.java:251)
at org.testng.remote.RemoteTestNG.main(RemoteTestNG.java:77)
]]>
            </full-stacktrace>
          </exception> <!-- org.openqa.selenium.SessionNotCreatedException -->
          <reporter-output>
          </reporter-output>
        </test-method> <!-- payment_request -->
        <test-method signature="Register_Delivery()[pri:4, instance:dine_in.Requests@2fd1433e]" started-at="2021-03-14T10:13:33 EET" name="Register_Delivery" finished-at="2021-03-14T10:13:33 EET" duration-ms="0" status="SKIP">
          <exception class="org.openqa.selenium.SessionNotCreatedException">
            <message>
              <![CDATA[session not created: This version of ChromeDriver only supports Chrome version 86
Current browser version is 89.0.4389.82 with binary path C:\Program Files\Google\Chrome\Application\chrome.exe
Build info: version: '3.141.59', revision: 'e82be7d358', time: '2018-11-14T08:17:03'
System info: host: 'DESKTOP-QOP9CLH', ip: '192.168.1.5', os.name: 'Windows 10', os.arch: 'amd64', os.version: '10.0', java.version: '14.0.2'
Driver info: driver.version: ChromeDriver
remote stacktrace: Backtrace:
Ordinal0 [0x0040C013+3194899]
Ordinal0 [0x002F6021+2056225]
Ordinal0 [0x0018F608+587272]
Ordinal0 [0x00111BF3+72691]
Ordinal0 [0x0010E229+57897]
Ordinal0 [0x0010C64A+50762]
Ordinal0 [0x00131EE9+204521]
Ordinal0 [0x00131D0D+204045]
Ordinal0 [0x0012FC1B+195611]
Ordinal0 [0x00113B7F+80767]
Ordinal0 [0x00114B4E+84814]
Ordinal0 [0x00114AD9+84697]
Ordinal0 [0x0030CE64+2149988]
GetHandleVerifier [0x0057BE95+1400773]
GetHandleVerifier [0x0057BB61+1399953]
GetHandleVerifier [0x005831FA+1430314]
GetHandleVerifier [0x0057C69F+1402831]
Ordinal0 [0x00303D61+2112865]
Ordinal0 [0x0030E5CB+2155979]
Ordinal0 [0x0030E6F5+2156277]
Ordinal0 [0x0031F26E+2224750]
BaseThreadInitThunk [0x76AFFA29+25]
RtlGetAppContainerNamedObjectPath [0x77AE76B4+228]
RtlGetAppContainerNamedObjectPath [0x77AE7684+180]
]]>
            </message>
            <full-stacktrace>
              <![CDATA[org.openqa.selenium.SessionNotCreatedException: session not created: This version of ChromeDriver only supports Chrome version 86
Current browser version is 89.0.4389.82 with binary path C:\Program Files\Google\Chrome\Application\chrome.exe
Build info: version: '3.141.59', revision: 'e82be7d358', time: '2018-11-14T08:17:03'
System info: host: 'DESKTOP-QOP9CLH', ip: '192.168.1.5', os.name: 'Windows 10', os.arch: 'amd64', os.version: '10.0', java.version: '14.0.2'
Driver info: driver.version: ChromeDriver
remote stacktrace: Backtrace:
Ordinal0 [0x0040C013+3194899]
Ordinal0 [0x002F6021+2056225]
Ordinal0 [0x0018F608+587272]
Ordinal0 [0x00111BF3+72691]
Ordinal0 [0x0010E229+57897]
Ordinal0 [0x0010C64A+50762]
Ordinal0 [0x00131EE9+204521]
Ordinal0 [0x00131D0D+204045]
Ordinal0 [0x0012FC1B+195611]
Ordinal0 [0x00113B7F+80767]
Ordinal0 [0x00114B4E+84814]
Ordinal0 [0x00114AD9+84697]
Ordinal0 [0x0030CE64+2149988]
GetHandleVerifier [0x0057BE95+1400773]
GetHandleVerifier [0x0057BB61+1399953]
GetHandleVerifier [0x005831FA+1430314]
GetHandleVerifier [0x0057C69F+1402831]
Ordinal0 [0x00303D61+2112865]
Ordinal0 [0x0030E5CB+2155979]
Ordinal0 [0x0030E6F5+2156277]
Ordinal0 [0x0031F26E+2224750]
BaseThreadInitThunk [0x76AFFA29+25]
RtlGetAppContainerNamedObjectPath [0x77AE76B4+228]
RtlGetAppContainerNamedObjectPath [0x77AE7684+180]

at java.base/jdk.internal.reflect.NativeConstructorAccessorImpl.newInstance0(Native Method)
at java.base/jdk.internal.reflect.NativeConstructorAccessorImpl.newInstance(NativeConstructorAccessorImpl.java:62)
at java.base/jdk.internal.reflect.DelegatingConstructorAccessorImpl.newInstance(DelegatingConstructorAccessorImpl.java:45)
at java.base/java.lang.reflect.Constructor.newInstanceWithCaller(Constructor.java:500)
at java.base/java.lang.reflect.Constructor.newInstance(Constructor.java:481)
at org.openqa.selenium.remote.W3CHandshakeResponse.lambda$errorHandler$0(W3CHandshakeResponse.java:62)
at org.openqa.selenium.remote.HandshakeResponse.lambda$getResponseFunction$0(HandshakeResponse.java:30)
at org.openqa.selenium.remote.ProtocolHandshake.lambda$createSession$0(ProtocolHandshake.java:126)
at java.base/java.util.stream.ReferencePipeline$3$1.accept(ReferencePipeline.java:195)
at java.base/java.util.Spliterators$ArraySpliterator.tryAdvance(Spliterators.java:958)
at java.base/java.util.stream.ReferencePipeline.forEachWithCancel(ReferencePipeline.java:127)
at java.base/java.util.stream.AbstractPipeline.copyIntoWithCancel(AbstractPipeline.java:502)
at java.base/java.util.stream.AbstractPipeline.copyInto(AbstractPipeline.java:488)
at java.base/java.util.stream.AbstractPipeline.wrapAndCopyInto(AbstractPipeline.java:474)
at java.base/java.util.stream.FindOps$FindOp.evaluateSequential(FindOps.java:150)
at java.base/java.util.stream.AbstractPipeline.evaluate(AbstractPipeline.java:234)
at java.base/java.util.stream.ReferencePipeline.findFirst(ReferencePipeline.java:543)
at org.openqa.selenium.remote.ProtocolHandshake.createSession(ProtocolHandshake.java:128)
at org.openqa.selenium.remote.ProtocolHandshake.createSession(ProtocolHandshake.java:74)
at org.openqa.selenium.remote.HttpCommandExecutor.execute(HttpCommandExecutor.java:136)
at org.openqa.selenium.remote.service.DriverCommandExecutor.execute(DriverCommandExecutor.java:83)
at org.openqa.selenium.remote.RemoteWebDriver.execute(RemoteWebDriver.java:552)
at org.openqa.selenium.remote.RemoteWebDriver.startSession(RemoteWebDriver.java:213)
at org.openqa.selenium.remote.RemoteWebDriver.<init>(RemoteWebDriver.java:131)
at org.openqa.selenium.chrome.ChromeDriver.<init>(ChromeDriver.java:181)
at org.openqa.selenium.chrome.ChromeDriver.<init>(ChromeDriver.java:168)
at org.openqa.selenium.chrome.ChromeDriver.<init>(ChromeDriver.java:123)
at Core.Base.webDriver(Base.java:17)
at java.base/jdk.internal.reflect.NativeMethodAccessorImpl.invoke0(Native Method)
at java.base/jdk.internal.reflect.NativeMethodAccessorImpl.invoke(NativeMethodAccessorImpl.java:62)
at java.base/jdk.internal.reflect.DelegatingMethodAccessorImpl.invoke(DelegatingMethodAccessorImpl.java:43)
at java.base/java.lang.reflect.Method.invoke(Method.java:564)
at org.testng.internal.MethodInvocationHelper.invokeMethod(MethodInvocationHelper.java:132)
at org.testng.internal.MethodInvocationHelper.invokeMethodConsideringTimeout(MethodInvocationHelper.java:61)
at org.testng.internal.ConfigInvoker.invokeConfigurationMethod(ConfigInvoker.java:366)
at org.testng.internal.ConfigInvoker.invokeConfigurations(ConfigInvoker.java:320)
at org.testng.SuiteRunner.privateRun(SuiteRunner.java:327)
at org.testng.SuiteRunner.run(SuiteRunner.java:286)
at org.testng.SuiteRunnerWorker.runSuite(SuiteRunnerWorker.java:53)
at org.testng.SuiteRunnerWorker.run(SuiteRunnerWorker.java:96)
at org.testng.TestNG.runSuitesSequentially(TestNG.java:1218)
at org.testng.TestNG.runSuitesLocally(TestNG.java:1140)
at org.testng.TestNG.runSuites(TestNG.java:1069)
at org.testng.TestNG.run(TestNG.java:1037)
at org.testng.remote.AbstractRemoteTestNG.run(AbstractRemoteTestNG.java:115)
at org.testng.remote.RemoteTestNG.initAndRun(RemoteTestNG.java:251)
at org.testng.remote.RemoteTestNG.main(RemoteTestNG.java:77)
]]>
            </full-stacktrace>
          </exception> <!-- org.openqa.selenium.SessionNotCreatedException -->
          <reporter-output>
          </reporter-output>
        </test-method> <!-- Register_Delivery -->
      </class> <!-- dine_in.Requests -->
    </test> <!-- Dine_in -->
  </suite> <!-- Test Suite -->
</testng-results>
