<?xml version="1.0" encoding="UTF-8"?>
<!-- Generated by org.testng.reporters.JUnitXMLReporter -->
<testsuite ignored="2" hostname="DESKTOP-QOP9CLH" failures="0" tests="18" name="Dine_in" time="0.169" errors="0" timestamp="2021-03-14T10:13:33 EET">
  <testcase classname="Core.Base" name="@BeforeSuite webDriver" time="7.173">
    <failure type="org.openqa.selenium.SessionNotCreatedException" message="session not created: This version of ChromeDriver only supports Chrome version 86
Current browser version is 89.0.4389.82 with binary path C:\Program Files\Google\Chrome\Application\chrome.exe
Build info: version: &amp;apos;3.141.59&amp;apos;, revision: &amp;apos;e82be7d358&amp;apos;, time: &amp;apos;2018-11-14T08:17:03&amp;apos;
System info: host: &amp;apos;DESKTOP-QOP9CLH&amp;apos;, ip: &amp;apos;192.168.1.5&amp;apos;, os.name: &amp;apos;Windows 10&amp;apos;, os.arch: &amp;apos;amd64&amp;apos;, os.version: &amp;apos;10.0&amp;apos;, java.version: &amp;apos;14.0.2&amp;apos;
Driver info: driver.version: ChromeDriver
remote stacktrace: Backtrace:
	Ordinal0 [0x0040C013+3194899]
	Ordinal0 [0x002F6021+2056225]
	Ordinal0 [0x0018F608+587272]
	Ordinal0 [0x00111BF3+72691]
	Ordinal0 [0x0010E229+57897]
	Ordinal0 [0x0010C64A+50762]
	Ordinal0 [0x00131EE9+204521]
	Ordinal0 [0x00131D0D+204045]
	Ordinal0 [0x0012FC1B+195611]
	Ordinal0 [0x00113B7F+80767]
	Ordinal0 [0x00114B4E+84814]
	Ordinal0 [0x00114AD9+84697]
	Ordinal0 [0x0030CE64+2149988]
	GetHandleVerifier [0x0057BE95+1400773]
	GetHandleVerifier [0x0057BB61+1399953]
	GetHandleVerifier [0x005831FA+1430314]
	GetHandleVerifier [0x0057C69F+1402831]
	Ordinal0 [0x00303D61+2112865]
	Ordinal0 [0x0030E5CB+2155979]
	Ordinal0 [0x0030E6F5+2156277]
	Ordinal0 [0x0031F26E+2224750]
	BaseThreadInitThunk [0x76AFFA29+25]
	RtlGetAppContainerNamedObjectPath [0x77AE76B4+228]
	RtlGetAppContainerNamedObjectPath [0x77AE7684+180]
">
      <![CDATA[org.openqa.selenium.SessionNotCreatedException: session not created: This version of ChromeDriver only supports Chrome version 86
Current browser version is 89.0.4389.82 with binary path C:\Program Files\Google\Chrome\Application\chrome.exe
Build info: version: '3.141.59', revision: 'e82be7d358', time: '2018-11-14T08:17:03'
System info: host: 'DESKTOP-QOP9CLH', ip: '192.168.1.5', os.name: 'Windows 10', os.arch: 'amd64', os.version: '10.0', java.version: '14.0.2'
Driver info: driver.version: ChromeDriver
remote stacktrace: Backtrace:
Ordinal0 [0x0040C013+3194899]
Ordinal0 [0x002F6021+2056225]
Ordinal0 [0x0018F608+587272]
Ordinal0 [0x00111BF3+72691]
Ordinal0 [0x0010E229+57897]
Ordinal0 [0x0010C64A+50762]
Ordinal0 [0x00131EE9+204521]
Ordinal0 [0x00131D0D+204045]
Ordinal0 [0x0012FC1B+195611]
Ordinal0 [0x00113B7F+80767]
Ordinal0 [0x00114B4E+84814]
Ordinal0 [0x00114AD9+84697]
Ordinal0 [0x0030CE64+2149988]
GetHandleVerifier [0x0057BE95+1400773]
GetHandleVerifier [0x0057BB61+1399953]
GetHandleVerifier [0x005831FA+1430314]
GetHandleVerifier [0x0057C69F+1402831]
Ordinal0 [0x00303D61+2112865]
Ordinal0 [0x0030E5CB+2155979]
Ordinal0 [0x0030E6F5+2156277]
Ordinal0 [0x0031F26E+2224750]
BaseThreadInitThunk [0x76AFFA29+25]
RtlGetAppContainerNamedObjectPath [0x77AE76B4+228]
RtlGetAppContainerNamedObjectPath [0x77AE7684+180]

at org.openqa.selenium.remote.W3CHandshakeResponse.lambda$errorHandler$0(W3CHandshakeResponse.java:62)
at org.openqa.selenium.remote.HandshakeResponse.lambda$getResponseFunction$0(HandshakeResponse.java:30)
at org.openqa.selenium.remote.ProtocolHandshake.lambda$createSession$0(ProtocolHandshake.java:126)
at java.base/java.util.stream.ReferencePipeline$3$1.accept(ReferencePipeline.java:195)
at java.base/java.util.Spliterators$ArraySpliterator.tryAdvance(Spliterators.java:958)
at java.base/java.util.stream.ReferencePipeline.forEachWithCancel(ReferencePipeline.java:127)
at java.base/java.util.stream.AbstractPipeline.copyIntoWithCancel(AbstractPipeline.java:502)
at java.base/java.util.stream.AbstractPipeline.copyInto(AbstractPipeline.java:488)
at java.base/java.util.stream.AbstractPipeline.wrapAndCopyInto(AbstractPipeline.java:474)
at java.base/java.util.stream.FindOps$FindOp.evaluateSequential(FindOps.java:150)
at java.base/java.util.stream.AbstractPipeline.evaluate(AbstractPipeline.java:234)
at java.base/java.util.stream.ReferencePipeline.findFirst(ReferencePipeline.java:543)
at org.openqa.selenium.remote.ProtocolHandshake.createSession(ProtocolHandshake.java:128)
at org.openqa.selenium.remote.ProtocolHandshake.createSession(ProtocolHandshake.java:74)
at org.openqa.selenium.remote.HttpCommandExecutor.execute(HttpCommandExecutor.java:136)
at org.openqa.selenium.remote.service.DriverCommandExecutor.execute(DriverCommandExecutor.java:83)
at org.openqa.selenium.remote.RemoteWebDriver.execute(RemoteWebDriver.java:552)
at org.openqa.selenium.remote.RemoteWebDriver.startSession(RemoteWebDriver.java:213)
at org.openqa.selenium.remote.RemoteWebDriver.<init>(RemoteWebDriver.java:131)
at org.openqa.selenium.chrome.ChromeDriver.<init>(ChromeDriver.java:181)
at org.openqa.selenium.chrome.ChromeDriver.<init>(ChromeDriver.java:168)
at org.openqa.selenium.chrome.ChromeDriver.<init>(ChromeDriver.java:123)
at Core.Base.webDriver(Base.java:17)
... Removed 24 stack frames]]>
    </failure>
  </testcase> <!-- @BeforeSuite webDriver -->
  <testcase classname="restaurant.Login" name="login_button" time="0.0">
    <skipped/>
  </testcase> <!-- login_button -->
  <testcase classname="restaurant.Login" name="empty_filds" time="0.0">
    <skipped/>
  </testcase> <!-- empty_filds -->
  <testcase classname="restaurant.Login" name="invalid_credintial" time="0.0">
    <skipped/>
  </testcase> <!-- invalid_credintial -->
  <testcase classname="restaurant.Login" name="valid_credintial" time="0.0">
    <skipped/>
  </testcase> <!-- valid_credintial -->
  <testcase classname="dine_in.Settings" name="DineInSetting_negative_numbers" time="0.0">
    <skipped/>
  </testcase> <!-- DineInSetting_negative_numbers -->
  <testcase classname="dine_in.Settings" name="DineInSetting_positive_numbers" time="0.0">
    <skipped/>
  </testcase> <!-- DineInSetting_positive_numbers -->
  <testcase classname="dine_in.Settings" name="payment_methods" time="0.0">
    <skipped/>
  </testcase> <!-- payment_methods -->
  <testcase classname="dine_in.Requests" name="Create_Order" time="0.0">
    <skipped/>
  </testcase> <!-- Create_Order -->
  <testcase classname="dine_in.Requests" name="Call_waiter" time="0.0">
    <skipped/>
  </testcase> <!-- Call_waiter -->
  <testcase classname="dine_in.Requests" name="payment_request" time="0.0">
    <skipped/>
  </testcase> <!-- payment_request -->
  <testcase classname="dine_in.Requests" name="Register_Delivery" time="0.0">
    <skipped/>
  </testcase> <!-- Register_Delivery -->
  <testcase classname="dine_in.Edit_Order" name="operations_page" time="0.0">
    <skipped/>
  </testcase> <!-- operations_page -->
  <testcase classname="dine_in.Edit_Order" name="status_order" time="0.0">
    <skipped/>
  </testcase> <!-- status_order -->
  <testcase classname="dine_in.Edit_Order" name="edit_order" time="0.0">
    <skipped/>
  </testcase> <!-- edit_order -->
  <testcase classname="dine_in.Edit_Order" name="get_data" time="0.0">
    <skipped/>
  </testcase> <!-- get_data -->
  <testcase classname="dine_in.Edit_Order" name="call_waiter" time="0.0">
    <skipped/>
  </testcase> <!-- call_waiter -->
  <testcase classname="dine_in.Edit_Order" name="payment_data" time="0.0">
    <skipped/>
  </testcase> <!-- payment_data -->
  <testcase classname="dine_in.Edit_Order" name="payment" time="0.0">
    <skipped/>
  </testcase> <!-- payment -->
  <testcase classname="Core.Base" name="@BeforeSuite webDriver" time="0.0">
    <ignored/>
  </testcase> <!-- @BeforeSuite webDriver -->
  <testcase classname="Core.Base" name="@BeforeSuite webDriver" time="0.0">
    <ignored/>
  </testcase> <!-- @BeforeSuite webDriver -->
</testsuite> <!-- Dine_in -->
